Analysis & Synthesis report for top
Fri Oct 17 17:28:48 2025
Quartus Prime Version 23.1std.1 Build 993 05/14/2024 SC Lite Edition


---------------------
; Table of Contents ;
---------------------
  1. Legal Notice
  2. Analysis & Synthesis Summary
  3. Analysis & Synthesis Settings
  4. Parallel Compilation
  5. Analysis & Synthesis Source Files Read
  6. Analysis & Synthesis Resource Usage Summary
  7. Analysis & Synthesis Resource Utilization by Entity
  8. State Machine - |top|adc:adc_inst|iic_drive:iic_drive_inst|iic_state
  9. Registers Removed During Synthesis
 10. Removed Registers Triggering Further Register Optimizations
 11. General Register Statistics
 12. Inverted Register Statistics
 13. Multiplexer Restructuring Statistics (Restructuring Performed)
 14. Parameter Settings for User Entity Instance: adc:adc_inst
 15. Parameter Settings for User Entity Instance: adc:adc_inst|iic_drive:iic_drive_inst
 16. Parameter Settings for User Entity Instance: seg:seg_inst
 17. Parameter Settings for Inferred Entity Instance: adc:adc_inst|lpm_divide:Div1
 18. Parameter Settings for Inferred Entity Instance: adc:adc_inst|lpm_divide:Div0
 19. Parameter Settings for Inferred Entity Instance: adc:adc_inst|lpm_divide:Mod0
 20. Parameter Settings for Inferred Entity Instance: adc:adc_inst|lpm_divide:Div2
 21. Parameter Settings for Inferred Entity Instance: adc:adc_inst|lpm_divide:Mod1
 22. Port Connectivity Checks: "adc:adc_inst|iic_drive:iic_drive_inst"
 23. Port Connectivity Checks: "adc:adc_inst"
 24. Post-Synthesis Netlist Statistics for Top Partition
 25. Elapsed Time Per Partition
 26. Analysis & Synthesis Messages
 27. Analysis & Synthesis Suppressed Messages



----------------
; Legal Notice ;
----------------
Copyright (C) 2024  Intel Corporation. All rights reserved.
Your use of Intel Corporation's design tools, logic functions 
and other software and tools, and any partner logic 
functions, and any output files from any of the foregoing 
(including device programming or simulation files), and any 
associated documentation or information are expressly subject 
to the terms and conditions of the Intel Program License 
Subscription Agreement, the Intel Quartus Prime License Agreement,
the Intel FPGA IP License Agreement, or other applicable license
agreement, including, without limitation, that your use is for
the sole purpose of programming logic devices manufactured by
Intel and sold by Intel or its authorized distributors.  Please
refer to the applicable agreement for further details, at
https://fpgasoftware.intel.com/eula.



+-------------------------------------------------------------------------------------+
; Analysis & Synthesis Summary                                                        ;
+------------------------------------+------------------------------------------------+
; Analysis & Synthesis Status        ; Successful - Fri Oct 17 17:28:48 2025          ;
; Quartus Prime Version              ; 23.1std.1 Build 993 05/14/2024 SC Lite Edition ;
; Revision Name                      ; top                                            ;
; Top-level Entity Name              ; top                                            ;
; Family                             ; Cyclone IV E                                   ;
; Total logic elements               ; 439                                            ;
;     Total combinational functions  ; 421                                            ;
;     Dedicated logic registers      ; 128                                            ;
; Total registers                    ; 128                                            ;
; Total pins                         ; 20                                             ;
; Total virtual pins                 ; 0                                              ;
; Total memory bits                  ; 0                                              ;
; Embedded Multiplier 9-bit elements ; 0                                              ;
; Total PLLs                         ; 0                                              ;
+------------------------------------+------------------------------------------------+


+------------------------------------------------------------------------------------------------------------+
; Analysis & Synthesis Settings                                                                              ;
+------------------------------------------------------------------+--------------------+--------------------+
; Option                                                           ; Setting            ; Default Value      ;
+------------------------------------------------------------------+--------------------+--------------------+
; Device                                                           ; EP4CE6E22C8        ;                    ;
; Top-level entity name                                            ; top                ; top                ;
; Family name                                                      ; Cyclone IV E       ; Cyclone V          ;
; Use smart compilation                                            ; Off                ; Off                ;
; Enable parallel Assembler and Timing Analyzer during compilation ; On                 ; On                 ;
; Enable compact report table                                      ; Off                ; Off                ;
; Restructure Multiplexers                                         ; Auto               ; Auto               ;
; Create Debugging Nodes for IP Cores                              ; Off                ; Off                ;
; Preserve fewer node names                                        ; On                 ; On                 ;
; Intel FPGA IP Evaluation Mode                                    ; Enable             ; Enable             ;
; Verilog Version                                                  ; Verilog_2001       ; Verilog_2001       ;
; VHDL Version                                                     ; VHDL_1993          ; VHDL_1993          ;
; State Machine Processing                                         ; Auto               ; Auto               ;
; Safe State Machine                                               ; Off                ; Off                ;
; Extract Verilog State Machines                                   ; On                 ; On                 ;
; Extract VHDL State Machines                                      ; On                 ; On                 ;
; Ignore Verilog initial constructs                                ; Off                ; Off                ;
; Iteration limit for constant Verilog loops                       ; 5000               ; 5000               ;
; Iteration limit for non-constant Verilog loops                   ; 250                ; 250                ;
; Add Pass-Through Logic to Inferred RAMs                          ; On                 ; On                 ;
; Infer RAMs from Raw Logic                                        ; On                 ; On                 ;
; Parallel Synthesis                                               ; On                 ; On                 ;
; DSP Block Balancing                                              ; Auto               ; Auto               ;
; NOT Gate Push-Back                                               ; On                 ; On                 ;
; Power-Up Don't Care                                              ; On                 ; On                 ;
; Remove Redundant Logic Cells                                     ; Off                ; Off                ;
; Remove Duplicate Registers                                       ; On                 ; On                 ;
; Ignore CARRY Buffers                                             ; Off                ; Off                ;
; Ignore CASCADE Buffers                                           ; Off                ; Off                ;
; Ignore GLOBAL Buffers                                            ; Off                ; Off                ;
; Ignore ROW GLOBAL Buffers                                        ; Off                ; Off                ;
; Ignore LCELL Buffers                                             ; Off                ; Off                ;
; Ignore SOFT Buffers                                              ; On                 ; On                 ;
; Limit AHDL Integers to 32 Bits                                   ; Off                ; Off                ;
; Optimization Technique                                           ; Balanced           ; Balanced           ;
; Carry Chain Length                                               ; 70                 ; 70                 ;
; Auto Carry Chains                                                ; On                 ; On                 ;
; Auto Open-Drain Pins                                             ; On                 ; On                 ;
; Perform WYSIWYG Primitive Resynthesis                            ; Off                ; Off                ;
; Auto ROM Replacement                                             ; On                 ; On                 ;
; Auto RAM Replacement                                             ; On                 ; On                 ;
; Auto DSP Block Replacement                                       ; On                 ; On                 ;
; Auto Shift Register Replacement                                  ; Auto               ; Auto               ;
; Allow Shift Register Merging across Hierarchies                  ; Auto               ; Auto               ;
; Auto Clock Enable Replacement                                    ; On                 ; On                 ;
; Strict RAM Replacement                                           ; Off                ; Off                ;
; Allow Synchronous Control Signals                                ; On                 ; On                 ;
; Force Use of Synchronous Clear Signals                           ; Off                ; Off                ;
; Auto RAM Block Balancing                                         ; On                 ; On                 ;
; Auto RAM to Logic Cell Conversion                                ; Off                ; Off                ;
; Auto Resource Sharing                                            ; Off                ; Off                ;
; Allow Any RAM Size For Recognition                               ; Off                ; Off                ;
; Allow Any ROM Size For Recognition                               ; Off                ; Off                ;
; Allow Any Shift Register Size For Recognition                    ; Off                ; Off                ;
; Use LogicLock Constraints during Resource Balancing              ; On                 ; On                 ;
; Ignore translate_off and synthesis_off directives                ; Off                ; Off                ;
; Timing-Driven Synthesis                                          ; On                 ; On                 ;
; Report Parameter Settings                                        ; On                 ; On                 ;
; Report Source Assignments                                        ; On                 ; On                 ;
; Report Connectivity Checks                                       ; On                 ; On                 ;
; Ignore Maximum Fan-Out Assignments                               ; Off                ; Off                ;
; Synchronization Register Chain Length                            ; 2                  ; 2                  ;
; Power Optimization During Synthesis                              ; Normal compilation ; Normal compilation ;
; HDL message level                                                ; Level2             ; Level2             ;
; Suppress Register Optimization Related Messages                  ; Off                ; Off                ;
; Number of Removed Registers Reported in Synthesis Report         ; 5000               ; 5000               ;
; Number of Swept Nodes Reported in Synthesis Report               ; 5000               ; 5000               ;
; Number of Inverted Registers Reported in Synthesis Report        ; 100                ; 100                ;
; Clock MUX Protection                                             ; On                 ; On                 ;
; Auto Gated Clock Conversion                                      ; Off                ; Off                ;
; Block Design Naming                                              ; Auto               ; Auto               ;
; SDC constraint protection                                        ; Off                ; Off                ;
; Synthesis Effort                                                 ; Auto               ; Auto               ;
; Shift Register Replacement - Allow Asynchronous Clear Signal     ; On                 ; On                 ;
; Pre-Mapping Resynthesis Optimization                             ; Off                ; Off                ;
; Analysis & Synthesis Message Level                               ; Medium             ; Medium             ;
; Disable Register Merging Across Hierarchies                      ; Auto               ; Auto               ;
; Resource Aware Inference For Block RAM                           ; On                 ; On                 ;
+------------------------------------------------------------------+--------------------+--------------------+


+------------------------------------------+
; Parallel Compilation                     ;
+----------------------------+-------------+
; Processors                 ; Number      ;
+----------------------------+-------------+
; Number detected on machine ; 4           ;
; Maximum allowed            ; 4           ;
;                            ;             ;
; Average used               ; 1.00        ;
; Maximum used               ; 4           ;
;                            ;             ;
; Usage by Processor         ; % Time Used ;
;     Processor 1            ; 100.0%      ;
;     Processors 2-4         ;   0.0%      ;
+----------------------------+-------------+


+-----------------------------------------------------------------------------------------------------------------------------------------------------------------------------+
; Analysis & Synthesis Source Files Read                                                                                                                                      ;
+----------------------------------+-----------------+------------------------------+-------------------------------------------------------------------------------+---------+
; File Name with User-Entered Path ; Used in Netlist ; File Type                    ; File Name with Absolute Path                                                  ; Library ;
+----------------------------------+-----------------+------------------------------+-------------------------------------------------------------------------------+---------+
; seg.v                            ; yes             ; User Verilog HDL File        ; C:/Users/4T/Desktop/123/EX18_ADC/seg.v                                        ;         ;
; iic_drive.v                      ; yes             ; User Verilog HDL File        ; C:/Users/4T/Desktop/123/EX18_ADC/iic_drive.v                                  ;         ;
; adc.v                            ; yes             ; User Verilog HDL File        ; C:/Users/4T/Desktop/123/EX18_ADC/adc.v                                        ;         ;
; top.v                            ; yes             ; User Verilog HDL File        ; C:/Users/4T/Desktop/123/EX18_ADC/top.v                                        ;         ;
; lpm_divide.tdf                   ; yes             ; Megafunction                 ; c:/intelfpga_lite/23.1std/quartus/libraries/megafunctions/lpm_divide.tdf      ;         ;
; abs_divider.inc                  ; yes             ; Megafunction                 ; c:/intelfpga_lite/23.1std/quartus/libraries/megafunctions/abs_divider.inc     ;         ;
; sign_div_unsign.inc              ; yes             ; Megafunction                 ; c:/intelfpga_lite/23.1std/quartus/libraries/megafunctions/sign_div_unsign.inc ;         ;
; aglobal231.inc                   ; yes             ; Megafunction                 ; c:/intelfpga_lite/23.1std/quartus/libraries/megafunctions/aglobal231.inc      ;         ;
; db/lpm_divide_mhm.tdf            ; yes             ; Auto-Generated Megafunction  ; C:/Users/4T/Desktop/123/EX18_ADC/db/lpm_divide_mhm.tdf                        ;         ;
; db/sign_div_unsign_ekh.tdf       ; yes             ; Auto-Generated Megafunction  ; C:/Users/4T/Desktop/123/EX18_ADC/db/sign_div_unsign_ekh.tdf                   ;         ;
; db/alt_u_div_g4f.tdf             ; yes             ; Auto-Generated Megafunction  ; C:/Users/4T/Desktop/123/EX18_ADC/db/alt_u_div_g4f.tdf                         ;         ;
; db/add_sub_7pc.tdf               ; yes             ; Auto-Generated Megafunction  ; C:/Users/4T/Desktop/123/EX18_ADC/db/add_sub_7pc.tdf                           ;         ;
; db/add_sub_8pc.tdf               ; yes             ; Auto-Generated Megafunction  ; C:/Users/4T/Desktop/123/EX18_ADC/db/add_sub_8pc.tdf                           ;         ;
; db/lpm_divide_jhm.tdf            ; yes             ; Auto-Generated Megafunction  ; C:/Users/4T/Desktop/123/EX18_ADC/db/lpm_divide_jhm.tdf                        ;         ;
; db/sign_div_unsign_bkh.tdf       ; yes             ; Auto-Generated Megafunction  ; C:/Users/4T/Desktop/123/EX18_ADC/db/sign_div_unsign_bkh.tdf                   ;         ;
; db/alt_u_div_a4f.tdf             ; yes             ; Auto-Generated Megafunction  ; C:/Users/4T/Desktop/123/EX18_ADC/db/alt_u_div_a4f.tdf                         ;         ;
; db/lpm_divide_p9m.tdf            ; yes             ; Auto-Generated Megafunction  ; C:/Users/4T/Desktop/123/EX18_ADC/db/lpm_divide_p9m.tdf                        ;         ;
; db/lpm_divide_ihm.tdf            ; yes             ; Auto-Generated Megafunction  ; C:/Users/4T/Desktop/123/EX18_ADC/db/lpm_divide_ihm.tdf                        ;         ;
; db/sign_div_unsign_akh.tdf       ; yes             ; Auto-Generated Megafunction  ; C:/Users/4T/Desktop/123/EX18_ADC/db/sign_div_unsign_akh.tdf                   ;         ;
; db/alt_u_div_84f.tdf             ; yes             ; Auto-Generated Megafunction  ; C:/Users/4T/Desktop/123/EX18_ADC/db/alt_u_div_84f.tdf                         ;         ;
; db/lpm_divide_m9m.tdf            ; yes             ; Auto-Generated Megafunction  ; C:/Users/4T/Desktop/123/EX18_ADC/db/lpm_divide_m9m.tdf                        ;         ;
+----------------------------------+-----------------+------------------------------+-------------------------------------------------------------------------------+---------+


+-------------------------------------------------------------+
; Analysis & Synthesis Resource Usage Summary                 ;
+---------------------------------------------+---------------+
; Resource                                    ; Usage         ;
+---------------------------------------------+---------------+
; Estimated Total logic elements              ; 439           ;
;                                             ;               ;
; Total combinational functions               ; 421           ;
; Logic element usage by number of LUT inputs ;               ;
;     -- 4 input functions                    ; 127           ;
;     -- 3 input functions                    ; 88            ;
;     -- <=2 input functions                  ; 206           ;
;                                             ;               ;
; Logic elements by mode                      ;               ;
;     -- normal mode                          ; 297           ;
;     -- arithmetic mode                      ; 124           ;
;                                             ;               ;
; Total registers                             ; 128           ;
;     -- Dedicated logic registers            ; 128           ;
;     -- I/O registers                        ; 0             ;
;                                             ;               ;
; I/O pins                                    ; 20            ;
;                                             ;               ;
; Embedded Multiplier 9-bit elements          ; 0             ;
;                                             ;               ;
; Maximum fan-out node                        ; sys_clk~input ;
; Maximum fan-out                             ; 128           ;
; Total fan-out                               ; 1614          ;
; Average fan-out                             ; 2.74          ;
+---------------------------------------------+---------------+


+-------------------------------------------------------------------------------------------------------------------------------------------------------------------------------------------------------------------------------------------------------------------------------------------------------------------------------+
; Analysis & Synthesis Resource Utilization by Entity                                                                                                                                                                                                                                                                           ;
+-------------------------------------------+---------------------+---------------------------+-------------+--------------+---------+-----------+------+--------------+-------------------------------------------------------------------------------------------------------------------+---------------------+--------------+
; Compilation Hierarchy Node                ; Combinational ALUTs ; Dedicated Logic Registers ; Memory Bits ; DSP Elements ; DSP 9x9 ; DSP 18x18 ; Pins ; Virtual Pins ; Full Hierarchy Name                                                                                               ; Entity Name         ; Library Name ;
+-------------------------------------------+---------------------+---------------------------+-------------+--------------+---------+-----------+------+--------------+-------------------------------------------------------------------------------------------------------------------+---------------------+--------------+
; |top                                      ; 421 (0)             ; 128 (0)                   ; 0           ; 0            ; 0       ; 0         ; 20   ; 0            ; |top                                                                                                              ; top                 ; work         ;
;    |adc:adc_inst|                         ; 365 (29)            ; 89 (29)                   ; 0           ; 0            ; 0       ; 0         ; 0    ; 0            ; |top|adc:adc_inst                                                                                                 ; adc                 ; work         ;
;       |iic_drive:iic_drive_inst|          ; 125 (125)           ; 60 (60)                   ; 0           ; 0            ; 0       ; 0         ; 0    ; 0            ; |top|adc:adc_inst|iic_drive:iic_drive_inst                                                                        ; iic_drive           ; work         ;
;       |lpm_divide:Div0|                   ; 56 (0)              ; 0 (0)                     ; 0           ; 0            ; 0       ; 0         ; 0    ; 0            ; |top|adc:adc_inst|lpm_divide:Div0                                                                                 ; lpm_divide          ; work         ;
;          |lpm_divide_jhm:auto_generated|  ; 56 (0)              ; 0 (0)                     ; 0           ; 0            ; 0       ; 0         ; 0    ; 0            ; |top|adc:adc_inst|lpm_divide:Div0|lpm_divide_jhm:auto_generated                                                   ; lpm_divide_jhm      ; work         ;
;             |sign_div_unsign_bkh:divider| ; 56 (0)              ; 0 (0)                     ; 0           ; 0            ; 0       ; 0         ; 0    ; 0            ; |top|adc:adc_inst|lpm_divide:Div0|lpm_divide_jhm:auto_generated|sign_div_unsign_bkh:divider                       ; sign_div_unsign_bkh ; work         ;
;                |alt_u_div_a4f:divider|    ; 56 (56)             ; 0 (0)                     ; 0           ; 0            ; 0       ; 0         ; 0    ; 0            ; |top|adc:adc_inst|lpm_divide:Div0|lpm_divide_jhm:auto_generated|sign_div_unsign_bkh:divider|alt_u_div_a4f:divider ; alt_u_div_a4f       ; work         ;
;       |lpm_divide:Div1|                   ; 18 (0)              ; 0 (0)                     ; 0           ; 0            ; 0       ; 0         ; 0    ; 0            ; |top|adc:adc_inst|lpm_divide:Div1                                                                                 ; lpm_divide          ; work         ;
;          |lpm_divide_mhm:auto_generated|  ; 18 (0)              ; 0 (0)                     ; 0           ; 0            ; 0       ; 0         ; 0    ; 0            ; |top|adc:adc_inst|lpm_divide:Div1|lpm_divide_mhm:auto_generated                                                   ; lpm_divide_mhm      ; work         ;
;             |sign_div_unsign_ekh:divider| ; 18 (0)              ; 0 (0)                     ; 0           ; 0            ; 0       ; 0         ; 0    ; 0            ; |top|adc:adc_inst|lpm_divide:Div1|lpm_divide_mhm:auto_generated|sign_div_unsign_ekh:divider                       ; sign_div_unsign_ekh ; work         ;
;                |alt_u_div_g4f:divider|    ; 18 (18)             ; 0 (0)                     ; 0           ; 0            ; 0       ; 0         ; 0    ; 0            ; |top|adc:adc_inst|lpm_divide:Div1|lpm_divide_mhm:auto_generated|sign_div_unsign_ekh:divider|alt_u_div_g4f:divider ; alt_u_div_g4f       ; work         ;
;       |lpm_divide:Div2|                   ; 43 (0)              ; 0 (0)                     ; 0           ; 0            ; 0       ; 0         ; 0    ; 0            ; |top|adc:adc_inst|lpm_divide:Div2                                                                                 ; lpm_divide          ; work         ;
;          |lpm_divide_ihm:auto_generated|  ; 43 (0)              ; 0 (0)                     ; 0           ; 0            ; 0       ; 0         ; 0    ; 0            ; |top|adc:adc_inst|lpm_divide:Div2|lpm_divide_ihm:auto_generated                                                   ; lpm_divide_ihm      ; work         ;
;             |sign_div_unsign_akh:divider| ; 43 (0)              ; 0 (0)                     ; 0           ; 0            ; 0       ; 0         ; 0    ; 0            ; |top|adc:adc_inst|lpm_divide:Div2|lpm_divide_ihm:auto_generated|sign_div_unsign_akh:divider                       ; sign_div_unsign_akh ; work         ;
;                |alt_u_div_84f:divider|    ; 43 (43)             ; 0 (0)                     ; 0           ; 0            ; 0       ; 0         ; 0    ; 0            ; |top|adc:adc_inst|lpm_divide:Div2|lpm_divide_ihm:auto_generated|sign_div_unsign_akh:divider|alt_u_div_84f:divider ; alt_u_div_84f       ; work         ;
;       |lpm_divide:Mod0|                   ; 35 (0)              ; 0 (0)                     ; 0           ; 0            ; 0       ; 0         ; 0    ; 0            ; |top|adc:adc_inst|lpm_divide:Mod0                                                                                 ; lpm_divide          ; work         ;
;          |lpm_divide_p9m:auto_generated|  ; 35 (0)              ; 0 (0)                     ; 0           ; 0            ; 0       ; 0         ; 0    ; 0            ; |top|adc:adc_inst|lpm_divide:Mod0|lpm_divide_p9m:auto_generated                                                   ; lpm_divide_p9m      ; work         ;
;             |sign_div_unsign_ekh:divider| ; 35 (0)              ; 0 (0)                     ; 0           ; 0            ; 0       ; 0         ; 0    ; 0            ; |top|adc:adc_inst|lpm_divide:Mod0|lpm_divide_p9m:auto_generated|sign_div_unsign_ekh:divider                       ; sign_div_unsign_ekh ; work         ;
;                |alt_u_div_g4f:divider|    ; 35 (35)             ; 0 (0)                     ; 0           ; 0            ; 0       ; 0         ; 0    ; 0            ; |top|adc:adc_inst|lpm_divide:Mod0|lpm_divide_p9m:auto_generated|sign_div_unsign_ekh:divider|alt_u_div_g4f:divider ; alt_u_div_g4f       ; work         ;
;       |lpm_divide:Mod1|                   ; 59 (0)              ; 0 (0)                     ; 0           ; 0            ; 0       ; 0         ; 0    ; 0            ; |top|adc:adc_inst|lpm_divide:Mod1                                                                                 ; lpm_divide          ; work         ;
;          |lpm_divide_m9m:auto_generated|  ; 59 (0)              ; 0 (0)                     ; 0           ; 0            ; 0       ; 0         ; 0    ; 0            ; |top|adc:adc_inst|lpm_divide:Mod1|lpm_divide_m9m:auto_generated                                                   ; lpm_divide_m9m      ; work         ;
;             |sign_div_unsign_bkh:divider| ; 59 (0)              ; 0 (0)                     ; 0           ; 0            ; 0       ; 0         ; 0    ; 0            ; |top|adc:adc_inst|lpm_divide:Mod1|lpm_divide_m9m:auto_generated|sign_div_unsign_bkh:divider                       ; sign_div_unsign_bkh ; work         ;
;                |alt_u_div_a4f:divider|    ; 59 (59)             ; 0 (0)                     ; 0           ; 0            ; 0       ; 0         ; 0    ; 0            ; |top|adc:adc_inst|lpm_divide:Mod1|lpm_divide_m9m:auto_generated|sign_div_unsign_bkh:divider|alt_u_div_a4f:divider ; alt_u_div_a4f       ; work         ;
;    |seg:seg_inst|                         ; 56 (56)             ; 39 (39)                   ; 0           ; 0            ; 0       ; 0         ; 0    ; 0            ; |top|seg:seg_inst                                                                                                 ; seg                 ; work         ;
+-------------------------------------------+---------------------+---------------------------+-------------+--------------+---------+-----------+------+--------------+-------------------------------------------------------------------------------------------------------------------+---------------------+--------------+
Note: For table entries with two numbers listed, the numbers in parentheses indicate the number of resources of the given type used by the specific entity alone. The numbers listed outside of parentheses indicate the total resources of the given type used by the specific entity and all of its sub-entities in the hierarchy.


Encoding Type:  One-Hot
+---------------------------------------------------------------------------------------------------------------------------------------------------------------------------------------------+
; State Machine - |top|adc:adc_inst|iic_drive:iic_drive_inst|iic_state                                                                                                                        ;
+-------------------------------+----------------+------------------+-------------------------------+------------------+-----------------------+-----------------------------+----------------+
; Name                          ; iic_state.STOP ; iic_state.R_DATA ; iic_state.R_START_DEVICE_ADDR ; iic_state.W_DATA ; iic_state.W_WORD_ADDR ; iic_state.START_DEVICE_ADDR ; iic_state.IDLE ;
+-------------------------------+----------------+------------------+-------------------------------+------------------+-----------------------+-----------------------------+----------------+
; iic_state.IDLE                ; 0              ; 0                ; 0                             ; 0                ; 0                     ; 0                           ; 0              ;
; iic_state.START_DEVICE_ADDR   ; 0              ; 0                ; 0                             ; 0                ; 0                     ; 1                           ; 1              ;
; iic_state.W_WORD_ADDR         ; 0              ; 0                ; 0                             ; 0                ; 1                     ; 0                           ; 1              ;
; iic_state.W_DATA              ; 0              ; 0                ; 0                             ; 1                ; 0                     ; 0                           ; 1              ;
; iic_state.R_START_DEVICE_ADDR ; 0              ; 0                ; 1                             ; 0                ; 0                     ; 0                           ; 1              ;
; iic_state.R_DATA              ; 0              ; 1                ; 0                             ; 0                ; 0                     ; 0                           ; 1              ;
; iic_state.STOP                ; 1              ; 0                ; 0                             ; 0                ; 0                     ; 0                           ; 1              ;
+-------------------------------+----------------+------------------+-------------------------------+------------------+-----------------------+-----------------------------+----------------+


+--------------------------------------------------------------------------------------------------------------------------------+
; Registers Removed During Synthesis                                                                                             ;
+------------------------------------------------------------+-------------------------------------------------------------------+
; Register name                                              ; Reason for Removal                                                ;
+------------------------------------------------------------+-------------------------------------------------------------------+
; seg:seg_inst|seg[7]                                        ; Stuck at VCC due to stuck port data_in                            ;
; adc:adc_inst|dsp_data[31]                                  ; Stuck at VCC due to stuck port data_in                            ;
; adc:adc_inst|dsp_data[30]                                  ; Stuck at GND due to stuck port data_in                            ;
; adc:adc_inst|dsp_data[29]                                  ; Stuck at VCC due to stuck port data_in                            ;
; adc:adc_inst|dsp_data[28]                                  ; Stuck at GND due to stuck port data_in                            ;
; adc:adc_inst|dsp_data[27]                                  ; Stuck at VCC due to stuck port data_in                            ;
; adc:adc_inst|dsp_data[26]                                  ; Stuck at GND due to stuck port data_in                            ;
; adc:adc_inst|dsp_data[25]                                  ; Stuck at VCC due to stuck port data_in                            ;
; adc:adc_inst|dsp_data[24]                                  ; Stuck at GND due to stuck port data_in                            ;
; adc:adc_inst|dsp_data[23]                                  ; Stuck at VCC due to stuck port data_in                            ;
; adc:adc_inst|dsp_data[22]                                  ; Stuck at GND due to stuck port data_in                            ;
; adc:adc_inst|dsp_data[21]                                  ; Stuck at VCC due to stuck port data_in                            ;
; adc:adc_inst|dsp_data[20]                                  ; Stuck at GND due to stuck port data_in                            ;
; adc:adc_inst|dsp_data[19]                                  ; Stuck at VCC due to stuck port data_in                            ;
; adc:adc_inst|dsp_data[18]                                  ; Stuck at GND due to stuck port data_in                            ;
; adc:adc_inst|dsp_data[17]                                  ; Stuck at VCC due to stuck port data_in                            ;
; adc:adc_inst|dsp_data[16]                                  ; Stuck at GND due to stuck port data_in                            ;
; adc:adc_inst|dsp_data[15]                                  ; Stuck at VCC due to stuck port data_in                            ;
; adc:adc_inst|dsp_data[14]                                  ; Stuck at GND due to stuck port data_in                            ;
; adc:adc_inst|dsp_data[13]                                  ; Stuck at VCC due to stuck port data_in                            ;
; adc:adc_inst|dsp_data[12]                                  ; Stuck at GND due to stuck port data_in                            ;
; adc:adc_inst|iic_drive:iic_drive_inst|word_addr_reg[0..15] ; Stuck at GND due to stuck port data_in                            ;
; adc:adc_inst|iic_drive:iic_drive_inst|wdata_reg[0..15]     ; Stuck at GND due to stuck port data_in                            ;
; adc:adc_inst|iic_drive:iic_drive_inst|bit_cnt_num[3]       ; Stuck at VCC due to stuck port data_in                            ;
; adc:adc_inst|iic_drive:iic_drive_inst|bit_cnt_num[2]       ; Stuck at GND due to stuck port data_in                            ;
; adc:adc_inst|iic_drive:iic_drive_inst|bit_cnt_num[0]       ; Merged with adc:adc_inst|iic_drive:iic_drive_inst|bit_cnt_num[1]  ;
; adc:adc_inst|iic_drive:iic_drive_inst|byte_cnt_num[0,2..6] ; Merged with adc:adc_inst|iic_drive:iic_drive_inst|byte_cnt_num[7] ;
; adc:adc_inst|iic_drive:iic_drive_inst|byte_cnt_num[7]      ; Stuck at GND due to stuck port data_in                            ;
; adc:adc_inst|adc_bcd[10,11]                                ; Stuck at GND due to stuck port data_in                            ;
; adc:adc_inst|dsp_data[10]                                  ; Stuck at GND due to stuck port data_in                            ;
; Total Number of Removed Registers = 66                     ;                                                                   ;
+------------------------------------------------------------+-------------------------------------------------------------------+


+-----------------------------------------------------------------------------------------------+
; Removed Registers Triggering Further Register Optimizations                                   ;
+--------------------------+---------------------------+----------------------------------------+
; Register name            ; Reason for Removal        ; Registers Removed due to This Register ;
+--------------------------+---------------------------+----------------------------------------+
; adc:adc_inst|adc_bcd[10] ; Stuck at GND              ; adc:adc_inst|dsp_data[10]              ;
;                          ; due to stuck port data_in ;                                        ;
+--------------------------+---------------------------+----------------------------------------+


+------------------------------------------------------+
; General Register Statistics                          ;
+----------------------------------------------+-------+
; Statistic                                    ; Value ;
+----------------------------------------------+-------+
; Total registers                              ; 128   ;
; Number of registers using Synchronous Clear  ; 24    ;
; Number of registers using Synchronous Load   ; 0     ;
; Number of registers using Asynchronous Clear ; 114   ;
; Number of registers using Asynchronous Load  ; 0     ;
; Number of registers using Clock Enable       ; 40    ;
; Number of registers using Preset             ; 0     ;
+----------------------------------------------+-------+


+-----------------------------------------------------------+
; Inverted Register Statistics                              ;
+-------------------------------------------------+---------+
; Inverted Register                               ; Fan out ;
+-------------------------------------------------+---------+
; seg:seg_inst|seg[0]                             ; 1       ;
; seg:seg_inst|seg[1]                             ; 1       ;
; seg:seg_inst|seg[2]                             ; 1       ;
; seg:seg_inst|seg[3]                             ; 1       ;
; seg:seg_inst|seg[4]                             ; 1       ;
; seg:seg_inst|seg[5]                             ; 1       ;
; seg:seg_inst|seg[6]                             ; 1       ;
; seg:seg_inst|sel[0]                             ; 1       ;
; seg:seg_inst|sel[1]                             ; 1       ;
; seg:seg_inst|sel[2]                             ; 1       ;
; seg:seg_inst|sel[3]                             ; 1       ;
; seg:seg_inst|sel[4]                             ; 1       ;
; seg:seg_inst|sel[5]                             ; 1       ;
; seg:seg_inst|sel[6]                             ; 1       ;
; seg:seg_inst|sel[7]                             ; 1       ;
; adc:adc_inst|iic_drive:iic_drive_inst|iic_scl   ; 2       ;
; adc:adc_inst|dsp_data[5]                        ; 1       ;
; adc:adc_inst|dsp_data[1]                        ; 1       ;
; adc:adc_inst|dsp_data[9]                        ; 1       ;
; adc:adc_inst|dsp_data[7]                        ; 1       ;
; adc:adc_inst|dsp_data[3]                        ; 1       ;
; adc:adc_inst|dsp_data[11]                       ; 1       ;
; adc:adc_inst|iic_drive:iic_drive_inst|iic_ready ; 4       ;
; adc:adc_inst|iic_drive:iic_drive_inst|sda_out   ; 6       ;
; adc:adc_inst|iic_drive:iic_drive_inst|sda_ctrl  ; 3       ;
; Total number of inverted registers = 25         ;         ;
+-------------------------------------------------+---------+


+----------------------------------------------------------------------------------------------------------------------------------------------------------------------+
; Multiplexer Restructuring Statistics (Restructuring Performed)                                                                                                       ;
+--------------------+-----------+---------------+----------------------+------------------------+------------+--------------------------------------------------------+
; Multiplexer Inputs ; Bus Width ; Baseline Area ; Area if Restructured ; Saving if Restructured ; Registered ; Example Multiplexer Output                             ;
+--------------------+-----------+---------------+----------------------+------------------------+------------+--------------------------------------------------------+
; 3:1                ; 12 bits   ; 24 LEs        ; 12 LEs               ; 12 LEs                 ; Yes        ; |top|adc:adc_inst|iic_drive:iic_drive_inst|cnt_scl[5]  ;
; 3:1                ; 2 bits    ; 4 LEs         ; 2 LEs                ; 2 LEs                  ; Yes        ; |top|adc:adc_inst|dsp_data[8]                          ;
; 4:1                ; 4 bits    ; 8 LEs         ; 4 LEs                ; 4 LEs                  ; Yes        ; |top|adc:adc_inst|iic_drive:iic_drive_inst|bit_cnt[3]  ;
; 4:1                ; 8 bits    ; 16 LEs        ; 8 LEs                ; 8 LEs                  ; Yes        ; |top|adc:adc_inst|iic_drive:iic_drive_inst|byte_cnt[2] ;
; 16:1               ; 4 bits    ; 40 LEs        ; 12 LEs               ; 28 LEs                 ; Yes        ; |top|seg:seg_inst|bcd[0]                               ;
; 3:1                ; 2 bits    ; 4 LEs         ; 2 LEs                ; 2 LEs                  ; Yes        ; |top|adc:adc_inst|dsp_data[11]                         ;
+--------------------+-----------+---------------+----------------------+------------------------+------------+--------------------------------------------------------+


+-----------------------------------------------------------------+
; Parameter Settings for User Entity Instance: adc:adc_inst       ;
+----------------+------------------------------+-----------------+
; Parameter Name ; Value                        ; Type            ;
+----------------+------------------------------+-----------------+
; SYS_CLK        ; 0010111110101111000010000000 ; Unsigned Binary ;
; ADC_SCL        ; 0000000000011000011010100000 ; Unsigned Binary ;
; DEVICE_ADDR    ; 1010100                      ; Unsigned Binary ;
+----------------+------------------------------+-----------------+
Note: In order to hide this table in the UI and the text report file, please set the "Show Parameter Settings in Synthesis Report" option in "Analysis and Synthesis Settings -> More Settings" to "Off".


+------------------------------------------------------------------------------------+
; Parameter Settings for User Entity Instance: adc:adc_inst|iic_drive:iic_drive_inst ;
+----------------+------------------------------+------------------------------------+
; Parameter Name ; Value                        ; Type                               ;
+----------------+------------------------------+------------------------------------+
; SYS_CLK        ; 0010111110101111000010000000 ; Unsigned Binary                    ;
; IIC_SCL        ; 0000000000011000011010100000 ; Unsigned Binary                    ;
; DEVICE_ADDR    ; 1010100                      ; Unsigned Binary                    ;
; ADDR_BYTE_NUM  ; 00000010                     ; Unsigned Binary                    ;
; DATA_BYTE_NUM  ; 00000010                     ; Unsigned Binary                    ;
+----------------+------------------------------+------------------------------------+
Note: In order to hide this table in the UI and the text report file, please set the "Show Parameter Settings in Synthesis Report" option in "Analysis and Synthesis Settings -> More Settings" to "Off".


+-----------------------------------------------------------+
; Parameter Settings for User Entity Instance: seg:seg_inst ;
+----------------+------------------+-----------------------+
; Parameter Name ; Value            ; Type                  ;
+----------------+------------------+-----------------------+
; DIGIT0         ; 11000000         ; Unsigned Binary       ;
; DIGIT1         ; 11111001         ; Unsigned Binary       ;
; DIGIT2         ; 10100100         ; Unsigned Binary       ;
; DIGIT3         ; 10110000         ; Unsigned Binary       ;
; DIGIT4         ; 10011001         ; Unsigned Binary       ;
; DIGIT5         ; 10010010         ; Unsigned Binary       ;
; DIGIT6         ; 10000010         ; Unsigned Binary       ;
; DIGIT7         ; 11111000         ; Unsigned Binary       ;
; DIGIT8         ; 10000000         ; Unsigned Binary       ;
; DIGIT9         ; 10010000         ; Unsigned Binary       ;
; DIGIFF         ; 11111111         ; Unsigned Binary       ;
; COUNTER_MAX    ; 1100001101010000 ; Unsigned Binary       ;
+----------------+------------------+-----------------------+
Note: In order to hide this table in the UI and the text report file, please set the "Show Parameter Settings in Synthesis Report" option in "Analysis and Synthesis Settings -> More Settings" to "Off".


+-------------------------------------------------------------------------------+
; Parameter Settings for Inferred Entity Instance: adc:adc_inst|lpm_divide:Div1 ;
+------------------------+----------------+-------------------------------------+
; Parameter Name         ; Value          ; Type                                ;
+------------------------+----------------+-------------------------------------+
; LPM_WIDTHN             ; 8              ; Untyped                             ;
; LPM_WIDTHD             ; 7              ; Untyped                             ;
; LPM_NREPRESENTATION    ; UNSIGNED       ; Untyped                             ;
; LPM_DREPRESENTATION    ; UNSIGNED       ; Untyped                             ;
; LPM_PIPELINE           ; 0              ; Untyped                             ;
; LPM_REMAINDERPOSITIVE  ; TRUE           ; Untyped                             ;
; MAXIMIZE_SPEED         ; 5              ; Untyped                             ;
; CBXI_PARAMETER         ; lpm_divide_mhm ; Untyped                             ;
; CARRY_CHAIN            ; MANUAL         ; Untyped                             ;
; OPTIMIZE_FOR_SPEED     ; 5              ; Untyped                             ;
; AUTO_CARRY_CHAINS      ; ON             ; AUTO_CARRY                          ;
; IGNORE_CARRY_BUFFERS   ; OFF            ; IGNORE_CARRY                        ;
; AUTO_CASCADE_CHAINS    ; ON             ; AUTO_CASCADE                        ;
; IGNORE_CASCADE_BUFFERS ; OFF            ; IGNORE_CASCADE                      ;
+------------------------+----------------+-------------------------------------+
Note: In order to hide this table in the UI and the text report file, please set the "Show Parameter Settings in Synthesis Report" option in "Analysis and Synthesis Settings -> More Settings" to "Off".


+-------------------------------------------------------------------------------+
; Parameter Settings for Inferred Entity Instance: adc:adc_inst|lpm_divide:Div0 ;
+------------------------+----------------+-------------------------------------+
; Parameter Name         ; Value          ; Type                                ;
+------------------------+----------------+-------------------------------------+
; LPM_WIDTHN             ; 8              ; Untyped                             ;
; LPM_WIDTHD             ; 4              ; Untyped                             ;
; LPM_NREPRESENTATION    ; UNSIGNED       ; Untyped                             ;
; LPM_DREPRESENTATION    ; UNSIGNED       ; Untyped                             ;
; LPM_PIPELINE           ; 0              ; Untyped                             ;
; LPM_REMAINDERPOSITIVE  ; TRUE           ; Untyped                             ;
; MAXIMIZE_SPEED         ; 5              ; Untyped                             ;
; CBXI_PARAMETER         ; lpm_divide_jhm ; Untyped                             ;
; CARRY_CHAIN            ; MANUAL         ; Untyped                             ;
; OPTIMIZE_FOR_SPEED     ; 5              ; Untyped                             ;
; AUTO_CARRY_CHAINS      ; ON             ; AUTO_CARRY                          ;
; IGNORE_CARRY_BUFFERS   ; OFF            ; IGNORE_CARRY                        ;
; AUTO_CASCADE_CHAINS    ; ON             ; AUTO_CASCADE                        ;
; IGNORE_CASCADE_BUFFERS ; OFF            ; IGNORE_CASCADE                      ;
+------------------------+----------------+-------------------------------------+
Note: In order to hide this table in the UI and the text report file, please set the "Show Parameter Settings in Synthesis Report" option in "Analysis and Synthesis Settings -> More Settings" to "Off".


+-------------------------------------------------------------------------------+
; Parameter Settings for Inferred Entity Instance: adc:adc_inst|lpm_divide:Mod0 ;
+------------------------+----------------+-------------------------------------+
; Parameter Name         ; Value          ; Type                                ;
+------------------------+----------------+-------------------------------------+
; LPM_WIDTHN             ; 8              ; Untyped                             ;
; LPM_WIDTHD             ; 7              ; Untyped                             ;
; LPM_NREPRESENTATION    ; UNSIGNED       ; Untyped                             ;
; LPM_DREPRESENTATION    ; UNSIGNED       ; Untyped                             ;
; LPM_PIPELINE           ; 0              ; Untyped                             ;
; LPM_REMAINDERPOSITIVE  ; TRUE           ; Untyped                             ;
; MAXIMIZE_SPEED         ; 5              ; Untyped                             ;
; CBXI_PARAMETER         ; lpm_divide_p9m ; Untyped                             ;
; CARRY_CHAIN            ; MANUAL         ; Untyped                             ;
; OPTIMIZE_FOR_SPEED     ; 5              ; Untyped                             ;
; AUTO_CARRY_CHAINS      ; ON             ; AUTO_CARRY                          ;
; IGNORE_CARRY_BUFFERS   ; OFF            ; IGNORE_CARRY                        ;
; AUTO_CASCADE_CHAINS    ; ON             ; AUTO_CASCADE                        ;
; IGNORE_CASCADE_BUFFERS ; OFF            ; IGNORE_CASCADE                      ;
+------------------------+----------------+-------------------------------------+
Note: In order to hide this table in the UI and the text report file, please set the "Show Parameter Settings in Synthesis Report" option in "Analysis and Synthesis Settings -> More Settings" to "Off".


+-------------------------------------------------------------------------------+
; Parameter Settings for Inferred Entity Instance: adc:adc_inst|lpm_divide:Div2 ;
+------------------------+----------------+-------------------------------------+
; Parameter Name         ; Value          ; Type                                ;
+------------------------+----------------+-------------------------------------+
; LPM_WIDTHN             ; 7              ; Untyped                             ;
; LPM_WIDTHD             ; 4              ; Untyped                             ;
; LPM_NREPRESENTATION    ; UNSIGNED       ; Untyped                             ;
; LPM_DREPRESENTATION    ; UNSIGNED       ; Untyped                             ;
; LPM_PIPELINE           ; 0              ; Untyped                             ;
; LPM_REMAINDERPOSITIVE  ; TRUE           ; Untyped                             ;
; MAXIMIZE_SPEED         ; 5              ; Untyped                             ;
; CBXI_PARAMETER         ; lpm_divide_ihm ; Untyped                             ;
; CARRY_CHAIN            ; MANUAL         ; Untyped                             ;
; OPTIMIZE_FOR_SPEED     ; 5              ; Untyped                             ;
; AUTO_CARRY_CHAINS      ; ON             ; AUTO_CARRY                          ;
; IGNORE_CARRY_BUFFERS   ; OFF            ; IGNORE_CARRY                        ;
; AUTO_CASCADE_CHAINS    ; ON             ; AUTO_CASCADE                        ;
; IGNORE_CASCADE_BUFFERS ; OFF            ; IGNORE_CASCADE                      ;
+------------------------+----------------+-------------------------------------+
Note: In order to hide this table in the UI and the text report file, please set the "Show Parameter Settings in Synthesis Report" option in "Analysis and Synthesis Settings -> More Settings" to "Off".


+-------------------------------------------------------------------------------+
; Parameter Settings for Inferred Entity Instance: adc:adc_inst|lpm_divide:Mod1 ;
+------------------------+----------------+-------------------------------------+
; Parameter Name         ; Value          ; Type                                ;
+------------------------+----------------+-------------------------------------+
; LPM_WIDTHN             ; 8              ; Untyped                             ;
; LPM_WIDTHD             ; 4              ; Untyped                             ;
; LPM_NREPRESENTATION    ; UNSIGNED       ; Untyped                             ;
; LPM_DREPRESENTATION    ; UNSIGNED       ; Untyped                             ;
; LPM_PIPELINE           ; 0              ; Untyped                             ;
; LPM_REMAINDERPOSITIVE  ; TRUE           ; Untyped                             ;
; MAXIMIZE_SPEED         ; 5              ; Untyped                             ;
; CBXI_PARAMETER         ; lpm_divide_m9m ; Untyped                             ;
; CARRY_CHAIN            ; MANUAL         ; Untyped                             ;
; OPTIMIZE_FOR_SPEED     ; 5              ; Untyped                             ;
; AUTO_CARRY_CHAINS      ; ON             ; AUTO_CARRY                          ;
; IGNORE_CARRY_BUFFERS   ; OFF            ; IGNORE_CARRY                        ;
; AUTO_CASCADE_CHAINS    ; ON             ; AUTO_CASCADE                        ;
; IGNORE_CASCADE_BUFFERS ; OFF            ; IGNORE_CASCADE                      ;
+------------------------+----------------+-------------------------------------+
Note: In order to hide this table in the UI and the text report file, please set the "Show Parameter Settings in Synthesis Report" option in "Analysis and Synthesis Settings -> More Settings" to "Off".


+----------------------------------------------------------------------------------------------------------------------------------------------------------------------------------------------------------------------------+
; Port Connectivity Checks: "adc:adc_inst|iic_drive:iic_drive_inst"                                                                                                                                                          ;
+-------------------+--------+----------+------------------------------------------------------------------------------------------------------------------------------------------------------------------------------------+
; Port              ; Type   ; Severity ; Details                                                                                                                                                                            ;
+-------------------+--------+----------+------------------------------------------------------------------------------------------------------------------------------------------------------------------------------------+
; iic_ready         ; Output ; Info     ; Explicitly unconnected                                                                                                                                                             ;
; iic_rw_flag       ; Input  ; Warning  ; Input port expression (32 bits) is wider than the input port (1 bits) it drives.  The 31 most-significant bit(s) in the expression will be dangling if they have no other fanouts. ;
; iic_rw_flag[-1]   ; Input  ; Info     ; Stuck at VCC                                                                                                                                                                       ;
; iic_word_addr     ; Input  ; Warning  ; Input port expression (8 bits) is smaller than the input port (16 bits) it drives.  Extra input bit(s) "iic_word_addr[15..8]" will be connected to GND.                            ;
; iic_word_addr     ; Input  ; Info     ; Stuck at GND                                                                                                                                                                       ;
; iic_wdata         ; Input  ; Info     ; Explicitly unconnected                                                                                                                                                             ;
; iic_rdata[15..12] ; Output ; Info     ; Connected to dangling logic. Logic that only feeds a dangling port will be removed.                                                                                                ;
; iic_rdata[3..0]   ; Output ; Info     ; Connected to dangling logic. Logic that only feeds a dangling port will be removed.                                                                                                ;
; iic_ack_error     ; Output ; Info     ; Explicitly unconnected                                                                                                                                                             ;
+-------------------+--------+----------+------------------------------------------------------------------------------------------------------------------------------------------------------------------------------------+


+-----------------------------------------------------------------------------------------------------------------------------------------------------------------------------------------------------------------------+
; Port Connectivity Checks: "adc:adc_inst"                                                                                                                                                                              ;
+---------------+-------+----------+------------------------------------------------------------------------------------------------------------------------------------------------------------------------------------+
; Port          ; Type  ; Severity ; Details                                                                                                                                                                            ;
+---------------+-------+----------+------------------------------------------------------------------------------------------------------------------------------------------------------------------------------------+
; adc_start     ; Input ; Warning  ; Input port expression (32 bits) is wider than the input port (1 bits) it drives.  The 31 most-significant bit(s) in the expression will be dangling if they have no other fanouts. ;
; adc_start[-1] ; Input ; Info     ; Stuck at VCC                                                                                                                                                                       ;
+---------------+-------+----------+------------------------------------------------------------------------------------------------------------------------------------------------------------------------------------+


+-----------------------------------------------------+
; Post-Synthesis Netlist Statistics for Top Partition ;
+-----------------------+-----------------------------+
; Type                  ; Count                       ;
+-----------------------+-----------------------------+
; boundary_port         ; 20                          ;
; cycloneiii_ff         ; 128                         ;
;     CLR               ; 72                          ;
;     CLR SCLR          ; 16                          ;
;     ENA               ; 14                          ;
;     ENA CLR           ; 18                          ;
;     ENA CLR SCLR      ; 8                           ;
; cycloneiii_io_obuf    ; 1                           ;
; cycloneiii_lcell_comb ; 438                         ;
;     arith             ; 124                         ;
;         2 data inputs ; 64                          ;
;         3 data inputs ; 60                          ;
;     normal            ; 314                         ;
;         0 data inputs ; 20                          ;
;         1 data inputs ; 21                          ;
;         2 data inputs ; 118                         ;
;         3 data inputs ; 28                          ;
;         4 data inputs ; 127                         ;
;                       ;                             ;
; Max LUT depth         ; 14.60                       ;
; Average LUT depth     ; 6.73                        ;
+-----------------------+-----------------------------+


+-------------------------------+
; Elapsed Time Per Partition    ;
+----------------+--------------+
; Partition Name ; Elapsed Time ;
+----------------+--------------+
; Top            ; 00:00:01     ;
+----------------+--------------+


+-------------------------------+
; Analysis & Synthesis Messages ;
+-------------------------------+
Info: *******************************************************************
Info: Running Quartus Prime Analysis & Synthesis
    Info: Version 23.1std.1 Build 993 05/14/2024 SC Lite Edition
    Info: Processing started: Fri Oct 17 17:28:36 2025
Info: Command: quartus_map --read_settings_files=on --write_settings_files=off top -c top
Warning (18236): Number of processors has not been specified which may cause overloading on shared machines.  Set the global assignment NUM_PARALLEL_PROCESSORS in your QSF to an appropriate value for best performance.
Info (20030): Parallel compilation is enabled and will use 4 of the 4 processors detected
Info (12021): Found 1 design units, including 1 entities, in source file seg.v
    Info (12023): Found entity 1: seg File: C:/Users/4T/Desktop/123/EX18_ADC/seg.v Line: 1
Info (12021): Found 1 design units, including 1 entities, in source file iic_drive.v
    Info (12023): Found entity 1: iic_drive File: C:/Users/4T/Desktop/123/EX18_ADC/iic_drive.v Line: 23
Info (12021): Found 1 design units, including 1 entities, in source file adc.v
    Info (12023): Found entity 1: adc File: C:/Users/4T/Desktop/123/EX18_ADC/adc.v Line: 1
Info (12021): Found 1 design units, including 1 entities, in source file top.v
    Info (12023): Found entity 1: top File: C:/Users/4T/Desktop/123/EX18_ADC/top.v Line: 1
Info (12127): Elaborating entity "top" for the top level hierarchy
Info (12128): Elaborating entity "adc" for hierarchy "adc:adc_inst" File: C:/Users/4T/Desktop/123/EX18_ADC/top.v Line: 27
Warning (10230): Verilog HDL assignment warning at adc.v(52): truncated value with size 32 to match size of target (4) File: C:/Users/4T/Desktop/123/EX18_ADC/adc.v Line: 52
Warning (10230): Verilog HDL assignment warning at adc.v(53): truncated value with size 32 to match size of target (4) File: C:/Users/4T/Desktop/123/EX18_ADC/adc.v Line: 53
Warning (10230): Verilog HDL assignment warning at adc.v(57): truncated value with size 32 to match size of target (4) File: C:/Users/4T/Desktop/123/EX18_ADC/adc.v Line: 57
Warning (10230): Verilog HDL assignment warning at adc.v(58): truncated value with size 32 to match size of target (4) File: C:/Users/4T/Desktop/123/EX18_ADC/adc.v Line: 58
Warning (10230): Verilog HDL assignment warning at adc.v(59): truncated value with size 32 to match size of target (4) File: C:/Users/4T/Desktop/123/EX18_ADC/adc.v Line: 59
Info (12128): Elaborating entity "iic_drive" for hierarchy "adc:adc_inst|iic_drive:iic_drive_inst" File: C:/Users/4T/Desktop/123/EX18_ADC/adc.v Line: 90
Info (10264): Verilog HDL Case Statement information at iic_drive.v(374): all case item expressions in this case statement are onehot File: C:/Users/4T/Desktop/123/EX18_ADC/iic_drive.v Line: 374
Info (12128): Elaborating entity "seg" for hierarchy "seg:seg_inst" File: C:/Users/4T/Desktop/123/EX18_ADC/top.v Line: 36
Warning (10230): Verilog HDL assignment warning at seg.v(35): truncated value with size 32 to match size of target (16) File: C:/Users/4T/Desktop/123/EX18_ADC/seg.v Line: 35
Warning (10230): Verilog HDL assignment warning at seg.v(48): truncated value with size 32 to match size of target (4) File: C:/Users/4T/Desktop/123/EX18_ADC/seg.v Line: 48
Info (278001): Inferred 5 megafunctions from design logic
    Info (278004): Inferred divider/modulo megafunction ("lpm_divide") from the following logic: "adc:adc_inst|Div1" File: C:/Users/4T/Desktop/123/EX18_ADC/adc.v Line: 57
    Info (278004): Inferred divider/modulo megafunction ("lpm_divide") from the following logic: "adc:adc_inst|Div0" File: C:/Users/4T/Desktop/123/EX18_ADC/adc.v Line: 52
    Info (278004): Inferred divider/modulo megafunction ("lpm_divide") from the following logic: "adc:adc_inst|Mod0" File: C:/Users/4T/Desktop/123/EX18_ADC/adc.v Line: 58
    Info (278004): Inferred divider/modulo megafunction ("lpm_divide") from the following logic: "adc:adc_inst|Div2" File: C:/Users/4T/Desktop/123/EX18_ADC/adc.v Line: 58
    Info (278004): Inferred divider/modulo megafunction ("lpm_divide") from the following logic: "adc:adc_inst|Mod1" File: C:/Users/4T/Desktop/123/EX18_ADC/adc.v Line: 59
Info (12130): Elaborated megafunction instantiation "adc:adc_inst|lpm_divide:Div1" File: C:/Users/4T/Desktop/123/EX18_ADC/adc.v Line: 57
Info (12133): Instantiated megafunction "adc:adc_inst|lpm_divide:Div1" with the following parameter: File: C:/Users/4T/Desktop/123/EX18_ADC/adc.v Line: 57
    Info (12134): Parameter "LPM_WIDTHN" = "8"
    Info (12134): Parameter "LPM_WIDTHD" = "7"
    Info (12134): Parameter "LPM_NREPRESENTATION" = "UNSIGNED"
    Info (12134): Parameter "LPM_DREPRESENTATION" = "UNSIGNED"
Info (12021): Found 1 design units, including 1 entities, in source file db/lpm_divide_mhm.tdf
    Info (12023): Found entity 1: lpm_divide_mhm File: C:/Users/4T/Desktop/123/EX18_ADC/db/lpm_divide_mhm.tdf Line: 25
Info (12021): Found 1 design units, including 1 entities, in source file db/sign_div_unsign_ekh.tdf
    Info (12023): Found entity 1: sign_div_unsign_ekh File: C:/Users/4T/Desktop/123/EX18_ADC/db/sign_div_unsign_ekh.tdf Line: 25
Info (12021): Found 1 design units, including 1 entities, in source file db/alt_u_div_g4f.tdf
    Info (12023): Found entity 1: alt_u_div_g4f File: C:/Users/4T/Desktop/123/EX18_ADC/db/alt_u_div_g4f.tdf Line: 27
Info (12021): Found 1 design units, including 1 entities, in source file db/add_sub_7pc.tdf
    Info (12023): Found entity 1: add_sub_7pc File: C:/Users/4T/Desktop/123/EX18_ADC/db/add_sub_7pc.tdf Line: 23
Info (12021): Found 1 design units, including 1 entities, in source file db/add_sub_8pc.tdf
    Info (12023): Found entity 1: add_sub_8pc File: C:/Users/4T/Desktop/123/EX18_ADC/db/add_sub_8pc.tdf Line: 23
Info (12130): Elaborated megafunction instantiation "adc:adc_inst|lpm_divide:Div0" File: C:/Users/4T/Desktop/123/EX18_ADC/adc.v Line: 52
Info (12133): Instantiated megafunction "adc:adc_inst|lpm_divide:Div0" with the following parameter: File: C:/Users/4T/Desktop/123/EX18_ADC/adc.v Line: 52
    Info (12134): Parameter "LPM_WIDTHN" = "8"
    Info (12134): Parameter "LPM_WIDTHD" = "4"
    Info (12134): Parameter "LPM_NREPRESENTATION" = "UNSIGNED"
    Info (12134): Parameter "LPM_DREPRESENTATION" = "UNSIGNED"
Info (12021): Found 1 design units, including 1 entities, in source file db/lpm_divide_jhm.tdf
    Info (12023): Found entity 1: lpm_divide_jhm File: C:/Users/4T/Desktop/123/EX18_ADC/db/lpm_divide_jhm.tdf Line: 25
Info (12021): Found 1 design units, including 1 entities, in source file db/sign_div_unsign_bkh.tdf
    Info (12023): Found entity 1: sign_div_unsign_bkh File: C:/Users/4T/Desktop/123/EX18_ADC/db/sign_div_unsign_bkh.tdf Line: 25
Info (12021): Found 1 design units, including 1 entities, in source file db/alt_u_div_a4f.tdf
    Info (12023): Found entity 1: alt_u_div_a4f File: C:/Users/4T/Desktop/123/EX18_ADC/db/alt_u_div_a4f.tdf Line: 27
Info (12130): Elaborated megafunction instantiation "adc:adc_inst|lpm_divide:Mod0" File: C:/Users/4T/Desktop/123/EX18_ADC/adc.v Line: 58
Info (12133): Instantiated megafunction "adc:adc_inst|lpm_divide:Mod0" with the following parameter: File: C:/Users/4T/Desktop/123/EX18_ADC/adc.v Line: 58
    Info (12134): Parameter "LPM_WIDTHN" = "8"
    Info (12134): Parameter "LPM_WIDTHD" = "7"
    Info (12134): Parameter "LPM_NREPRESENTATION" = "UNSIGNED"
    Info (12134): Parameter "LPM_DREPRESENTATION" = "UNSIGNED"
Info (12021): Found 1 design units, including 1 entities, in source file db/lpm_divide_p9m.tdf
    Info (12023): Found entity 1: lpm_divide_p9m File: C:/Users/4T/Desktop/123/EX18_ADC/db/lpm_divide_p9m.tdf Line: 25
Info (12130): Elaborated megafunction instantiation "adc:adc_inst|lpm_divide:Div2" File: C:/Users/4T/Desktop/123/EX18_ADC/adc.v Line: 58
Info (12133): Instantiated megafunction "adc:adc_inst|lpm_divide:Div2" with the following parameter: File: C:/Users/4T/Desktop/123/EX18_ADC/adc.v Line: 58
    Info (12134): Parameter "LPM_WIDTHN" = "7"
    Info (12134): Parameter "LPM_WIDTHD" = "4"
    Info (12134): Parameter "LPM_NREPRESENTATION" = "UNSIGNED"
    Info (12134): Parameter "LPM_DREPRESENTATION" = "UNSIGNED"
Info (12021): Found 1 design units, including 1 entities, in source file db/lpm_divide_ihm.tdf
    Info (12023): Found entity 1: lpm_divide_ihm File: C:/Users/4T/Desktop/123/EX18_ADC/db/lpm_divide_ihm.tdf Line: 25
Info (12021): Found 1 design units, including 1 entities, in source file db/sign_div_unsign_akh.tdf
    Info (12023): Found entity 1: sign_div_unsign_akh File: C:/Users/4T/Desktop/123/EX18_ADC/db/sign_div_unsign_akh.tdf Line: 25
Info (12021): Found 1 design units, including 1 entities, in source file db/alt_u_div_84f.tdf
    Info (12023): Found entity 1: alt_u_div_84f File: C:/Users/4T/Desktop/123/EX18_ADC/db/alt_u_div_84f.tdf Line: 27
Info (12130): Elaborated megafunction instantiation "adc:adc_inst|lpm_divide:Mod1" File: C:/Users/4T/Desktop/123/EX18_ADC/adc.v Line: 59
Info (12133): Instantiated megafunction "adc:adc_inst|lpm_divide:Mod1" with the following parameter: File: C:/Users/4T/Desktop/123/EX18_ADC/adc.v Line: 59
    Info (12134): Parameter "LPM_WIDTHN" = "8"
    Info (12134): Parameter "LPM_WIDTHD" = "4"
    Info (12134): Parameter "LPM_NREPRESENTATION" = "UNSIGNED"
    Info (12134): Parameter "LPM_DREPRESENTATION" = "UNSIGNED"
Info (12021): Found 1 design units, including 1 entities, in source file db/lpm_divide_m9m.tdf
    Info (12023): Found entity 1: lpm_divide_m9m File: C:/Users/4T/Desktop/123/EX18_ADC/db/lpm_divide_m9m.tdf Line: 25
Warning (12241): 2 hierarchies have connectivity warnings - see the Connectivity Checks report folder
Info (13000): Registers with preset signals will power-up high File: C:/Users/4T/Desktop/123/EX18_ADC/seg.v Line: 69
Info (13003): DEV_CLRn pin will set, and not reset, register with preset signal due to NOT Gate Push-Back
Warning (13024): Output pins are stuck at VCC or GND
    Warning (13410): Pin "seg[7]" is stuck at VCC File: C:/Users/4T/Desktop/123/EX18_ADC/top.v Line: 5
Info (286030): Timing-Driven Synthesis is running
Info (144001): Generated suppressed messages file C:/Users/4T/Desktop/123/EX18_ADC/output_files/top.map.smsg
Info (16010): Generating hard_block partition "hard_block:auto_generated_inst"
    Info (16011): Adding 0 node(s), including 0 DDIO, 0 PLL, 0 transceiver and 0 LCELL
Info (21057): Implemented 460 device resources after synthesis - the final resource count might be different
    Info (21058): Implemented 2 input pins
    Info (21059): Implemented 17 output pins
    Info (21060): Implemented 1 bidirectional pins
    Info (21061): Implemented 440 logic cells
Info: Quartus Prime Analysis & Synthesis was successful. 0 errors, 11 warnings
    Info: Peak virtual memory: 4785 megabytes
    Info: Processing ended: Fri Oct 17 17:28:48 2025
    Info: Elapsed time: 00:00:12
    Info: Total CPU time (on all processors): 00:00:23


+------------------------------------------+
; Analysis & Synthesis Suppressed Messages ;
+------------------------------------------+
The suppressed messages can be found in C:/Users/4T/Desktop/123/EX18_ADC/output_files/top.map.smsg.


