Analysis & Synthesis report for top
Fri Oct 18 15:21:25 2024
Quartus Prime Version 23.1std.1 Build 993 05/14/2024 SC Lite Edition


---------------------
; Table of Contents ;
---------------------
  1. Legal Notice
  2. Analysis & Synthesis Summary
  3. Analysis & Synthesis Settings
  4. Parallel Compilation
  5. Analysis & Synthesis Source Files Read
  6. Analysis & Synthesis Resource Usage Summary
  7. Analysis & Synthesis Resource Utilization by Entity
  8. State Machine - |top|sram_controller:u_sram_controller|cstate
  9. Registers Removed During Synthesis
 10. General Register Statistics
 11. Inverted Register Statistics
 12. Multiplexer Restructuring Statistics (Restructuring Performed)
 13. Parameter Settings for User Entity Instance: sram_controller:u_sram_controller
 14. Port Connectivity Checks: "sram_controller:u_sram_controller"
 15. Port Connectivity Checks: "segdisplay:inst_seg"
 16. Post-Synthesis Netlist Statistics for Top Partition
 17. Elapsed Time Per Partition
 18. Analysis & Synthesis Messages
 19. Analysis & Synthesis Suppressed Messages



----------------
; Legal Notice ;
----------------
Copyright (C) 2024  Intel Corporation. All rights reserved.
Your use of Intel Corporation's design tools, logic functions 
and other software and tools, and any partner logic 
functions, and any output files from any of the foregoing 
(including device programming or simulation files), and any 
associated documentation or information are expressly subject 
to the terms and conditions of the Intel Program License 
Subscription Agreement, the Intel Quartus Prime License Agreement,
the Intel FPGA IP License Agreement, or other applicable license
agreement, including, without limitation, that your use is for
the sole purpose of programming logic devices manufactured by
Intel and sold by Intel or its authorized distributors.  Please
refer to the applicable agreement for further details, at
https://fpgasoftware.intel.com/eula.



+-------------------------------------------------------------------------------------+
; Analysis & Synthesis Summary                                                        ;
+------------------------------------+------------------------------------------------+
; Analysis & Synthesis Status        ; Successful - Fri Oct 18 15:21:25 2024          ;
; Quartus Prime Version              ; 23.1std.1 Build 993 05/14/2024 SC Lite Edition ;
; Revision Name                      ; top                                            ;
; Top-level Entity Name              ; top                                            ;
; Family                             ; Cyclone IV E                                   ;
; Total logic elements               ; 98                                             ;
;     Total combinational functions  ; 89                                             ;
;     Dedicated logic registers      ; 73                                             ;
; Total registers                    ; 73                                             ;
; Total pins                         ; 50                                             ;
; Total virtual pins                 ; 0                                              ;
; Total memory bits                  ; 0                                              ;
; Embedded Multiplier 9-bit elements ; 0                                              ;
; Total PLLs                         ; 0                                              ;
+------------------------------------+------------------------------------------------+


+------------------------------------------------------------------------------------------------------------+
; Analysis & Synthesis Settings                                                                              ;
+------------------------------------------------------------------+--------------------+--------------------+
; Option                                                           ; Setting            ; Default Value      ;
+------------------------------------------------------------------+--------------------+--------------------+
; Device                                                           ; EP4CE6E22C8        ;                    ;
; Top-level entity name                                            ; top                ; top                ;
; Family name                                                      ; Cyclone IV E       ; Cyclone V          ;
; Use smart compilation                                            ; Off                ; Off                ;
; Enable parallel Assembler and Timing Analyzer during compilation ; On                 ; On                 ;
; Enable compact report table                                      ; Off                ; Off                ;
; Restructure Multiplexers                                         ; Auto               ; Auto               ;
; Create Debugging Nodes for IP Cores                              ; Off                ; Off                ;
; Preserve fewer node names                                        ; On                 ; On                 ;
; Intel FPGA IP Evaluation Mode                                    ; Enable             ; Enable             ;
; Verilog Version                                                  ; Verilog_2001       ; Verilog_2001       ;
; VHDL Version                                                     ; VHDL_1993          ; VHDL_1993          ;
; State Machine Processing                                         ; Auto               ; Auto               ;
; Safe State Machine                                               ; Off                ; Off                ;
; Extract Verilog State Machines                                   ; On                 ; On                 ;
; Extract VHDL State Machines                                      ; On                 ; On                 ;
; Ignore Verilog initial constructs                                ; Off                ; Off                ;
; Iteration limit for constant Verilog loops                       ; 5000               ; 5000               ;
; Iteration limit for non-constant Verilog loops                   ; 250                ; 250                ;
; Add Pass-Through Logic to Inferred RAMs                          ; On                 ; On                 ;
; Infer RAMs from Raw Logic                                        ; On                 ; On                 ;
; Parallel Synthesis                                               ; On                 ; On                 ;
; DSP Block Balancing                                              ; Auto               ; Auto               ;
; NOT Gate Push-Back                                               ; On                 ; On                 ;
; Power-Up Don't Care                                              ; On                 ; On                 ;
; Remove Redundant Logic Cells                                     ; Off                ; Off                ;
; Remove Duplicate Registers                                       ; On                 ; On                 ;
; Ignore CARRY Buffers                                             ; Off                ; Off                ;
; Ignore CASCADE Buffers                                           ; Off                ; Off                ;
; Ignore GLOBAL Buffers                                            ; Off                ; Off                ;
; Ignore ROW GLOBAL Buffers                                        ; Off                ; Off                ;
; Ignore LCELL Buffers                                             ; Off                ; Off                ;
; Ignore SOFT Buffers                                              ; On                 ; On                 ;
; Limit AHDL Integers to 32 Bits                                   ; Off                ; Off                ;
; Optimization Technique                                           ; Balanced           ; Balanced           ;
; Carry Chain Length                                               ; 70                 ; 70                 ;
; Auto Carry Chains                                                ; On                 ; On                 ;
; Auto Open-Drain Pins                                             ; On                 ; On                 ;
; Perform WYSIWYG Primitive Resynthesis                            ; Off                ; Off                ;
; Auto ROM Replacement                                             ; On                 ; On                 ;
; Auto RAM Replacement                                             ; On                 ; On                 ;
; Auto DSP Block Replacement                                       ; On                 ; On                 ;
; Auto Shift Register Replacement                                  ; Auto               ; Auto               ;
; Allow Shift Register Merging across Hierarchies                  ; Auto               ; Auto               ;
; Auto Clock Enable Replacement                                    ; On                 ; On                 ;
; Strict RAM Replacement                                           ; Off                ; Off                ;
; Allow Synchronous Control Signals                                ; On                 ; On                 ;
; Force Use of Synchronous Clear Signals                           ; Off                ; Off                ;
; Auto RAM Block Balancing                                         ; On                 ; On                 ;
; Auto RAM to Logic Cell Conversion                                ; Off                ; Off                ;
; Auto Resource Sharing                                            ; Off                ; Off                ;
; Allow Any RAM Size For Recognition                               ; Off                ; Off                ;
; Allow Any ROM Size For Recognition                               ; Off                ; Off                ;
; Allow Any Shift Register Size For Recognition                    ; Off                ; Off                ;
; Use LogicLock Constraints during Resource Balancing              ; On                 ; On                 ;
; Ignore translate_off and synthesis_off directives                ; Off                ; Off                ;
; Timing-Driven Synthesis                                          ; On                 ; On                 ;
; Report Parameter Settings                                        ; On                 ; On                 ;
; Report Source Assignments                                        ; On                 ; On                 ;
; Report Connectivity Checks                                       ; On                 ; On                 ;
; Ignore Maximum Fan-Out Assignments                               ; Off                ; Off                ;
; Synchronization Register Chain Length                            ; 2                  ; 2                  ;
; Power Optimization During Synthesis                              ; Normal compilation ; Normal compilation ;
; HDL message level                                                ; Level2             ; Level2             ;
; Suppress Register Optimization Related Messages                  ; Off                ; Off                ;
; Number of Removed Registers Reported in Synthesis Report         ; 5000               ; 5000               ;
; Number of Swept Nodes Reported in Synthesis Report               ; 5000               ; 5000               ;
; Number of Inverted Registers Reported in Synthesis Report        ; 100                ; 100                ;
; Clock MUX Protection                                             ; On                 ; On                 ;
; Auto Gated Clock Conversion                                      ; Off                ; Off                ;
; Block Design Naming                                              ; Auto               ; Auto               ;
; SDC constraint protection                                        ; Off                ; Off                ;
; Synthesis Effort                                                 ; Auto               ; Auto               ;
; Shift Register Replacement - Allow Asynchronous Clear Signal     ; On                 ; On                 ;
; Pre-Mapping Resynthesis Optimization                             ; Off                ; Off                ;
; Analysis & Synthesis Message Level                               ; Medium             ; Medium             ;
; Disable Register Merging Across Hierarchies                      ; Auto               ; Auto               ;
; Resource Aware Inference For Block RAM                           ; On                 ; On                 ;
+------------------------------------------------------------------+--------------------+--------------------+


+------------------------------------------+
; Parallel Compilation                     ;
+----------------------------+-------------+
; Processors                 ; Number      ;
+----------------------------+-------------+
; Number detected on machine ; 4           ;
; Maximum allowed            ; 4           ;
;                            ;             ;
; Average used               ; 1.00        ;
; Maximum used               ; 4           ;
;                            ;             ;
; Usage by Processor         ; % Time Used ;
;     Processor 1            ; 100.0%      ;
;     Processors 2-4         ;   0.0%      ;
+----------------------------+-------------+


+---------------------------------------------------------------------------------------------------------------------------------------------------------------------------------------------+
; Analysis & Synthesis Source Files Read                                                                                                                                                      ;
+----------------------------------+-----------------+------------------------+-----------------------------------------------------------------------------------------------------+---------+
; File Name with User-Entered Path ; Used in Netlist ; File Type              ; File Name with Absolute Path                                                                        ; Library ;
+----------------------------------+-----------------+------------------------+-----------------------------------------------------------------------------------------------------+---------+
; top.v                            ; yes             ; User Verilog HDL File  ; E:/Work/[023] LQ Contest/Contest Learning Kits/Documents/CT137A/Example/EX20_SRAM/top.v             ;         ;
; sram_controller.v                ; yes             ; User Verilog HDL File  ; E:/Work/[023] LQ Contest/Contest Learning Kits/Documents/CT137A/Example/EX20_SRAM/sram_controller.v ;         ;
; seg.v                            ; yes             ; User Verilog HDL File  ; E:/Work/[023] LQ Contest/Contest Learning Kits/Documents/CT137A/Example/EX20_SRAM/seg.v             ;         ;
+----------------------------------+-----------------+------------------------+-----------------------------------------------------------------------------------------------------+---------+


+---------------------------------------------------------+
; Analysis & Synthesis Resource Usage Summary             ;
+---------------------------------------------+-----------+
; Resource                                    ; Usage     ;
+---------------------------------------------+-----------+
; Estimated Total logic elements              ; 98        ;
;                                             ;           ;
; Total combinational functions               ; 89        ;
; Logic element usage by number of LUT inputs ;           ;
;     -- 4 input functions                    ; 28        ;
;     -- 3 input functions                    ; 24        ;
;     -- <=2 input functions                  ; 37        ;
;                                             ;           ;
; Logic elements by mode                      ;           ;
;     -- normal mode                          ; 58        ;
;     -- arithmetic mode                      ; 31        ;
;                                             ;           ;
; Total registers                             ; 73        ;
;     -- Dedicated logic registers            ; 73        ;
;     -- I/O registers                        ; 0         ;
;                                             ;           ;
; I/O pins                                    ; 50        ;
;                                             ;           ;
; Embedded Multiplier 9-bit elements          ; 0         ;
;                                             ;           ;
; Maximum fan-out node                        ; clk~input ;
; Maximum fan-out                             ; 73        ;
; Total fan-out                               ; 578       ;
; Average fan-out                             ; 2.14      ;
+---------------------------------------------+-----------+


+---------------------------------------------------------------------------------------------------------------------------------------------------------------------------------------------------------------------------------------------+
; Analysis & Synthesis Resource Utilization by Entity                                                                                                                                                                                         ;
+----------------------------------------+---------------------+---------------------------+-------------+--------------+---------+-----------+------+--------------+----------------------------------------+-----------------+--------------+
; Compilation Hierarchy Node             ; Combinational ALUTs ; Dedicated Logic Registers ; Memory Bits ; DSP Elements ; DSP 9x9 ; DSP 18x18 ; Pins ; Virtual Pins ; Full Hierarchy Name                    ; Entity Name     ; Library Name ;
+----------------------------------------+---------------------+---------------------------+-------------+--------------+---------+-----------+------+--------------+----------------------------------------+-----------------+--------------+
; |top                                   ; 89 (0)              ; 73 (1)                    ; 0           ; 0            ; 0       ; 0         ; 50   ; 0            ; |top                                   ; top             ; work         ;
;    |segdisplay:inst_seg|               ; 78 (78)             ; 55 (55)                   ; 0           ; 0            ; 0       ; 0         ; 0    ; 0            ; |top|segdisplay:inst_seg               ; segdisplay      ; work         ;
;    |sram_controller:u_sram_controller| ; 11 (11)             ; 17 (17)                   ; 0           ; 0            ; 0       ; 0         ; 0    ; 0            ; |top|sram_controller:u_sram_controller ; sram_controller ; work         ;
+----------------------------------------+---------------------+---------------------------+-------------+--------------+---------+-----------+------+--------------+----------------------------------------+-----------------+--------------+
Note: For table entries with two numbers listed, the numbers in parentheses indicate the number of resources of the given type used by the specific entity alone. The numbers listed outside of parentheses indicate the total resources of the given type used by the specific entity and all of its sub-entities in the hierarchy.


Encoding Type:  One-Hot
+-----------------------------------------------------------------------------------+
; State Machine - |top|sram_controller:u_sram_controller|cstate                     ;
+-------------+-------------+-------------+-------------+-------------+-------------+
; Name        ; cstate.REA0 ; cstate.WRT1 ; cstate.WRT0 ; cstate.IDLE ; cstate.REA1 ;
+-------------+-------------+-------------+-------------+-------------+-------------+
; cstate.IDLE ; 0           ; 0           ; 0           ; 0           ; 0           ;
; cstate.WRT0 ; 0           ; 0           ; 1           ; 1           ; 0           ;
; cstate.WRT1 ; 0           ; 1           ; 0           ; 1           ; 0           ;
; cstate.REA0 ; 1           ; 0           ; 0           ; 1           ; 0           ;
; cstate.REA1 ; 0           ; 0           ; 0           ; 1           ; 1           ;
+-------------+-------------+-------------+-------------+-------------+-------------+


+-------------------------------------------------------------------------------------+
; Registers Removed During Synthesis                                                  ;
+--------------------------------------------+----------------------------------------+
; Register name                              ; Reason for Removal                     ;
+--------------------------------------------+----------------------------------------+
; segdisplay:inst_seg|seg_data[7]            ; Stuck at VCC due to stuck port data_in ;
; sram_controller:u_sram_controller|cstate~4 ; Lost fanout                            ;
; sram_controller:u_sram_controller|cstate~5 ; Lost fanout                            ;
; sram_controller:u_sram_controller|cstate~7 ; Lost fanout                            ;
; Total Number of Removed Registers = 4      ;                                        ;
+--------------------------------------------+----------------------------------------+


+------------------------------------------------------+
; General Register Statistics                          ;
+----------------------------------------------+-------+
; Statistic                                    ; Value ;
+----------------------------------------------+-------+
; Total registers                              ; 73    ;
; Number of registers using Synchronous Clear  ; 0     ;
; Number of registers using Synchronous Load   ; 0     ;
; Number of registers using Asynchronous Clear ; 72    ;
; Number of registers using Asynchronous Load  ; 0     ;
; Number of registers using Clock Enable       ; 22    ;
; Number of registers using Preset             ; 0     ;
+----------------------------------------------+-------+


+---------------------------------------------------+
; Inverted Register Statistics                      ;
+-----------------------------------------+---------+
; Inverted Register                       ; Fan out ;
+-----------------------------------------+---------+
; segdisplay:inst_seg|seg_data[0]         ; 1       ;
; segdisplay:inst_seg|seg_data[1]         ; 1       ;
; segdisplay:inst_seg|seg_data[2]         ; 1       ;
; segdisplay:inst_seg|seg_data[3]         ; 1       ;
; segdisplay:inst_seg|seg_data[4]         ; 1       ;
; segdisplay:inst_seg|seg_data[5]         ; 1       ;
; segdisplay:inst_seg|seg_data[6]         ; 1       ;
; segdisplay:inst_seg|seg_a0[0]           ; 1       ;
; segdisplay:inst_seg|seg_a0[1]           ; 1       ;
; segdisplay:inst_seg|seg_a0[2]           ; 1       ;
; segdisplay:inst_seg|seg_a0[3]           ; 1       ;
; segdisplay:inst_seg|seg_a0[4]           ; 1       ;
; segdisplay:inst_seg|seg_a0[5]           ; 1       ;
; segdisplay:inst_seg|seg_a0[6]           ; 1       ;
; segdisplay:inst_seg|seg_a0[7]           ; 1       ;
; wr_req                                  ; 3       ;
; Total number of inverted registers = 16 ;         ;
+-----------------------------------------+---------+


+-----------------------------------------------------------------------------------------------------------------------------------------------+
; Multiplexer Restructuring Statistics (Restructuring Performed)                                                                                ;
+--------------------+-----------+---------------+----------------------+------------------------+------------+---------------------------------+
; Multiplexer Inputs ; Bus Width ; Baseline Area ; Area if Restructured ; Saving if Restructured ; Registered ; Example Multiplexer Output      ;
+--------------------+-----------+---------------+----------------------+------------------------+------------+---------------------------------+
; 8:1                ; 4 bits    ; 20 LEs        ; 16 LEs               ; 4 LEs                  ; Yes        ; |top|segdisplay:inst_seg|num[3] ;
+--------------------+-----------+---------------+----------------------+------------------------+------------+---------------------------------+


+--------------------------------------------------------------------------------+
; Parameter Settings for User Entity Instance: sram_controller:u_sram_controller ;
+----------------+-------+-------------------------------------------------------+
; Parameter Name ; Value ; Type                                                  ;
+----------------+-------+-------------------------------------------------------+
; IDLE           ; 0000  ; Unsigned Binary                                       ;
; WRT0           ; 0001  ; Unsigned Binary                                       ;
; WRT1           ; 0010  ; Unsigned Binary                                       ;
; REA0           ; 0011  ; Unsigned Binary                                       ;
; REA1           ; 0100  ; Unsigned Binary                                       ;
+----------------+-------+-------------------------------------------------------+
Note: In order to hide this table in the UI and the text report file, please set the "Show Parameter Settings in Synthesis Report" option in "Analysis and Synthesis Settings -> More Settings" to "Off".


+---------------------------------------------------------------+
; Port Connectivity Checks: "sram_controller:u_sram_controller" ;
+---------------+-------+----------+----------------------------+
; Port          ; Type  ; Severity ; Details                    ;
+---------------+-------+----------+----------------------------+
; wr_data[7..6] ; Input ; Info     ; Stuck at VCC               ;
; wr_data[1..0] ; Input ; Info     ; Stuck at VCC               ;
; wr_data[5..2] ; Input ; Info     ; Stuck at GND               ;
+---------------+-------+----------+----------------------------+


+---------------------------------------------------------+
; Port Connectivity Checks: "segdisplay:inst_seg"         ;
+-----------------------+-------+----------+--------------+
; Port                  ; Type  ; Severity ; Details      ;
+-----------------------+-------+----------+--------------+
; seg_number_in[31..30] ; Input ; Info     ; Stuck at VCC ;
; seg_number_in[28..27] ; Input ; Info     ; Stuck at VCC ;
; seg_number_in[29]     ; Input ; Info     ; Stuck at GND ;
; seg_number_in[26]     ; Input ; Info     ; Stuck at GND ;
; seg_number_in[25]     ; Input ; Info     ; Stuck at VCC ;
; seg_number_in[24]     ; Input ; Info     ; Stuck at GND ;
; seg_number_in[23]     ; Input ; Info     ; Stuck at VCC ;
; seg_number_in[22]     ; Input ; Info     ; Stuck at GND ;
; seg_number_in[21]     ; Input ; Info     ; Stuck at VCC ;
; seg_number_in[20]     ; Input ; Info     ; Stuck at GND ;
; seg_number_in[19]     ; Input ; Info     ; Stuck at VCC ;
; seg_number_in[18]     ; Input ; Info     ; Stuck at GND ;
; seg_number_in[17]     ; Input ; Info     ; Stuck at VCC ;
; seg_number_in[16]     ; Input ; Info     ; Stuck at GND ;
; seg_number_in[15]     ; Input ; Info     ; Stuck at VCC ;
; seg_number_in[14]     ; Input ; Info     ; Stuck at GND ;
; seg_number_in[13]     ; Input ; Info     ; Stuck at VCC ;
; seg_number_in[12]     ; Input ; Info     ; Stuck at GND ;
; seg_number_in[11]     ; Input ; Info     ; Stuck at VCC ;
; seg_number_in[10]     ; Input ; Info     ; Stuck at GND ;
; seg_number_in[9]      ; Input ; Info     ; Stuck at VCC ;
; seg_number_in[8]      ; Input ; Info     ; Stuck at GND ;
+-----------------------+-------+----------+--------------+


+-----------------------------------------------------+
; Post-Synthesis Netlist Statistics for Top Partition ;
+-----------------------+-----------------------------+
; Type                  ; Count                       ;
+-----------------------+-----------------------------+
; boundary_port         ; 50                          ;
; cycloneiii_ff         ; 73                          ;
;     CLR               ; 51                          ;
;     ENA               ; 1                           ;
;     ENA CLR           ; 21                          ;
; cycloneiii_io_obuf    ; 8                           ;
; cycloneiii_lcell_comb ; 107                         ;
;     arith             ; 31                          ;
;         2 data inputs ; 31                          ;
;     normal            ; 76                          ;
;         0 data inputs ; 2                           ;
;         1 data inputs ; 18                          ;
;         2 data inputs ; 4                           ;
;         3 data inputs ; 24                          ;
;         4 data inputs ; 28                          ;
;                       ;                             ;
; Max LUT depth         ; 4.10                        ;
; Average LUT depth     ; 2.18                        ;
+-----------------------+-----------------------------+


+-------------------------------+
; Elapsed Time Per Partition    ;
+----------------+--------------+
; Partition Name ; Elapsed Time ;
+----------------+--------------+
; Top            ; 00:00:00     ;
+----------------+--------------+


+-------------------------------+
; Analysis & Synthesis Messages ;
+-------------------------------+
Info: *******************************************************************
Info: Running Quartus Prime Analysis & Synthesis
    Info: Version 23.1std.1 Build 993 05/14/2024 SC Lite Edition
    Info: Processing started: Fri Oct 18 15:21:10 2024
Info: Command: quartus_map --read_settings_files=on --write_settings_files=off SRAM -c top
Warning (18236): Number of processors has not been specified which may cause overloading on shared machines.  Set the global assignment NUM_PARALLEL_PROCESSORS in your QSF to an appropriate value for best performance.
Info (20030): Parallel compilation is enabled and will use 4 of the 4 processors detected
Info (12021): Found 1 design units, including 1 entities, in source file top.v
    Info (12023): Found entity 1: top File: E:/Work/[023] LQ Contest/Contest Learning Kits/Documents/CT137A/Example/EX20_SRAM/top.v Line: 2
Info (12021): Found 1 design units, including 1 entities, in source file sram_controller.v
    Info (12023): Found entity 1: sram_controller File: E:/Work/[023] LQ Contest/Contest Learning Kits/Documents/CT137A/Example/EX20_SRAM/sram_controller.v Line: 1
Info (12021): Found 1 design units, including 1 entities, in source file seg.v
    Info (12023): Found entity 1: segdisplay File: E:/Work/[023] LQ Contest/Contest Learning Kits/Documents/CT137A/Example/EX20_SRAM/seg.v Line: 1
Info (12127): Elaborating entity "top" for the top level hierarchy
Warning (10240): Verilog HDL Always Construct warning at top.v(23): inferring latch(es) for variable "wr_data", which holds its previous value in one or more paths through the always construct File: E:/Work/[023] LQ Contest/Contest Learning Kits/Documents/CT137A/Example/EX20_SRAM/top.v Line: 23
Info (10041): Inferred latch for "wr_data[0]" at top.v(23) File: E:/Work/[023] LQ Contest/Contest Learning Kits/Documents/CT137A/Example/EX20_SRAM/top.v Line: 23
Info (10041): Inferred latch for "wr_data[1]" at top.v(23) File: E:/Work/[023] LQ Contest/Contest Learning Kits/Documents/CT137A/Example/EX20_SRAM/top.v Line: 23
Info (10041): Inferred latch for "wr_data[2]" at top.v(23) File: E:/Work/[023] LQ Contest/Contest Learning Kits/Documents/CT137A/Example/EX20_SRAM/top.v Line: 23
Info (10041): Inferred latch for "wr_data[3]" at top.v(23) File: E:/Work/[023] LQ Contest/Contest Learning Kits/Documents/CT137A/Example/EX20_SRAM/top.v Line: 23
Info (10041): Inferred latch for "wr_data[4]" at top.v(23) File: E:/Work/[023] LQ Contest/Contest Learning Kits/Documents/CT137A/Example/EX20_SRAM/top.v Line: 23
Info (10041): Inferred latch for "wr_data[5]" at top.v(23) File: E:/Work/[023] LQ Contest/Contest Learning Kits/Documents/CT137A/Example/EX20_SRAM/top.v Line: 23
Info (10041): Inferred latch for "wr_data[6]" at top.v(23) File: E:/Work/[023] LQ Contest/Contest Learning Kits/Documents/CT137A/Example/EX20_SRAM/top.v Line: 23
Info (10041): Inferred latch for "wr_data[7]" at top.v(23) File: E:/Work/[023] LQ Contest/Contest Learning Kits/Documents/CT137A/Example/EX20_SRAM/top.v Line: 23
Info (12128): Elaborating entity "segdisplay" for hierarchy "segdisplay:inst_seg" File: E:/Work/[023] LQ Contest/Contest Learning Kits/Documents/CT137A/Example/EX20_SRAM/top.v Line: 39
Info (12128): Elaborating entity "sram_controller" for hierarchy "sram_controller:u_sram_controller" File: E:/Work/[023] LQ Contest/Contest Learning Kits/Documents/CT137A/Example/EX20_SRAM/top.v Line: 57
Info (10264): Verilog HDL Case Statement information at sram_controller.v(93): all case item expressions in this case statement are onehot File: E:/Work/[023] LQ Contest/Contest Learning Kits/Documents/CT137A/Example/EX20_SRAM/sram_controller.v Line: 93
Info (13000): Registers with preset signals will power-up high File: E:/Work/[023] LQ Contest/Contest Learning Kits/Documents/CT137A/Example/EX20_SRAM/seg.v Line: 141
Info (13003): DEV_CLRn pin will set, and not reset, register with preset signal due to NOT Gate Push-Back
Warning (13024): Output pins are stuck at VCC or GND
    Warning (13410): Pin "ce" is stuck at GND File: E:/Work/[023] LQ Contest/Contest Learning Kits/Documents/CT137A/Example/EX20_SRAM/top.v Line: 9
    Warning (13410): Pin "addr[0]" is stuck at GND File: E:/Work/[023] LQ Contest/Contest Learning Kits/Documents/CT137A/Example/EX20_SRAM/top.v Line: 10
    Warning (13410): Pin "addr[1]" is stuck at GND File: E:/Work/[023] LQ Contest/Contest Learning Kits/Documents/CT137A/Example/EX20_SRAM/top.v Line: 10
    Warning (13410): Pin "addr[2]" is stuck at GND File: E:/Work/[023] LQ Contest/Contest Learning Kits/Documents/CT137A/Example/EX20_SRAM/top.v Line: 10
    Warning (13410): Pin "addr[3]" is stuck at GND File: E:/Work/[023] LQ Contest/Contest Learning Kits/Documents/CT137A/Example/EX20_SRAM/top.v Line: 10
    Warning (13410): Pin "addr[4]" is stuck at GND File: E:/Work/[023] LQ Contest/Contest Learning Kits/Documents/CT137A/Example/EX20_SRAM/top.v Line: 10
    Warning (13410): Pin "addr[5]" is stuck at GND File: E:/Work/[023] LQ Contest/Contest Learning Kits/Documents/CT137A/Example/EX20_SRAM/top.v Line: 10
    Warning (13410): Pin "addr[6]" is stuck at GND File: E:/Work/[023] LQ Contest/Contest Learning Kits/Documents/CT137A/Example/EX20_SRAM/top.v Line: 10
    Warning (13410): Pin "addr[7]" is stuck at GND File: E:/Work/[023] LQ Contest/Contest Learning Kits/Documents/CT137A/Example/EX20_SRAM/top.v Line: 10
    Warning (13410): Pin "addr[8]" is stuck at GND File: E:/Work/[023] LQ Contest/Contest Learning Kits/Documents/CT137A/Example/EX20_SRAM/top.v Line: 10
    Warning (13410): Pin "addr[9]" is stuck at GND File: E:/Work/[023] LQ Contest/Contest Learning Kits/Documents/CT137A/Example/EX20_SRAM/top.v Line: 10
    Warning (13410): Pin "addr[10]" is stuck at GND File: E:/Work/[023] LQ Contest/Contest Learning Kits/Documents/CT137A/Example/EX20_SRAM/top.v Line: 10
    Warning (13410): Pin "addr[11]" is stuck at GND File: E:/Work/[023] LQ Contest/Contest Learning Kits/Documents/CT137A/Example/EX20_SRAM/top.v Line: 10
    Warning (13410): Pin "addr[12]" is stuck at GND File: E:/Work/[023] LQ Contest/Contest Learning Kits/Documents/CT137A/Example/EX20_SRAM/top.v Line: 10
    Warning (13410): Pin "addr[13]" is stuck at GND File: E:/Work/[023] LQ Contest/Contest Learning Kits/Documents/CT137A/Example/EX20_SRAM/top.v Line: 10
    Warning (13410): Pin "addr[14]" is stuck at GND File: E:/Work/[023] LQ Contest/Contest Learning Kits/Documents/CT137A/Example/EX20_SRAM/top.v Line: 10
    Warning (13410): Pin "addr[15]" is stuck at GND File: E:/Work/[023] LQ Contest/Contest Learning Kits/Documents/CT137A/Example/EX20_SRAM/top.v Line: 10
    Warning (13410): Pin "addr[16]" is stuck at GND File: E:/Work/[023] LQ Contest/Contest Learning Kits/Documents/CT137A/Example/EX20_SRAM/top.v Line: 10
    Warning (13410): Pin "seg_number[7]" is stuck at VCC File: E:/Work/[023] LQ Contest/Contest Learning Kits/Documents/CT137A/Example/EX20_SRAM/top.v Line: 12
Info (286030): Timing-Driven Synthesis is running
Info (17049): 3 registers lost all their fanouts during netlist optimizations.
Info (144001): Generated suppressed messages file E:/Work/[023] LQ Contest/Contest Learning Kits/Documents/CT137A/Example/EX20_SRAM/output_files/top.map.smsg
Info (16010): Generating hard_block partition "hard_block:auto_generated_inst"
    Info (16011): Adding 0 node(s), including 0 DDIO, 0 PLL, 0 transceiver and 0 LCELL
Warning (21074): Design contains 3 input pin(s) that do not drive logic
    Warning (15610): No output dependent on input pin "key_in[1]" File: E:/Work/[023] LQ Contest/Contest Learning Kits/Documents/CT137A/Example/EX20_SRAM/top.v Line: 6
    Warning (15610): No output dependent on input pin "key_in[2]" File: E:/Work/[023] LQ Contest/Contest Learning Kits/Documents/CT137A/Example/EX20_SRAM/top.v Line: 6
    Warning (15610): No output dependent on input pin "key_in[3]" File: E:/Work/[023] LQ Contest/Contest Learning Kits/Documents/CT137A/Example/EX20_SRAM/top.v Line: 6
Info (21057): Implemented 148 device resources after synthesis - the final resource count might be different
    Info (21058): Implemented 6 input pins
    Info (21059): Implemented 36 output pins
    Info (21060): Implemented 8 bidirectional pins
    Info (21061): Implemented 98 logic cells
Info: Quartus Prime Analysis & Synthesis was successful. 0 errors, 26 warnings
    Info: Peak virtual memory: 4756 megabytes
    Info: Processing ended: Fri Oct 18 15:21:25 2024
    Info: Elapsed time: 00:00:15
    Info: Total CPU time (on all processors): 00:00:25


+------------------------------------------+
; Analysis & Synthesis Suppressed Messages ;
+------------------------------------------+
The suppressed messages can be found in E:/Work/[023] LQ Contest/Contest Learning Kits/Documents/CT137A/Example/EX20_SRAM/output_files/top.map.smsg.


