Analysis & Synthesis report for top
Fri Oct 17 16:17:00 2025
Quartus Prime Version 23.1std.1 Build 993 05/14/2024 SC Lite Edition


---------------------
; Table of Contents ;
---------------------
  1. Legal Notice
  2. Analysis & Synthesis Summary
  3. Analysis & Synthesis Settings
  4. Parallel Compilation
  5. Analysis & Synthesis Source Files Read
  6. Analysis & Synthesis Resource Usage Summary
  7. Analysis & Synthesis Resource Utilization by Entity
  8. State Machine - |top|iic_drive:iic_drive_inst|iic_state
  9. State Machine - |top|key:key_inst|key_status
 10. Registers Removed During Synthesis
 11. General Register Statistics
 12. Inverted Register Statistics
 13. Multiplexer Restructuring Statistics (Restructuring Performed)
 14. Parameter Settings for User Entity Instance: key:key_inst
 15. Parameter Settings for User Entity Instance: iic_drive:iic_drive_inst
 16. Parameter Settings for User Entity Instance: seg:seg_inst
 17. Port Connectivity Checks: "seg:seg_inst"
 18. Port Connectivity Checks: "iic_drive:iic_drive_inst"
 19. Post-Synthesis Netlist Statistics for Top Partition
 20. Elapsed Time Per Partition
 21. Analysis & Synthesis Messages
 22. Analysis & Synthesis Suppressed Messages



----------------
; Legal Notice ;
----------------
Copyright (C) 2024  Intel Corporation. All rights reserved.
Your use of Intel Corporation's design tools, logic functions 
and other software and tools, and any partner logic 
functions, and any output files from any of the foregoing 
(including device programming or simulation files), and any 
associated documentation or information are expressly subject 
to the terms and conditions of the Intel Program License 
Subscription Agreement, the Intel Quartus Prime License Agreement,
the Intel FPGA IP License Agreement, or other applicable license
agreement, including, without limitation, that your use is for
the sole purpose of programming logic devices manufactured by
Intel and sold by Intel or its authorized distributors.  Please
refer to the applicable agreement for further details, at
https://fpgasoftware.intel.com/eula.



+-------------------------------------------------------------------------------------+
; Analysis & Synthesis Summary                                                        ;
+------------------------------------+------------------------------------------------+
; Analysis & Synthesis Status        ; Successful - Fri Oct 17 16:17:00 2025          ;
; Quartus Prime Version              ; 23.1std.1 Build 993 05/14/2024 SC Lite Edition ;
; Revision Name                      ; top                                            ;
; Top-level Entity Name              ; top                                            ;
; Family                             ; Cyclone IV E                                   ;
; Total logic elements               ; 299                                            ;
;     Total combinational functions  ; 273                                            ;
;     Dedicated logic registers      ; 149                                            ;
; Total registers                    ; 149                                            ;
; Total pins                         ; 24                                             ;
; Total virtual pins                 ; 0                                              ;
; Total memory bits                  ; 0                                              ;
; Embedded Multiplier 9-bit elements ; 0                                              ;
; Total PLLs                         ; 0                                              ;
+------------------------------------+------------------------------------------------+


+------------------------------------------------------------------------------------------------------------+
; Analysis & Synthesis Settings                                                                              ;
+------------------------------------------------------------------+--------------------+--------------------+
; Option                                                           ; Setting            ; Default Value      ;
+------------------------------------------------------------------+--------------------+--------------------+
; Device                                                           ; EP4CE6E22C8        ;                    ;
; Top-level entity name                                            ; top                ; top                ;
; Family name                                                      ; Cyclone IV E       ; Cyclone V          ;
; Use smart compilation                                            ; Off                ; Off                ;
; Enable parallel Assembler and Timing Analyzer during compilation ; On                 ; On                 ;
; Enable compact report table                                      ; Off                ; Off                ;
; Restructure Multiplexers                                         ; Auto               ; Auto               ;
; Create Debugging Nodes for IP Cores                              ; Off                ; Off                ;
; Preserve fewer node names                                        ; On                 ; On                 ;
; Intel FPGA IP Evaluation Mode                                    ; Enable             ; Enable             ;
; Verilog Version                                                  ; Verilog_2001       ; Verilog_2001       ;
; VHDL Version                                                     ; VHDL_1993          ; VHDL_1993          ;
; State Machine Processing                                         ; Auto               ; Auto               ;
; Safe State Machine                                               ; Off                ; Off                ;
; Extract Verilog State Machines                                   ; On                 ; On                 ;
; Extract VHDL State Machines                                      ; On                 ; On                 ;
; Ignore Verilog initial constructs                                ; Off                ; Off                ;
; Iteration limit for constant Verilog loops                       ; 5000               ; 5000               ;
; Iteration limit for non-constant Verilog loops                   ; 250                ; 250                ;
; Add Pass-Through Logic to Inferred RAMs                          ; On                 ; On                 ;
; Infer RAMs from Raw Logic                                        ; On                 ; On                 ;
; Parallel Synthesis                                               ; On                 ; On                 ;
; DSP Block Balancing                                              ; Auto               ; Auto               ;
; NOT Gate Push-Back                                               ; On                 ; On                 ;
; Power-Up Don't Care                                              ; On                 ; On                 ;
; Remove Redundant Logic Cells                                     ; Off                ; Off                ;
; Remove Duplicate Registers                                       ; On                 ; On                 ;
; Ignore CARRY Buffers                                             ; Off                ; Off                ;
; Ignore CASCADE Buffers                                           ; Off                ; Off                ;
; Ignore GLOBAL Buffers                                            ; Off                ; Off                ;
; Ignore ROW GLOBAL Buffers                                        ; Off                ; Off                ;
; Ignore LCELL Buffers                                             ; Off                ; Off                ;
; Ignore SOFT Buffers                                              ; On                 ; On                 ;
; Limit AHDL Integers to 32 Bits                                   ; Off                ; Off                ;
; Optimization Technique                                           ; Balanced           ; Balanced           ;
; Carry Chain Length                                               ; 70                 ; 70                 ;
; Auto Carry Chains                                                ; On                 ; On                 ;
; Auto Open-Drain Pins                                             ; On                 ; On                 ;
; Perform WYSIWYG Primitive Resynthesis                            ; Off                ; Off                ;
; Auto ROM Replacement                                             ; On                 ; On                 ;
; Auto RAM Replacement                                             ; On                 ; On                 ;
; Auto DSP Block Replacement                                       ; On                 ; On                 ;
; Auto Shift Register Replacement                                  ; Auto               ; Auto               ;
; Allow Shift Register Merging across Hierarchies                  ; Auto               ; Auto               ;
; Auto Clock Enable Replacement                                    ; On                 ; On                 ;
; Strict RAM Replacement                                           ; Off                ; Off                ;
; Allow Synchronous Control Signals                                ; On                 ; On                 ;
; Force Use of Synchronous Clear Signals                           ; Off                ; Off                ;
; Auto RAM Block Balancing                                         ; On                 ; On                 ;
; Auto RAM to Logic Cell Conversion                                ; Off                ; Off                ;
; Auto Resource Sharing                                            ; Off                ; Off                ;
; Allow Any RAM Size For Recognition                               ; Off                ; Off                ;
; Allow Any ROM Size For Recognition                               ; Off                ; Off                ;
; Allow Any Shift Register Size For Recognition                    ; Off                ; Off                ;
; Use LogicLock Constraints during Resource Balancing              ; On                 ; On                 ;
; Ignore translate_off and synthesis_off directives                ; Off                ; Off                ;
; Timing-Driven Synthesis                                          ; On                 ; On                 ;
; Report Parameter Settings                                        ; On                 ; On                 ;
; Report Source Assignments                                        ; On                 ; On                 ;
; Report Connectivity Checks                                       ; On                 ; On                 ;
; Ignore Maximum Fan-Out Assignments                               ; Off                ; Off                ;
; Synchronization Register Chain Length                            ; 2                  ; 2                  ;
; Power Optimization During Synthesis                              ; Normal compilation ; Normal compilation ;
; HDL message level                                                ; Level2             ; Level2             ;
; Suppress Register Optimization Related Messages                  ; Off                ; Off                ;
; Number of Removed Registers Reported in Synthesis Report         ; 5000               ; 5000               ;
; Number of Swept Nodes Reported in Synthesis Report               ; 5000               ; 5000               ;
; Number of Inverted Registers Reported in Synthesis Report        ; 100                ; 100                ;
; Clock MUX Protection                                             ; On                 ; On                 ;
; Auto Gated Clock Conversion                                      ; Off                ; Off                ;
; Block Design Naming                                              ; Auto               ; Auto               ;
; SDC constraint protection                                        ; Off                ; Off                ;
; Synthesis Effort                                                 ; Auto               ; Auto               ;
; Shift Register Replacement - Allow Asynchronous Clear Signal     ; On                 ; On                 ;
; Pre-Mapping Resynthesis Optimization                             ; Off                ; Off                ;
; Analysis & Synthesis Message Level                               ; Medium             ; Medium             ;
; Disable Register Merging Across Hierarchies                      ; Auto               ; Auto               ;
; Resource Aware Inference For Block RAM                           ; On                 ; On                 ;
+------------------------------------------------------------------+--------------------+--------------------+


+------------------------------------------+
; Parallel Compilation                     ;
+----------------------------+-------------+
; Processors                 ; Number      ;
+----------------------------+-------------+
; Number detected on machine ; 4           ;
; Maximum allowed            ; 4           ;
;                            ;             ;
; Average used               ; 1.00        ;
; Maximum used               ; 4           ;
;                            ;             ;
; Usage by Processor         ; % Time Used ;
;     Processor 1            ; 100.0%      ;
;     Processors 2-4         ;   0.0%      ;
+----------------------------+-------------+


+---------------------------------------------------------------------------------------------------------------------------------------------+
; Analysis & Synthesis Source Files Read                                                                                                      ;
+----------------------------------+-----------------+------------------------+-----------------------------------------------------+---------+
; File Name with User-Entered Path ; Used in Netlist ; File Type              ; File Name with Absolute Path                        ; Library ;
+----------------------------------+-----------------+------------------------+-----------------------------------------------------+---------+
; seg.v                            ; yes             ; User Verilog HDL File  ; C:/Users/4T/Desktop/123/EX17_Mem_eeprom/seg.v       ;         ;
; key.v                            ; yes             ; User Verilog HDL File  ; C:/Users/4T/Desktop/123/EX17_Mem_eeprom/key.v       ;         ;
; iic_drive.v                      ; yes             ; User Verilog HDL File  ; C:/Users/4T/Desktop/123/EX17_Mem_eeprom/iic_drive.v ;         ;
; top.v                            ; yes             ; User Verilog HDL File  ; C:/Users/4T/Desktop/123/EX17_Mem_eeprom/top.v       ;         ;
+----------------------------------+-----------------+------------------------+-----------------------------------------------------+---------+


+-------------------------------------------------------------+
; Analysis & Synthesis Resource Usage Summary                 ;
+---------------------------------------------+---------------+
; Resource                                    ; Usage         ;
+---------------------------------------------+---------------+
; Estimated Total logic elements              ; 299           ;
;                                             ;               ;
; Total combinational functions               ; 273           ;
; Logic element usage by number of LUT inputs ;               ;
;     -- 4 input functions                    ; 139           ;
;     -- 3 input functions                    ; 33            ;
;     -- <=2 input functions                  ; 101           ;
;                                             ;               ;
; Logic elements by mode                      ;               ;
;     -- normal mode                          ; 198           ;
;     -- arithmetic mode                      ; 75            ;
;                                             ;               ;
; Total registers                             ; 149           ;
;     -- Dedicated logic registers            ; 149           ;
;     -- I/O registers                        ; 0             ;
;                                             ;               ;
; I/O pins                                    ; 24            ;
;                                             ;               ;
; Embedded Multiplier 9-bit elements          ; 0             ;
;                                             ;               ;
; Maximum fan-out node                        ; sys_clk~input ;
; Maximum fan-out                             ; 149           ;
; Total fan-out                               ; 1401          ;
; Average fan-out                             ; 2.97          ;
+---------------------------------------------+---------------+


+-----------------------------------------------------------------------------------------------------------------------------------------------------------------------------------------------------------------------+
; Analysis & Synthesis Resource Utilization by Entity                                                                                                                                                                   ;
+-------------------------------+---------------------+---------------------------+-------------+--------------+---------+-----------+------+--------------+-------------------------------+-------------+--------------+
; Compilation Hierarchy Node    ; Combinational ALUTs ; Dedicated Logic Registers ; Memory Bits ; DSP Elements ; DSP 9x9 ; DSP 18x18 ; Pins ; Virtual Pins ; Full Hierarchy Name           ; Entity Name ; Library Name ;
+-------------------------------+---------------------+---------------------------+-------------+--------------+---------+-----------+------+--------------+-------------------------------+-------------+--------------+
; |top                          ; 273 (30)            ; 149 (18)                  ; 0           ; 0            ; 0       ; 0         ; 24   ; 0            ; |top                          ; top         ; work         ;
;    |iic_drive:iic_drive_inst| ; 137 (137)           ; 68 (68)                   ; 0           ; 0            ; 0       ; 0         ; 0    ; 0            ; |top|iic_drive:iic_drive_inst ; iic_drive   ; work         ;
;    |key:key_inst|             ; 49 (49)             ; 24 (24)                   ; 0           ; 0            ; 0       ; 0         ; 0    ; 0            ; |top|key:key_inst             ; key         ; work         ;
;    |seg:seg_inst|             ; 57 (57)             ; 39 (39)                   ; 0           ; 0            ; 0       ; 0         ; 0    ; 0            ; |top|seg:seg_inst             ; seg         ; work         ;
+-------------------------------+---------------------+---------------------------+-------------+--------------+---------+-----------+------+--------------+-------------------------------+-------------+--------------+
Note: For table entries with two numbers listed, the numbers in parentheses indicate the number of resources of the given type used by the specific entity alone. The numbers listed outside of parentheses indicate the total resources of the given type used by the specific entity and all of its sub-entities in the hierarchy.


Encoding Type:  One-Hot
+---------------------------------------------------------------------------------------------------------------------------------------------------------------------------------------------+
; State Machine - |top|iic_drive:iic_drive_inst|iic_state                                                                                                                                     ;
+-------------------------------+----------------+------------------+-------------------------------+------------------+-----------------------+-----------------------------+----------------+
; Name                          ; iic_state.STOP ; iic_state.R_DATA ; iic_state.R_START_DEVICE_ADDR ; iic_state.W_DATA ; iic_state.W_WORD_ADDR ; iic_state.START_DEVICE_ADDR ; iic_state.IDLE ;
+-------------------------------+----------------+------------------+-------------------------------+------------------+-----------------------+-----------------------------+----------------+
; iic_state.IDLE                ; 0              ; 0                ; 0                             ; 0                ; 0                     ; 0                           ; 0              ;
; iic_state.START_DEVICE_ADDR   ; 0              ; 0                ; 0                             ; 0                ; 0                     ; 1                           ; 1              ;
; iic_state.W_WORD_ADDR         ; 0              ; 0                ; 0                             ; 0                ; 1                     ; 0                           ; 1              ;
; iic_state.W_DATA              ; 0              ; 0                ; 0                             ; 1                ; 0                     ; 0                           ; 1              ;
; iic_state.R_START_DEVICE_ADDR ; 0              ; 0                ; 1                             ; 0                ; 0                     ; 0                           ; 1              ;
; iic_state.R_DATA              ; 0              ; 1                ; 0                             ; 0                ; 0                     ; 0                           ; 1              ;
; iic_state.STOP                ; 1              ; 0                ; 0                             ; 0                ; 0                     ; 0                           ; 1              ;
+-------------------------------+----------------+------------------+-------------------------------+------------------+-----------------------+-----------------------------+----------------+


Encoding Type:  One-Hot
+----------------------------------------------------------------------------+
; State Machine - |top|key:key_inst|key_status                               ;
+-------------------+-----------------+-------------------+------------------+
; Name              ; key_status.IDLE ; key_status.RELESE ; key_status.PRESS ;
+-------------------+-----------------+-------------------+------------------+
; key_status.IDLE   ; 0               ; 0                 ; 0                ;
; key_status.PRESS  ; 1               ; 0                 ; 1                ;
; key_status.RELESE ; 1               ; 1                 ; 0                ;
+-------------------+-----------------+-------------------+------------------+


+-----------------------------------------------------------------------------------------------------+
; Registers Removed During Synthesis                                                                  ;
+----------------------------------------------+------------------------------------------------------+
; Register name                                ; Reason for Removal                                   ;
+----------------------------------------------+------------------------------------------------------+
; seg:seg_inst|seg[7]                          ; Stuck at VCC due to stuck port data_in               ;
; iic_drive:iic_drive_inst|word_addr_reg[0..7] ; Stuck at GND due to stuck port data_in               ;
; iic_drive:iic_drive_inst|bit_cnt_num[3]      ; Stuck at VCC due to stuck port data_in               ;
; iic_drive:iic_drive_inst|bit_cnt_num[2]      ; Stuck at GND due to stuck port data_in               ;
; iic_drive:iic_drive_inst|bit_cnt_num[0]      ; Merged with iic_drive:iic_drive_inst|bit_cnt_num[1]  ;
; iic_drive:iic_drive_inst|byte_cnt_num[1..6]  ; Merged with iic_drive:iic_drive_inst|byte_cnt_num[7] ;
; iic_drive:iic_drive_inst|byte_cnt_num[7]     ; Stuck at GND due to stuck port data_in               ;
; key:key_inst|key_status~9                    ; Lost fanout                                          ;
; key:key_inst|key_status.RELESE               ; Lost fanout                                          ;
; key:key_inst|key_count[0]                    ; Merged with seg:seg_inst|counter[0]                  ;
; key:key_inst|key_count[1]                    ; Merged with seg:seg_inst|counter[1]                  ;
; Total Number of Removed Registers = 23       ;                                                      ;
+----------------------------------------------+------------------------------------------------------+


+------------------------------------------------------+
; General Register Statistics                          ;
+----------------------------------------------+-------+
; Statistic                                    ; Value ;
+----------------------------------------------+-------+
; Total registers                              ; 149   ;
; Number of registers using Synchronous Clear  ; 26    ;
; Number of registers using Synchronous Load   ; 0     ;
; Number of registers using Asynchronous Clear ; 145   ;
; Number of registers using Asynchronous Load  ; 0     ;
; Number of registers using Clock Enable       ; 39    ;
; Number of registers using Preset             ; 0     ;
+----------------------------------------------+-------+


+---------------------------------------------------+
; Inverted Register Statistics                      ;
+-----------------------------------------+---------+
; Inverted Register                       ; Fan out ;
+-----------------------------------------+---------+
; seg:seg_inst|seg[0]                     ; 1       ;
; seg:seg_inst|seg[1]                     ; 1       ;
; seg:seg_inst|seg[2]                     ; 1       ;
; seg:seg_inst|seg[3]                     ; 1       ;
; seg:seg_inst|seg[4]                     ; 1       ;
; seg:seg_inst|seg[5]                     ; 1       ;
; seg:seg_inst|seg[6]                     ; 1       ;
; seg:seg_inst|sel[0]                     ; 1       ;
; seg:seg_inst|sel[1]                     ; 1       ;
; seg:seg_inst|sel[2]                     ; 1       ;
; seg:seg_inst|sel[3]                     ; 1       ;
; seg:seg_inst|sel[4]                     ; 1       ;
; seg:seg_inst|sel[5]                     ; 1       ;
; seg:seg_inst|sel[6]                     ; 1       ;
; seg:seg_inst|sel[7]                     ; 1       ;
; iic_drive:iic_drive_inst|iic_scl        ; 2       ;
; iic_drive:iic_drive_inst|iic_ready      ; 3       ;
; iic_drive:iic_drive_inst|sda_out        ; 7       ;
; iic_drive:iic_drive_inst|sda_ctrl       ; 10      ;
; key:key_inst|key_value[1]               ; 6       ;
; key:key_inst|key_value[0]               ; 6       ;
; key:key_inst|key_value[2]               ; 5       ;
; key:key_inst|key_value[3]               ; 5       ;
; Total number of inverted registers = 23 ;         ;
+-----------------------------------------+---------+


+---------------------------------------------------------------------------------------------------------------------------------------------------------+
; Multiplexer Restructuring Statistics (Restructuring Performed)                                                                                          ;
+--------------------+-----------+---------------+----------------------+------------------------+------------+-------------------------------------------+
; Multiplexer Inputs ; Bus Width ; Baseline Area ; Area if Restructured ; Saving if Restructured ; Registered ; Example Multiplexer Output                ;
+--------------------+-----------+---------------+----------------------+------------------------+------------+-------------------------------------------+
; 3:1                ; 12 bits   ; 24 LEs        ; 12 LEs               ; 12 LEs                 ; Yes        ; |top|iic_drive:iic_drive_inst|cnt_scl[6]  ;
; 4:1                ; 4 bits    ; 8 LEs         ; 4 LEs                ; 4 LEs                  ; Yes        ; |top|iic_drive:iic_drive_inst|bit_cnt[0]  ;
; 4:1                ; 8 bits    ; 16 LEs        ; 8 LEs                ; 8 LEs                  ; Yes        ; |top|iic_drive:iic_drive_inst|byte_cnt[2] ;
; 4:1                ; 8 bits    ; 16 LEs        ; 16 LEs               ; 0 LEs                  ; Yes        ; |top|cnt_key[6]                           ;
; 16:1               ; 4 bits    ; 40 LEs        ; 12 LEs               ; 28 LEs                 ; Yes        ; |top|seg:seg_inst|bcd[0]                  ;
; 3:1                ; 4 bits    ; 8 LEs         ; 4 LEs                ; 4 LEs                  ; Yes        ; |top|key:key_inst|key_value[1]            ;
; 6:1                ; 2 bits    ; 8 LEs         ; 4 LEs                ; 4 LEs                  ; No         ; |top|key:key_inst|key_status              ;
+--------------------+-----------+---------------+----------------------+------------------------+------------+-------------------------------------------+


+-----------------------------------------------------------+
; Parameter Settings for User Entity Instance: key:key_inst ;
+----------------+----------------------+-------------------+
; Parameter Name ; Value                ; Type              ;
+----------------+----------------------+-------------------+
; MS_MAX         ; 01111010000100100000 ; Unsigned Binary   ;
; key_val_S1     ; 0001                 ; Unsigned Binary   ;
; key_val_S2     ; 0010                 ; Unsigned Binary   ;
; key_val_S3     ; 0100                 ; Unsigned Binary   ;
; key_val_S4     ; 1000                 ; Unsigned Binary   ;
; key_val_NONE   ; 1111                 ; Unsigned Binary   ;
; IDLE           ; 0                    ; Signed Integer    ;
; PRESS          ; 1                    ; Signed Integer    ;
; RELESE         ; 2                    ; Signed Integer    ;
+----------------+----------------------+-------------------+
Note: In order to hide this table in the UI and the text report file, please set the "Show Parameter Settings in Synthesis Report" option in "Analysis and Synthesis Settings -> More Settings" to "Off".


+-----------------------------------------------------------------------+
; Parameter Settings for User Entity Instance: iic_drive:iic_drive_inst ;
+----------------+----------------------------------+-------------------+
; Parameter Name ; Value                            ; Type              ;
+----------------+----------------------------------+-------------------+
; SYS_CLK        ; 0010111110101111000010000000     ; Unsigned Binary   ;
; IIC_SCL        ; 0000000000011000011010100000     ; Unsigned Binary   ;
; DEVICE_ADDR    ; 1010000                          ; Unsigned Binary   ;
; ADDR_BYTE_NUM  ; 00000000000000000000000000000001 ; Unsigned Binary   ;
; DATA_BYTE_NUM  ; 00000000000000000000000000000001 ; Unsigned Binary   ;
+----------------+----------------------------------+-------------------+
Note: In order to hide this table in the UI and the text report file, please set the "Show Parameter Settings in Synthesis Report" option in "Analysis and Synthesis Settings -> More Settings" to "Off".


+-----------------------------------------------------------+
; Parameter Settings for User Entity Instance: seg:seg_inst ;
+----------------+------------------+-----------------------+
; Parameter Name ; Value            ; Type                  ;
+----------------+------------------+-----------------------+
; DIGIT0         ; 11000000         ; Unsigned Binary       ;
; DIGIT1         ; 11111001         ; Unsigned Binary       ;
; DIGIT2         ; 10100100         ; Unsigned Binary       ;
; DIGIT3         ; 10110000         ; Unsigned Binary       ;
; DIGIT4         ; 10011001         ; Unsigned Binary       ;
; DIGIT5         ; 10010010         ; Unsigned Binary       ;
; DIGIT6         ; 10000010         ; Unsigned Binary       ;
; DIGIT7         ; 11111000         ; Unsigned Binary       ;
; DIGIT8         ; 10000000         ; Unsigned Binary       ;
; DIGIT9         ; 10010000         ; Unsigned Binary       ;
; DIGIFF         ; 11111111         ; Unsigned Binary       ;
; COUNTER_MAX    ; 1100001101010000 ; Unsigned Binary       ;
+----------------+------------------+-----------------------+
Note: In order to hide this table in the UI and the text report file, please set the "Show Parameter Settings in Synthesis Report" option in "Analysis and Synthesis Settings -> More Settings" to "Off".


+------------------------------------------------+
; Port Connectivity Checks: "seg:seg_inst"       ;
+--------------+-------+----------+--------------+
; Port         ; Type  ; Severity ; Details      ;
+--------------+-------+----------+--------------+
; dsp_data[31] ; Input ; Info     ; Stuck at VCC ;
; dsp_data[30] ; Input ; Info     ; Stuck at GND ;
; dsp_data[29] ; Input ; Info     ; Stuck at VCC ;
; dsp_data[28] ; Input ; Info     ; Stuck at GND ;
; dsp_data[27] ; Input ; Info     ; Stuck at VCC ;
; dsp_data[26] ; Input ; Info     ; Stuck at GND ;
; dsp_data[25] ; Input ; Info     ; Stuck at VCC ;
; dsp_data[24] ; Input ; Info     ; Stuck at GND ;
; dsp_data[23] ; Input ; Info     ; Stuck at VCC ;
; dsp_data[22] ; Input ; Info     ; Stuck at GND ;
; dsp_data[21] ; Input ; Info     ; Stuck at VCC ;
; dsp_data[20] ; Input ; Info     ; Stuck at GND ;
; dsp_data[19] ; Input ; Info     ; Stuck at VCC ;
; dsp_data[18] ; Input ; Info     ; Stuck at GND ;
; dsp_data[17] ; Input ; Info     ; Stuck at VCC ;
; dsp_data[16] ; Input ; Info     ; Stuck at GND ;
+--------------+-------+----------+--------------+


+------------------------------------------------------------------------------------------------------------------------------------------------------------------------------------------------------------------------------+
; Port Connectivity Checks: "iic_drive:iic_drive_inst"                                                                                                                                                                         ;
+---------------------+--------+----------+------------------------------------------------------------------------------------------------------------------------------------------------------------------------------------+
; Port                ; Type   ; Severity ; Details                                                                                                                                                                            ;
+---------------------+--------+----------+------------------------------------------------------------------------------------------------------------------------------------------------------------------------------------+
; iic_word_addr       ; Input  ; Warning  ; Input port expression (32 bits) is wider than the input port (8 bits) it drives.  The 24 most-significant bit(s) in the expression will be dangling if they have no other fanouts. ;
; iic_word_addr[7..0] ; Input  ; Info     ; Stuck at GND                                                                                                                                                                       ;
; iic_ack_error       ; Output ; Info     ; Connected to dangling logic. Logic that only feeds a dangling port will be removed.                                                                                                ;
+---------------------+--------+----------+------------------------------------------------------------------------------------------------------------------------------------------------------------------------------------+


+-----------------------------------------------------+
; Post-Synthesis Netlist Statistics for Top Partition ;
+-----------------------+-----------------------------+
; Type                  ; Count                       ;
+-----------------------+-----------------------------+
; boundary_port         ; 24                          ;
; cycloneiii_ff         ; 149                         ;
;     CLR               ; 94                          ;
;     CLR SCLR          ; 16                          ;
;     ENA               ; 2                           ;
;     ENA CLR           ; 27                          ;
;     ENA CLR SCLR      ; 8                           ;
;     ENA SCLR          ; 2                           ;
; cycloneiii_io_obuf    ; 1                           ;
; cycloneiii_lcell_comb ; 290                         ;
;     arith             ; 75                          ;
;         2 data inputs ; 67                          ;
;         3 data inputs ; 8                           ;
;     normal            ; 215                         ;
;         0 data inputs ; 2                           ;
;         1 data inputs ; 21                          ;
;         2 data inputs ; 28                          ;
;         3 data inputs ; 25                          ;
;         4 data inputs ; 139                         ;
;                       ;                             ;
; Max LUT depth         ; 7.30                        ;
; Average LUT depth     ; 3.56                        ;
+-----------------------+-----------------------------+


+-------------------------------+
; Elapsed Time Per Partition    ;
+----------------+--------------+
; Partition Name ; Elapsed Time ;
+----------------+--------------+
; Top            ; 00:00:01     ;
+----------------+--------------+


+-------------------------------+
; Analysis & Synthesis Messages ;
+-------------------------------+
Info: *******************************************************************
Info: Running Quartus Prime Analysis & Synthesis
    Info: Version 23.1std.1 Build 993 05/14/2024 SC Lite Edition
    Info: Processing started: Fri Oct 17 16:16:48 2025
Info: Command: quartus_map --read_settings_files=on --write_settings_files=off top -c top
Warning (18236): Number of processors has not been specified which may cause overloading on shared machines.  Set the global assignment NUM_PARALLEL_PROCESSORS in your QSF to an appropriate value for best performance.
Info (20030): Parallel compilation is enabled and will use 4 of the 4 processors detected
Info (12021): Found 1 design units, including 1 entities, in source file tb_iic_drive.v
    Info (12023): Found entity 1: tb_iic_drive File: C:/Users/4T/Desktop/123/EX17_Mem_eeprom/tb_iic_drive.v Line: 2
Info (12021): Found 1 design units, including 1 entities, in source file seg.v
    Info (12023): Found entity 1: seg File: C:/Users/4T/Desktop/123/EX17_Mem_eeprom/seg.v Line: 1
Info (12021): Found 1 design units, including 1 entities, in source file m24lc64.v
    Info (12023): Found entity 1: M24LC64 File: C:/Users/4T/Desktop/123/EX17_Mem_eeprom/M24LC64.v Line: 87
Info (12021): Found 1 design units, including 1 entities, in source file key.v
    Info (12023): Found entity 1: key File: C:/Users/4T/Desktop/123/EX17_Mem_eeprom/key.v Line: 1
Info (12021): Found 1 design units, including 1 entities, in source file iic_drive.v
    Info (12023): Found entity 1: iic_drive File: C:/Users/4T/Desktop/123/EX17_Mem_eeprom/iic_drive.v Line: 23
Info (12021): Found 1 design units, including 1 entities, in source file top.v
    Info (12023): Found entity 1: top File: C:/Users/4T/Desktop/123/EX17_Mem_eeprom/top.v Line: 1
Info (12127): Elaborating entity "top" for the top level hierarchy
Info (12128): Elaborating entity "key" for hierarchy "key:key_inst" File: C:/Users/4T/Desktop/123/EX17_Mem_eeprom/top.v Line: 88
Info (12128): Elaborating entity "iic_drive" for hierarchy "iic_drive:iic_drive_inst" File: C:/Users/4T/Desktop/123/EX17_Mem_eeprom/top.v Line: 115
Warning (10230): Verilog HDL assignment warning at iic_drive.v(288): truncated value with size 32 to match size of target (8) File: C:/Users/4T/Desktop/123/EX17_Mem_eeprom/iic_drive.v Line: 288
Warning (10230): Verilog HDL assignment warning at iic_drive.v(290): truncated value with size 32 to match size of target (8) File: C:/Users/4T/Desktop/123/EX17_Mem_eeprom/iic_drive.v Line: 290
Info (10264): Verilog HDL Case Statement information at iic_drive.v(371): all case item expressions in this case statement are onehot File: C:/Users/4T/Desktop/123/EX17_Mem_eeprom/iic_drive.v Line: 371
Info (12128): Elaborating entity "seg" for hierarchy "seg:seg_inst" File: C:/Users/4T/Desktop/123/EX17_Mem_eeprom/top.v Line: 125
Warning (12241): 1 hierarchies have connectivity warnings - see the Connectivity Checks report folder
Info (13000): Registers with preset signals will power-up high File: C:/Users/4T/Desktop/123/EX17_Mem_eeprom/seg.v Line: 69
Info (13003): DEV_CLRn pin will set, and not reset, register with preset signal due to NOT Gate Push-Back
Warning (13024): Output pins are stuck at VCC or GND
    Warning (13410): Pin "seg[7]" is stuck at VCC File: C:/Users/4T/Desktop/123/EX17_Mem_eeprom/top.v Line: 7
Info (286030): Timing-Driven Synthesis is running
Info (17049): 2 registers lost all their fanouts during netlist optimizations.
Info (144001): Generated suppressed messages file C:/Users/4T/Desktop/123/EX17_Mem_eeprom/output_files/top.map.smsg
Info (16010): Generating hard_block partition "hard_block:auto_generated_inst"
    Info (16011): Adding 0 node(s), including 0 DDIO, 0 PLL, 0 transceiver and 0 LCELL
Info (21057): Implemented 323 device resources after synthesis - the final resource count might be different
    Info (21058): Implemented 6 input pins
    Info (21059): Implemented 17 output pins
    Info (21060): Implemented 1 bidirectional pins
    Info (21061): Implemented 299 logic cells
Info: Quartus Prime Analysis & Synthesis was successful. 0 errors, 6 warnings
    Info: Peak virtual memory: 4766 megabytes
    Info: Processing ended: Fri Oct 17 16:17:00 2025
    Info: Elapsed time: 00:00:12
    Info: Total CPU time (on all processors): 00:00:22


+------------------------------------------+
; Analysis & Synthesis Suppressed Messages ;
+------------------------------------------+
The suppressed messages can be found in C:/Users/4T/Desktop/123/EX17_Mem_eeprom/output_files/top.map.smsg.


