Analysis & Synthesis report for top
Fri Oct 18 11:43:03 2024
Quartus Prime Version 23.1std.1 Build 993 05/14/2024 SC Lite Edition


---------------------
; Table of Contents ;
---------------------
  1. Legal Notice
  2. Analysis & Synthesis Summary
  3. Analysis & Synthesis Settings
  4. Parallel Compilation
  5. Analysis & Synthesis Source Files Read
  6. Analysis & Synthesis Resource Usage Summary
  7. Analysis & Synthesis Resource Utilization by Entity
  8. State Machine - |top|adc:adc_inst|cstate
  9. State Machine - |top|adc:adc_inst|i2c:inst_i2c|cstate
 10. Registers Removed During Synthesis
 11. Removed Registers Triggering Further Register Optimizations
 12. General Register Statistics
 13. Inverted Register Statistics
 14. Multiplexer Restructuring Statistics (Restructuring Performed)
 15. Parameter Settings for User Entity Instance: adc:adc_inst|i2c:inst_i2c
 16. Parameter Settings for Inferred Entity Instance: lpm_divide:Mod1
 17. Parameter Settings for Inferred Entity Instance: lpm_divide:Div0
 18. Parameter Settings for Inferred Entity Instance: lpm_divide:Mod0
 19. Parameter Settings for Inferred Entity Instance: lpm_divide:Div2
 20. Parameter Settings for Inferred Entity Instance: lpm_divide:Div1
 21. Port Connectivity Checks: "adc:adc_inst|i2c:inst_i2c"
 22. Port Connectivity Checks: "adc:adc_inst"
 23. Post-Synthesis Netlist Statistics for Top Partition
 24. Elapsed Time Per Partition
 25. Analysis & Synthesis Messages
 26. Analysis & Synthesis Suppressed Messages



----------------
; Legal Notice ;
----------------
Copyright (C) 2024  Intel Corporation. All rights reserved.
Your use of Intel Corporation's design tools, logic functions 
and other software and tools, and any partner logic 
functions, and any output files from any of the foregoing 
(including device programming or simulation files), and any 
associated documentation or information are expressly subject 
to the terms and conditions of the Intel Program License 
Subscription Agreement, the Intel Quartus Prime License Agreement,
the Intel FPGA IP License Agreement, or other applicable license
agreement, including, without limitation, that your use is for
the sole purpose of programming logic devices manufactured by
Intel and sold by Intel or its authorized distributors.  Please
refer to the applicable agreement for further details, at
https://fpgasoftware.intel.com/eula.



+-------------------------------------------------------------------------------------+
; Analysis & Synthesis Summary                                                        ;
+------------------------------------+------------------------------------------------+
; Analysis & Synthesis Status        ; Successful - Fri Oct 18 11:43:03 2024          ;
; Quartus Prime Version              ; 23.1std.1 Build 993 05/14/2024 SC Lite Edition ;
; Revision Name                      ; top                                            ;
; Top-level Entity Name              ; top                                            ;
; Family                             ; Cyclone IV E                                   ;
; Total logic elements               ; 440                                            ;
;     Total combinational functions  ; 424                                            ;
;     Dedicated logic registers      ; 136                                            ;
; Total registers                    ; 136                                            ;
; Total pins                         ; 20                                             ;
; Total virtual pins                 ; 0                                              ;
; Total memory bits                  ; 0                                              ;
; Embedded Multiplier 9-bit elements ; 0                                              ;
; Total PLLs                         ; 0                                              ;
+------------------------------------+------------------------------------------------+


+------------------------------------------------------------------------------------------------------------+
; Analysis & Synthesis Settings                                                                              ;
+------------------------------------------------------------------+--------------------+--------------------+
; Option                                                           ; Setting            ; Default Value      ;
+------------------------------------------------------------------+--------------------+--------------------+
; Device                                                           ; EP4CE6E22C8        ;                    ;
; Top-level entity name                                            ; top                ; top                ;
; Family name                                                      ; Cyclone IV E       ; Cyclone V          ;
; Use smart compilation                                            ; Off                ; Off                ;
; Enable parallel Assembler and Timing Analyzer during compilation ; On                 ; On                 ;
; Enable compact report table                                      ; Off                ; Off                ;
; Restructure Multiplexers                                         ; Auto               ; Auto               ;
; Create Debugging Nodes for IP Cores                              ; Off                ; Off                ;
; Preserve fewer node names                                        ; On                 ; On                 ;
; Intel FPGA IP Evaluation Mode                                    ; Enable             ; Enable             ;
; Verilog Version                                                  ; Verilog_2001       ; Verilog_2001       ;
; VHDL Version                                                     ; VHDL_1993          ; VHDL_1993          ;
; State Machine Processing                                         ; Auto               ; Auto               ;
; Safe State Machine                                               ; Off                ; Off                ;
; Extract Verilog State Machines                                   ; On                 ; On                 ;
; Extract VHDL State Machines                                      ; On                 ; On                 ;
; Ignore Verilog initial constructs                                ; Off                ; Off                ;
; Iteration limit for constant Verilog loops                       ; 5000               ; 5000               ;
; Iteration limit for non-constant Verilog loops                   ; 250                ; 250                ;
; Add Pass-Through Logic to Inferred RAMs                          ; On                 ; On                 ;
; Infer RAMs from Raw Logic                                        ; On                 ; On                 ;
; Parallel Synthesis                                               ; On                 ; On                 ;
; DSP Block Balancing                                              ; Auto               ; Auto               ;
; NOT Gate Push-Back                                               ; On                 ; On                 ;
; Power-Up Don't Care                                              ; On                 ; On                 ;
; Remove Redundant Logic Cells                                     ; Off                ; Off                ;
; Remove Duplicate Registers                                       ; On                 ; On                 ;
; Ignore CARRY Buffers                                             ; Off                ; Off                ;
; Ignore CASCADE Buffers                                           ; Off                ; Off                ;
; Ignore GLOBAL Buffers                                            ; Off                ; Off                ;
; Ignore ROW GLOBAL Buffers                                        ; Off                ; Off                ;
; Ignore LCELL Buffers                                             ; Off                ; Off                ;
; Ignore SOFT Buffers                                              ; On                 ; On                 ;
; Limit AHDL Integers to 32 Bits                                   ; Off                ; Off                ;
; Optimization Technique                                           ; Balanced           ; Balanced           ;
; Carry Chain Length                                               ; 70                 ; 70                 ;
; Auto Carry Chains                                                ; On                 ; On                 ;
; Auto Open-Drain Pins                                             ; On                 ; On                 ;
; Perform WYSIWYG Primitive Resynthesis                            ; Off                ; Off                ;
; Auto ROM Replacement                                             ; On                 ; On                 ;
; Auto RAM Replacement                                             ; On                 ; On                 ;
; Auto DSP Block Replacement                                       ; On                 ; On                 ;
; Auto Shift Register Replacement                                  ; Auto               ; Auto               ;
; Allow Shift Register Merging across Hierarchies                  ; Auto               ; Auto               ;
; Auto Clock Enable Replacement                                    ; On                 ; On                 ;
; Strict RAM Replacement                                           ; Off                ; Off                ;
; Allow Synchronous Control Signals                                ; On                 ; On                 ;
; Force Use of Synchronous Clear Signals                           ; Off                ; Off                ;
; Auto RAM Block Balancing                                         ; On                 ; On                 ;
; Auto RAM to Logic Cell Conversion                                ; Off                ; Off                ;
; Auto Resource Sharing                                            ; Off                ; Off                ;
; Allow Any RAM Size For Recognition                               ; Off                ; Off                ;
; Allow Any ROM Size For Recognition                               ; Off                ; Off                ;
; Allow Any Shift Register Size For Recognition                    ; Off                ; Off                ;
; Use LogicLock Constraints during Resource Balancing              ; On                 ; On                 ;
; Ignore translate_off and synthesis_off directives                ; Off                ; Off                ;
; Timing-Driven Synthesis                                          ; On                 ; On                 ;
; Report Parameter Settings                                        ; On                 ; On                 ;
; Report Source Assignments                                        ; On                 ; On                 ;
; Report Connectivity Checks                                       ; On                 ; On                 ;
; Ignore Maximum Fan-Out Assignments                               ; Off                ; Off                ;
; Synchronization Register Chain Length                            ; 2                  ; 2                  ;
; Power Optimization During Synthesis                              ; Normal compilation ; Normal compilation ;
; HDL message level                                                ; Level2             ; Level2             ;
; Suppress Register Optimization Related Messages                  ; Off                ; Off                ;
; Number of Removed Registers Reported in Synthesis Report         ; 5000               ; 5000               ;
; Number of Swept Nodes Reported in Synthesis Report               ; 5000               ; 5000               ;
; Number of Inverted Registers Reported in Synthesis Report        ; 100                ; 100                ;
; Clock MUX Protection                                             ; On                 ; On                 ;
; Auto Gated Clock Conversion                                      ; Off                ; Off                ;
; Block Design Naming                                              ; Auto               ; Auto               ;
; SDC constraint protection                                        ; Off                ; Off                ;
; Synthesis Effort                                                 ; Auto               ; Auto               ;
; Shift Register Replacement - Allow Asynchronous Clear Signal     ; On                 ; On                 ;
; Pre-Mapping Resynthesis Optimization                             ; Off                ; Off                ;
; Analysis & Synthesis Message Level                               ; Medium             ; Medium             ;
; Disable Register Merging Across Hierarchies                      ; Auto               ; Auto               ;
; Resource Aware Inference For Block RAM                           ; On                 ; On                 ;
+------------------------------------------------------------------+--------------------+--------------------+


+------------------------------------------+
; Parallel Compilation                     ;
+----------------------------+-------------+
; Processors                 ; Number      ;
+----------------------------+-------------+
; Number detected on machine ; 4           ;
; Maximum allowed            ; 4           ;
;                            ;             ;
; Average used               ; 1.00        ;
; Maximum used               ; 4           ;
;                            ;             ;
; Usage by Processor         ; % Time Used ;
;     Processor 1            ; 100.0%      ;
;     Processors 2-4         ;   0.0%      ;
+----------------------------+-------------+


+-----------------------------------------------------------------------------------------------------------------------------------------------------------------------------------------------------------+
; Analysis & Synthesis Source Files Read                                                                                                                                                                    ;
+----------------------------------+-----------------+------------------------------+-------------------------------------------------------------------------------------------------------------+---------+
; File Name with User-Entered Path ; Used in Netlist ; File Type                    ; File Name with Absolute Path                                                                                ; Library ;
+----------------------------------+-----------------+------------------------------+-------------------------------------------------------------------------------------------------------------+---------+
; top.v                            ; yes             ; User Verilog HDL File        ; E:/Work/[023] LQ Contest/Contest Learning Kits/Documents/CT137A/Example/EX18_ADC/top.v                      ;         ;
; seg.v                            ; yes             ; User Verilog HDL File        ; E:/Work/[023] LQ Contest/Contest Learning Kits/Documents/CT137A/Example/EX18_ADC/seg.v                      ;         ;
; i2c.v                            ; yes             ; User Verilog HDL File        ; E:/Work/[023] LQ Contest/Contest Learning Kits/Documents/CT137A/Example/EX18_ADC/i2c.v                      ;         ;
; adc.v                            ; yes             ; User Verilog HDL File        ; E:/Work/[023] LQ Contest/Contest Learning Kits/Documents/CT137A/Example/EX18_ADC/adc.v                      ;         ;
; lpm_divide.tdf                   ; yes             ; Megafunction                 ; c:/intelfpga_lite/23.1std/quartus/libraries/megafunctions/lpm_divide.tdf                                    ;         ;
; abs_divider.inc                  ; yes             ; Megafunction                 ; c:/intelfpga_lite/23.1std/quartus/libraries/megafunctions/abs_divider.inc                                   ;         ;
; sign_div_unsign.inc              ; yes             ; Megafunction                 ; c:/intelfpga_lite/23.1std/quartus/libraries/megafunctions/sign_div_unsign.inc                               ;         ;
; aglobal231.inc                   ; yes             ; Megafunction                 ; c:/intelfpga_lite/23.1std/quartus/libraries/megafunctions/aglobal231.inc                                    ;         ;
; db/lpm_divide_m9m.tdf            ; yes             ; Auto-Generated Megafunction  ; E:/Work/[023] LQ Contest/Contest Learning Kits/Documents/CT137A/Example/EX18_ADC/db/lpm_divide_m9m.tdf      ;         ;
; db/sign_div_unsign_bkh.tdf       ; yes             ; Auto-Generated Megafunction  ; E:/Work/[023] LQ Contest/Contest Learning Kits/Documents/CT137A/Example/EX18_ADC/db/sign_div_unsign_bkh.tdf ;         ;
; db/alt_u_div_a4f.tdf             ; yes             ; Auto-Generated Megafunction  ; E:/Work/[023] LQ Contest/Contest Learning Kits/Documents/CT137A/Example/EX18_ADC/db/alt_u_div_a4f.tdf       ;         ;
; db/add_sub_7pc.tdf               ; yes             ; Auto-Generated Megafunction  ; E:/Work/[023] LQ Contest/Contest Learning Kits/Documents/CT137A/Example/EX18_ADC/db/add_sub_7pc.tdf         ;         ;
; db/add_sub_8pc.tdf               ; yes             ; Auto-Generated Megafunction  ; E:/Work/[023] LQ Contest/Contest Learning Kits/Documents/CT137A/Example/EX18_ADC/db/add_sub_8pc.tdf         ;         ;
; db/lpm_divide_jhm.tdf            ; yes             ; Auto-Generated Megafunction  ; E:/Work/[023] LQ Contest/Contest Learning Kits/Documents/CT137A/Example/EX18_ADC/db/lpm_divide_jhm.tdf      ;         ;
; db/lpm_divide_p9m.tdf            ; yes             ; Auto-Generated Megafunction  ; E:/Work/[023] LQ Contest/Contest Learning Kits/Documents/CT137A/Example/EX18_ADC/db/lpm_divide_p9m.tdf      ;         ;
; db/sign_div_unsign_ekh.tdf       ; yes             ; Auto-Generated Megafunction  ; E:/Work/[023] LQ Contest/Contest Learning Kits/Documents/CT137A/Example/EX18_ADC/db/sign_div_unsign_ekh.tdf ;         ;
; db/alt_u_div_g4f.tdf             ; yes             ; Auto-Generated Megafunction  ; E:/Work/[023] LQ Contest/Contest Learning Kits/Documents/CT137A/Example/EX18_ADC/db/alt_u_div_g4f.tdf       ;         ;
; db/lpm_divide_ihm.tdf            ; yes             ; Auto-Generated Megafunction  ; E:/Work/[023] LQ Contest/Contest Learning Kits/Documents/CT137A/Example/EX18_ADC/db/lpm_divide_ihm.tdf      ;         ;
; db/sign_div_unsign_akh.tdf       ; yes             ; Auto-Generated Megafunction  ; E:/Work/[023] LQ Contest/Contest Learning Kits/Documents/CT137A/Example/EX18_ADC/db/sign_div_unsign_akh.tdf ;         ;
; db/alt_u_div_84f.tdf             ; yes             ; Auto-Generated Megafunction  ; E:/Work/[023] LQ Contest/Contest Learning Kits/Documents/CT137A/Example/EX18_ADC/db/alt_u_div_84f.tdf       ;         ;
; db/lpm_divide_mhm.tdf            ; yes             ; Auto-Generated Megafunction  ; E:/Work/[023] LQ Contest/Contest Learning Kits/Documents/CT137A/Example/EX18_ADC/db/lpm_divide_mhm.tdf      ;         ;
+----------------------------------+-----------------+------------------------------+-------------------------------------------------------------------------------------------------------------+---------+


+---------------------------------------------------------+
; Analysis & Synthesis Resource Usage Summary             ;
+---------------------------------------------+-----------+
; Resource                                    ; Usage     ;
+---------------------------------------------+-----------+
; Estimated Total logic elements              ; 440       ;
;                                             ;           ;
; Total combinational functions               ; 424       ;
; Logic element usage by number of LUT inputs ;           ;
;     -- 4 input functions                    ; 123       ;
;     -- 3 input functions                    ; 105       ;
;     -- <=2 input functions                  ; 196       ;
;                                             ;           ;
; Logic elements by mode                      ;           ;
;     -- normal mode                          ; 310       ;
;     -- arithmetic mode                      ; 114       ;
;                                             ;           ;
; Total registers                             ; 136       ;
;     -- Dedicated logic registers            ; 136       ;
;     -- I/O registers                        ; 0         ;
;                                             ;           ;
; I/O pins                                    ; 20        ;
;                                             ;           ;
; Embedded Multiplier 9-bit elements          ; 0         ;
;                                             ;           ;
; Maximum fan-out node                        ; clk~input ;
; Maximum fan-out                             ; 136       ;
; Total fan-out                               ; 1640      ;
; Average fan-out                             ; 2.73      ;
+---------------------------------------------+-----------+


+---------------------------------------------------------------------------------------------------------------------------------------------------------------------------------------------------------------------------------------------------------------------------------------------------------------+
; Analysis & Synthesis Resource Utilization by Entity                                                                                                                                                                                                                                                           ;
+----------------------------------------+---------------------+---------------------------+-------------+--------------+---------+-----------+------+--------------+------------------------------------------------------------------------------------------------------+---------------------+--------------+
; Compilation Hierarchy Node             ; Combinational ALUTs ; Dedicated Logic Registers ; Memory Bits ; DSP Elements ; DSP 9x9 ; DSP 18x18 ; Pins ; Virtual Pins ; Full Hierarchy Name                                                                                  ; Entity Name         ; Library Name ;
+----------------------------------------+---------------------+---------------------------+-------------+--------------+---------+-----------+------+--------------+------------------------------------------------------------------------------------------------------+---------------------+--------------+
; |top                                   ; 424 (29)            ; 136 (21)                  ; 0           ; 0            ; 0       ; 0         ; 20   ; 0            ; |top                                                                                                 ; top                 ; work         ;
;    |adc:adc_inst|                      ; 106 (31)            ; 60 (25)                   ; 0           ; 0            ; 0       ; 0         ; 0    ; 0            ; |top|adc:adc_inst                                                                                    ; adc                 ; work         ;
;       |i2c:inst_i2c|                   ; 75 (75)             ; 35 (35)                   ; 0           ; 0            ; 0       ; 0         ; 0    ; 0            ; |top|adc:adc_inst|i2c:inst_i2c                                                                       ; i2c                 ; work         ;
;    |lpm_divide:Div0|                   ; 56 (0)              ; 0 (0)                     ; 0           ; 0            ; 0       ; 0         ; 0    ; 0            ; |top|lpm_divide:Div0                                                                                 ; lpm_divide          ; work         ;
;       |lpm_divide_jhm:auto_generated|  ; 56 (0)              ; 0 (0)                     ; 0           ; 0            ; 0       ; 0         ; 0    ; 0            ; |top|lpm_divide:Div0|lpm_divide_jhm:auto_generated                                                   ; lpm_divide_jhm      ; work         ;
;          |sign_div_unsign_bkh:divider| ; 56 (0)              ; 0 (0)                     ; 0           ; 0            ; 0       ; 0         ; 0    ; 0            ; |top|lpm_divide:Div0|lpm_divide_jhm:auto_generated|sign_div_unsign_bkh:divider                       ; sign_div_unsign_bkh ; work         ;
;             |alt_u_div_a4f:divider|    ; 56 (56)             ; 0 (0)                     ; 0           ; 0            ; 0       ; 0         ; 0    ; 0            ; |top|lpm_divide:Div0|lpm_divide_jhm:auto_generated|sign_div_unsign_bkh:divider|alt_u_div_a4f:divider ; alt_u_div_a4f       ; work         ;
;    |lpm_divide:Div1|                   ; 18 (0)              ; 0 (0)                     ; 0           ; 0            ; 0       ; 0         ; 0    ; 0            ; |top|lpm_divide:Div1                                                                                 ; lpm_divide          ; work         ;
;       |lpm_divide_mhm:auto_generated|  ; 18 (0)              ; 0 (0)                     ; 0           ; 0            ; 0       ; 0         ; 0    ; 0            ; |top|lpm_divide:Div1|lpm_divide_mhm:auto_generated                                                   ; lpm_divide_mhm      ; work         ;
;          |sign_div_unsign_ekh:divider| ; 18 (0)              ; 0 (0)                     ; 0           ; 0            ; 0       ; 0         ; 0    ; 0            ; |top|lpm_divide:Div1|lpm_divide_mhm:auto_generated|sign_div_unsign_ekh:divider                       ; sign_div_unsign_ekh ; work         ;
;             |alt_u_div_g4f:divider|    ; 18 (18)             ; 0 (0)                     ; 0           ; 0            ; 0       ; 0         ; 0    ; 0            ; |top|lpm_divide:Div1|lpm_divide_mhm:auto_generated|sign_div_unsign_ekh:divider|alt_u_div_g4f:divider ; alt_u_div_g4f       ; work         ;
;    |lpm_divide:Div2|                   ; 43 (0)              ; 0 (0)                     ; 0           ; 0            ; 0       ; 0         ; 0    ; 0            ; |top|lpm_divide:Div2                                                                                 ; lpm_divide          ; work         ;
;       |lpm_divide_ihm:auto_generated|  ; 43 (0)              ; 0 (0)                     ; 0           ; 0            ; 0       ; 0         ; 0    ; 0            ; |top|lpm_divide:Div2|lpm_divide_ihm:auto_generated                                                   ; lpm_divide_ihm      ; work         ;
;          |sign_div_unsign_akh:divider| ; 43 (0)              ; 0 (0)                     ; 0           ; 0            ; 0       ; 0         ; 0    ; 0            ; |top|lpm_divide:Div2|lpm_divide_ihm:auto_generated|sign_div_unsign_akh:divider                       ; sign_div_unsign_akh ; work         ;
;             |alt_u_div_84f:divider|    ; 43 (43)             ; 0 (0)                     ; 0           ; 0            ; 0       ; 0         ; 0    ; 0            ; |top|lpm_divide:Div2|lpm_divide_ihm:auto_generated|sign_div_unsign_akh:divider|alt_u_div_84f:divider ; alt_u_div_84f       ; work         ;
;    |lpm_divide:Mod0|                   ; 35 (0)              ; 0 (0)                     ; 0           ; 0            ; 0       ; 0         ; 0    ; 0            ; |top|lpm_divide:Mod0                                                                                 ; lpm_divide          ; work         ;
;       |lpm_divide_p9m:auto_generated|  ; 35 (0)              ; 0 (0)                     ; 0           ; 0            ; 0       ; 0         ; 0    ; 0            ; |top|lpm_divide:Mod0|lpm_divide_p9m:auto_generated                                                   ; lpm_divide_p9m      ; work         ;
;          |sign_div_unsign_ekh:divider| ; 35 (0)              ; 0 (0)                     ; 0           ; 0            ; 0       ; 0         ; 0    ; 0            ; |top|lpm_divide:Mod0|lpm_divide_p9m:auto_generated|sign_div_unsign_ekh:divider                       ; sign_div_unsign_ekh ; work         ;
;             |alt_u_div_g4f:divider|    ; 35 (35)             ; 0 (0)                     ; 0           ; 0            ; 0       ; 0         ; 0    ; 0            ; |top|lpm_divide:Mod0|lpm_divide_p9m:auto_generated|sign_div_unsign_ekh:divider|alt_u_div_g4f:divider ; alt_u_div_g4f       ; work         ;
;    |lpm_divide:Mod1|                   ; 59 (0)              ; 0 (0)                     ; 0           ; 0            ; 0       ; 0         ; 0    ; 0            ; |top|lpm_divide:Mod1                                                                                 ; lpm_divide          ; work         ;
;       |lpm_divide_m9m:auto_generated|  ; 59 (0)              ; 0 (0)                     ; 0           ; 0            ; 0       ; 0         ; 0    ; 0            ; |top|lpm_divide:Mod1|lpm_divide_m9m:auto_generated                                                   ; lpm_divide_m9m      ; work         ;
;          |sign_div_unsign_bkh:divider| ; 59 (0)              ; 0 (0)                     ; 0           ; 0            ; 0       ; 0         ; 0    ; 0            ; |top|lpm_divide:Mod1|lpm_divide_m9m:auto_generated|sign_div_unsign_bkh:divider                       ; sign_div_unsign_bkh ; work         ;
;             |alt_u_div_a4f:divider|    ; 59 (59)             ; 0 (0)                     ; 0           ; 0            ; 0       ; 0         ; 0    ; 0            ; |top|lpm_divide:Mod1|lpm_divide_m9m:auto_generated|sign_div_unsign_bkh:divider|alt_u_div_a4f:divider ; alt_u_div_a4f       ; work         ;
;    |segdisplay:segdisplay_inst|        ; 78 (78)             ; 55 (55)                   ; 0           ; 0            ; 0       ; 0         ; 0    ; 0            ; |top|segdisplay:segdisplay_inst                                                                      ; segdisplay          ; work         ;
+----------------------------------------+---------------------+---------------------------+-------------+--------------+---------+-----------+------+--------------+------------------------------------------------------------------------------------------------------+---------------------+--------------+
Note: For table entries with two numbers listed, the numbers in parentheses indicate the number of resources of the given type used by the specific entity alone. The numbers listed outside of parentheses indicate the total resources of the given type used by the specific entity and all of its sub-entities in the hierarchy.


Encoding Type:  One-Hot
+--------------------------------------------------------------------------------------------------------------+
; State Machine - |top|adc:adc_inst|cstate                                                                     ;
+----------------+-------------+----------------+---------------+----------------+---------------+-------------+
; Name           ; cstate.DONE ; cstate.RD_WAIT ; cstate.RD_REQ ; cstate.WR_WAIT ; cstate.WR_REQ ; cstate.IDLE ;
+----------------+-------------+----------------+---------------+----------------+---------------+-------------+
; cstate.IDLE    ; 0           ; 0              ; 0             ; 0              ; 0             ; 0           ;
; cstate.WR_REQ  ; 0           ; 0              ; 0             ; 0              ; 1             ; 1           ;
; cstate.WR_WAIT ; 0           ; 0              ; 0             ; 1              ; 0             ; 1           ;
; cstate.RD_REQ  ; 0           ; 0              ; 1             ; 0              ; 0             ; 1           ;
; cstate.RD_WAIT ; 0           ; 1              ; 0             ; 0              ; 0             ; 1           ;
; cstate.DONE    ; 1           ; 0              ; 0             ; 0              ; 0             ; 1           ;
+----------------+-------------+----------------+---------------+----------------+---------------+-------------+


Encoding Type:  One-Hot
+---------------------------------------------------------------------------------------------------------------------------+
; State Machine - |top|adc:adc_inst|i2c:inst_i2c|cstate                                                                     ;
+----------------+-------------+--------------+--------------+----------------+----------------+--------------+-------------+
; Name           ; cstate.STOP ; cstate.T_ACK ; cstate.R_ACK ; cstate.RD_DATA ; cstate.WR_DATA ; cstate.START ; cstate.IDLE ;
+----------------+-------------+--------------+--------------+----------------+----------------+--------------+-------------+
; cstate.IDLE    ; 0           ; 0            ; 0            ; 0              ; 0              ; 0            ; 0           ;
; cstate.START   ; 0           ; 0            ; 0            ; 0              ; 0              ; 1            ; 1           ;
; cstate.WR_DATA ; 0           ; 0            ; 0            ; 0              ; 1              ; 0            ; 1           ;
; cstate.RD_DATA ; 0           ; 0            ; 0            ; 1              ; 0              ; 0            ; 1           ;
; cstate.R_ACK   ; 0           ; 0            ; 1            ; 0              ; 0              ; 0            ; 1           ;
; cstate.T_ACK   ; 0           ; 1            ; 0            ; 0              ; 0              ; 0            ; 1           ;
; cstate.STOP    ; 1           ; 0            ; 0            ; 0              ; 0              ; 0            ; 1           ;
+----------------+-------------+--------------+--------------+----------------+----------------+--------------+-------------+


+-------------------------------------------------------------------------------------------------+
; Registers Removed During Synthesis                                                              ;
+--------------------------------------------+----------------------------------------------------+
; Register name                              ; Reason for Removal                                 ;
+--------------------------------------------+----------------------------------------------------+
; dsp_data[27..31]                           ; Stuck at VCC due to stuck port data_in             ;
; dsp_data[26]                               ; Stuck at GND due to stuck port data_in             ;
; dsp_data[25]                               ; Stuck at VCC due to stuck port data_in             ;
; dsp_data[24]                               ; Stuck at GND due to stuck port data_in             ;
; dsp_data[23]                               ; Stuck at VCC due to stuck port data_in             ;
; dsp_data[22]                               ; Stuck at GND due to stuck port data_in             ;
; dsp_data[21]                               ; Stuck at VCC due to stuck port data_in             ;
; dsp_data[20]                               ; Stuck at GND due to stuck port data_in             ;
; dsp_data[19]                               ; Stuck at VCC due to stuck port data_in             ;
; dsp_data[18]                               ; Stuck at GND due to stuck port data_in             ;
; dsp_data[17]                               ; Stuck at VCC due to stuck port data_in             ;
; dsp_data[16]                               ; Stuck at GND due to stuck port data_in             ;
; dsp_data[15]                               ; Stuck at VCC due to stuck port data_in             ;
; dsp_data[14]                               ; Stuck at GND due to stuck port data_in             ;
; dsp_data[13]                               ; Stuck at VCC due to stuck port data_in             ;
; dsp_data[12]                               ; Stuck at GND due to stuck port data_in             ;
; segdisplay:segdisplay_inst|seg_data[7]     ; Stuck at VCC due to stuck port data_in             ;
; adc:adc_inst|device_id_w[0..2,4,6]         ; Stuck at GND due to stuck port data_in             ;
; adc:adc_inst|device_id_r[1,2,4,6]          ; Stuck at GND due to stuck port data_in             ;
; adc:adc_inst|wr_req_r                      ; Stuck at GND due to stuck port data_in             ;
; adc:adc_inst|addr_r[0..7]                  ; Stuck at GND due to stuck port data_in             ;
; adc:adc_inst|num[1]                        ; Stuck at GND due to stuck port data_in             ;
; adc:adc_inst|num[0]                        ; Stuck at VCC due to stuck port data_in             ;
; adc:adc_inst|cmd[4]                        ; Stuck at GND due to stuck port data_in             ;
; adc:adc_inst|device_id_r[3,5,7]            ; Merged with adc:adc_inst|device_id_r[0]            ;
; adc:adc_inst|device_id_w[3,5,7]            ; Merged with adc:adc_inst|device_id_r[0]            ;
; adc:adc_inst|num[2]                        ; Merged with adc:adc_inst|device_id_r[0]            ;
; adc:adc_inst|rd_req_r                      ; Merged with adc:adc_inst|device_id_r[0]            ;
; adc:adc_inst|i2c:inst_i2c|wr_data_r[2,4,6] ; Merged with adc:adc_inst|i2c:inst_i2c|wr_data_r[1] ;
; adc:adc_inst|i2c:inst_i2c|wr_data_r[5,7]   ; Merged with adc:adc_inst|i2c:inst_i2c|wr_data_r[3] ;
; adc:adc_inst|op_wr_data[2,4,6]             ; Merged with adc:adc_inst|op_wr_data[1]             ;
; adc:adc_inst|op_wr_data[5,7]               ; Merged with adc:adc_inst|op_wr_data[3]             ;
; adc:adc_inst|op_wr_data[1]                 ; Stuck at GND due to stuck port data_in             ;
; adc:adc_inst|i2c:inst_i2c|wr_data_r[1]     ; Stuck at GND due to stuck port data_in             ;
; bcd[10,11]                                 ; Stuck at GND due to stuck port data_in             ;
; dsp_data[10]                               ; Stuck at GND due to stuck port data_in             ;
; Total Number of Removed Registers = 65     ;                                                    ;
+--------------------------------------------+----------------------------------------------------+


+------------------------------------------------------------------------------------------------------------------------------+
; Removed Registers Triggering Further Register Optimizations                                                                  ;
+-----------------------------+---------------------------+--------------------------------------------------------------------+
; Register name               ; Reason for Removal        ; Registers Removed due to This Register                             ;
+-----------------------------+---------------------------+--------------------------------------------------------------------+
; adc:adc_inst|device_id_w[1] ; Stuck at GND              ; adc:adc_inst|op_wr_data[1], adc:adc_inst|i2c:inst_i2c|wr_data_r[1] ;
;                             ; due to stuck port data_in ;                                                                    ;
; bcd[10]                     ; Stuck at GND              ; dsp_data[10]                                                       ;
;                             ; due to stuck port data_in ;                                                                    ;
+-----------------------------+---------------------------+--------------------------------------------------------------------+


+------------------------------------------------------+
; General Register Statistics                          ;
+----------------------------------------------+-------+
; Statistic                                    ; Value ;
+----------------------------------------------+-------+
; Total registers                              ; 136   ;
; Number of registers using Synchronous Clear  ; 0     ;
; Number of registers using Synchronous Load   ; 0     ;
; Number of registers using Asynchronous Clear ; 117   ;
; Number of registers using Asynchronous Load  ; 0     ;
; Number of registers using Clock Enable       ; 55    ;
; Number of registers using Preset             ; 0     ;
+----------------------------------------------+-------+


+---------------------------------------------------+
; Inverted Register Statistics                      ;
+-----------------------------------------+---------+
; Inverted Register                       ; Fan out ;
+-----------------------------------------+---------+
; segdisplay:segdisplay_inst|seg_data[0]  ; 1       ;
; segdisplay:segdisplay_inst|seg_data[1]  ; 1       ;
; segdisplay:segdisplay_inst|seg_data[2]  ; 1       ;
; segdisplay:segdisplay_inst|seg_data[3]  ; 1       ;
; segdisplay:segdisplay_inst|seg_data[4]  ; 1       ;
; segdisplay:segdisplay_inst|seg_data[5]  ; 1       ;
; segdisplay:segdisplay_inst|seg_data[6]  ; 1       ;
; segdisplay:segdisplay_inst|seg_a0[0]    ; 1       ;
; segdisplay:segdisplay_inst|seg_a0[1]    ; 1       ;
; segdisplay:segdisplay_inst|seg_a0[2]    ; 1       ;
; segdisplay:segdisplay_inst|seg_a0[3]    ; 1       ;
; segdisplay:segdisplay_inst|seg_a0[4]    ; 1       ;
; segdisplay:segdisplay_inst|seg_a0[5]    ; 1       ;
; segdisplay:segdisplay_inst|seg_a0[6]    ; 1       ;
; segdisplay:segdisplay_inst|seg_a0[7]    ; 1       ;
; adc:adc_inst|i2c:inst_i2c|scl           ; 2       ;
; dsp_data[1]                             ; 1       ;
; dsp_data[9]                             ; 1       ;
; dsp_data[5]                             ; 1       ;
; dsp_data[3]                             ; 1       ;
; dsp_data[11]                            ; 1       ;
; dsp_data[7]                             ; 1       ;
; adc:adc_inst|i2c:inst_i2c|sda_out       ; 2       ;
; Total number of inverted registers = 23 ;         ;
+-----------------------------------------+---------+


+------------------------------------------------------------------------------------------------------------------------------------------------------+
; Multiplexer Restructuring Statistics (Restructuring Performed)                                                                                       ;
+--------------------+-----------+---------------+----------------------+------------------------+------------+----------------------------------------+
; Multiplexer Inputs ; Bus Width ; Baseline Area ; Area if Restructured ; Saving if Restructured ; Registered ; Example Multiplexer Output             ;
+--------------------+-----------+---------------+----------------------+------------------------+------------+----------------------------------------+
; 3:1                ; 2 bits    ; 4 LEs         ; 2 LEs                ; 2 LEs                  ; Yes        ; |top|dsp_data[8]                       ;
; 8:1                ; 4 bits    ; 20 LEs        ; 16 LEs               ; 4 LEs                  ; Yes        ; |top|segdisplay:segdisplay_inst|num[2] ;
; 11:1               ; 2 bits    ; 14 LEs        ; 6 LEs                ; 8 LEs                  ; Yes        ; |top|adc:adc_inst|cmd[1]               ;
; 3:1                ; 2 bits    ; 4 LEs         ; 2 LEs                ; 2 LEs                  ; Yes        ; |top|dsp_data[9]                       ;
+--------------------+-----------+---------------+----------------------+------------------------+------------+----------------------------------------+


+------------------------------------------------------------------------+
; Parameter Settings for User Entity Instance: adc:adc_inst|i2c:inst_i2c ;
+----------------+--------+----------------------------------------------+
; Parameter Name ; Value  ; Type                                         ;
+----------------+--------+----------------------------------------------+
; T              ; 100000 ; Signed Integer                               ;
; SCL_MAX        ; 500    ; Signed Integer                               ;
; SCL_LOW_HALF   ; 124    ; Signed Integer                               ;
; SCL_HIGH_HALF  ; 374    ; Signed Integer                               ;
+----------------+--------+----------------------------------------------+
Note: In order to hide this table in the UI and the text report file, please set the "Show Parameter Settings in Synthesis Report" option in "Analysis and Synthesis Settings -> More Settings" to "Off".


+------------------------------------------------------------------+
; Parameter Settings for Inferred Entity Instance: lpm_divide:Mod1 ;
+------------------------+----------------+------------------------+
; Parameter Name         ; Value          ; Type                   ;
+------------------------+----------------+------------------------+
; LPM_WIDTHN             ; 8              ; Untyped                ;
; LPM_WIDTHD             ; 4              ; Untyped                ;
; LPM_NREPRESENTATION    ; UNSIGNED       ; Untyped                ;
; LPM_DREPRESENTATION    ; UNSIGNED       ; Untyped                ;
; LPM_PIPELINE           ; 0              ; Untyped                ;
; LPM_REMAINDERPOSITIVE  ; TRUE           ; Untyped                ;
; MAXIMIZE_SPEED         ; 5              ; Untyped                ;
; CBXI_PARAMETER         ; lpm_divide_m9m ; Untyped                ;
; CARRY_CHAIN            ; MANUAL         ; Untyped                ;
; OPTIMIZE_FOR_SPEED     ; 5              ; Untyped                ;
; AUTO_CARRY_CHAINS      ; ON             ; AUTO_CARRY             ;
; IGNORE_CARRY_BUFFERS   ; OFF            ; IGNORE_CARRY           ;
; AUTO_CASCADE_CHAINS    ; ON             ; AUTO_CASCADE           ;
; IGNORE_CASCADE_BUFFERS ; OFF            ; IGNORE_CASCADE         ;
+------------------------+----------------+------------------------+
Note: In order to hide this table in the UI and the text report file, please set the "Show Parameter Settings in Synthesis Report" option in "Analysis and Synthesis Settings -> More Settings" to "Off".


+------------------------------------------------------------------+
; Parameter Settings for Inferred Entity Instance: lpm_divide:Div0 ;
+------------------------+----------------+------------------------+
; Parameter Name         ; Value          ; Type                   ;
+------------------------+----------------+------------------------+
; LPM_WIDTHN             ; 8              ; Untyped                ;
; LPM_WIDTHD             ; 4              ; Untyped                ;
; LPM_NREPRESENTATION    ; UNSIGNED       ; Untyped                ;
; LPM_DREPRESENTATION    ; UNSIGNED       ; Untyped                ;
; LPM_PIPELINE           ; 0              ; Untyped                ;
; LPM_REMAINDERPOSITIVE  ; TRUE           ; Untyped                ;
; MAXIMIZE_SPEED         ; 5              ; Untyped                ;
; CBXI_PARAMETER         ; lpm_divide_jhm ; Untyped                ;
; CARRY_CHAIN            ; MANUAL         ; Untyped                ;
; OPTIMIZE_FOR_SPEED     ; 5              ; Untyped                ;
; AUTO_CARRY_CHAINS      ; ON             ; AUTO_CARRY             ;
; IGNORE_CARRY_BUFFERS   ; OFF            ; IGNORE_CARRY           ;
; AUTO_CASCADE_CHAINS    ; ON             ; AUTO_CASCADE           ;
; IGNORE_CASCADE_BUFFERS ; OFF            ; IGNORE_CASCADE         ;
+------------------------+----------------+------------------------+
Note: In order to hide this table in the UI and the text report file, please set the "Show Parameter Settings in Synthesis Report" option in "Analysis and Synthesis Settings -> More Settings" to "Off".


+------------------------------------------------------------------+
; Parameter Settings for Inferred Entity Instance: lpm_divide:Mod0 ;
+------------------------+----------------+------------------------+
; Parameter Name         ; Value          ; Type                   ;
+------------------------+----------------+------------------------+
; LPM_WIDTHN             ; 8              ; Untyped                ;
; LPM_WIDTHD             ; 7              ; Untyped                ;
; LPM_NREPRESENTATION    ; UNSIGNED       ; Untyped                ;
; LPM_DREPRESENTATION    ; UNSIGNED       ; Untyped                ;
; LPM_PIPELINE           ; 0              ; Untyped                ;
; LPM_REMAINDERPOSITIVE  ; TRUE           ; Untyped                ;
; MAXIMIZE_SPEED         ; 5              ; Untyped                ;
; CBXI_PARAMETER         ; lpm_divide_p9m ; Untyped                ;
; CARRY_CHAIN            ; MANUAL         ; Untyped                ;
; OPTIMIZE_FOR_SPEED     ; 5              ; Untyped                ;
; AUTO_CARRY_CHAINS      ; ON             ; AUTO_CARRY             ;
; IGNORE_CARRY_BUFFERS   ; OFF            ; IGNORE_CARRY           ;
; AUTO_CASCADE_CHAINS    ; ON             ; AUTO_CASCADE           ;
; IGNORE_CASCADE_BUFFERS ; OFF            ; IGNORE_CASCADE         ;
+------------------------+----------------+------------------------+
Note: In order to hide this table in the UI and the text report file, please set the "Show Parameter Settings in Synthesis Report" option in "Analysis and Synthesis Settings -> More Settings" to "Off".


+------------------------------------------------------------------+
; Parameter Settings for Inferred Entity Instance: lpm_divide:Div2 ;
+------------------------+----------------+------------------------+
; Parameter Name         ; Value          ; Type                   ;
+------------------------+----------------+------------------------+
; LPM_WIDTHN             ; 7              ; Untyped                ;
; LPM_WIDTHD             ; 4              ; Untyped                ;
; LPM_NREPRESENTATION    ; UNSIGNED       ; Untyped                ;
; LPM_DREPRESENTATION    ; UNSIGNED       ; Untyped                ;
; LPM_PIPELINE           ; 0              ; Untyped                ;
; LPM_REMAINDERPOSITIVE  ; TRUE           ; Untyped                ;
; MAXIMIZE_SPEED         ; 5              ; Untyped                ;
; CBXI_PARAMETER         ; lpm_divide_ihm ; Untyped                ;
; CARRY_CHAIN            ; MANUAL         ; Untyped                ;
; OPTIMIZE_FOR_SPEED     ; 5              ; Untyped                ;
; AUTO_CARRY_CHAINS      ; ON             ; AUTO_CARRY             ;
; IGNORE_CARRY_BUFFERS   ; OFF            ; IGNORE_CARRY           ;
; AUTO_CASCADE_CHAINS    ; ON             ; AUTO_CASCADE           ;
; IGNORE_CASCADE_BUFFERS ; OFF            ; IGNORE_CASCADE         ;
+------------------------+----------------+------------------------+
Note: In order to hide this table in the UI and the text report file, please set the "Show Parameter Settings in Synthesis Report" option in "Analysis and Synthesis Settings -> More Settings" to "Off".


+------------------------------------------------------------------+
; Parameter Settings for Inferred Entity Instance: lpm_divide:Div1 ;
+------------------------+----------------+------------------------+
; Parameter Name         ; Value          ; Type                   ;
+------------------------+----------------+------------------------+
; LPM_WIDTHN             ; 8              ; Untyped                ;
; LPM_WIDTHD             ; 7              ; Untyped                ;
; LPM_NREPRESENTATION    ; UNSIGNED       ; Untyped                ;
; LPM_DREPRESENTATION    ; UNSIGNED       ; Untyped                ;
; LPM_PIPELINE           ; 0              ; Untyped                ;
; LPM_REMAINDERPOSITIVE  ; TRUE           ; Untyped                ;
; MAXIMIZE_SPEED         ; 5              ; Untyped                ;
; CBXI_PARAMETER         ; lpm_divide_mhm ; Untyped                ;
; CARRY_CHAIN            ; MANUAL         ; Untyped                ;
; OPTIMIZE_FOR_SPEED     ; 5              ; Untyped                ;
; AUTO_CARRY_CHAINS      ; ON             ; AUTO_CARRY             ;
; IGNORE_CARRY_BUFFERS   ; OFF            ; IGNORE_CARRY           ;
; AUTO_CASCADE_CHAINS    ; ON             ; AUTO_CASCADE           ;
; IGNORE_CASCADE_BUFFERS ; OFF            ; IGNORE_CASCADE         ;
+------------------------+----------------+------------------------+
Note: In order to hide this table in the UI and the text report file, please set the "Show Parameter Settings in Synthesis Report" option in "Analysis and Synthesis Settings -> More Settings" to "Off".


+----------------------------------------------------------------------------------------------------------------------------------------+
; Port Connectivity Checks: "adc:adc_inst|i2c:inst_i2c"                                                                                  ;
+---------+--------+----------+----------------------------------------------------------------------------------------------------------+
; Port    ; Type   ; Severity ; Details                                                                                                  ;
+---------+--------+----------+----------------------------------------------------------------------------------------------------------+
; rev_ack ; Output ; Warning  ; Declared by entity but not connected by instance. Logic that only feeds a dangling port will be removed. ;
+---------+--------+----------+----------------------------------------------------------------------------------------------------------+


+--------------------------------------------------------------+
; Port Connectivity Checks: "adc:adc_inst"                     ;
+-----------------+--------+----------+------------------------+
; Port            ; Type   ; Severity ; Details                ;
+-----------------+--------+----------+------------------------+
; wr_req          ; Input  ; Info     ; Explicitly unconnected ;
; rd_req          ; Input  ; Info     ; Stuck at VCC           ;
; device_id[1..0] ; Input  ; Info     ; Stuck at GND           ;
; device_id[6]    ; Input  ; Info     ; Stuck at VCC           ;
; device_id[5]    ; Input  ; Info     ; Stuck at GND           ;
; device_id[4]    ; Input  ; Info     ; Stuck at VCC           ;
; device_id[3]    ; Input  ; Info     ; Stuck at GND           ;
; device_id[2]    ; Input  ; Info     ; Stuck at VCC           ;
; reg_addr        ; Input  ; Info     ; Stuck at GND           ;
; reg_addr_vld    ; Input  ; Info     ; Stuck at VCC           ;
; wr_data         ; Input  ; Info     ; Explicitly unconnected ;
; wr_data_vld     ; Input  ; Info     ; Explicitly unconnected ;
; rd_data_vld     ; Output ; Info     ; Explicitly unconnected ;
; ready           ; Output ; Info     ; Explicitly unconnected ;
+-----------------+--------+----------+------------------------+


+-----------------------------------------------------+
; Post-Synthesis Netlist Statistics for Top Partition ;
+-----------------------+-----------------------------+
; Type                  ; Count                       ;
+-----------------------+-----------------------------+
; boundary_port         ; 20                          ;
; cycloneiii_ff         ; 136                         ;
;     CLR               ; 81                          ;
;     ENA               ; 19                          ;
;     ENA CLR           ; 36                          ;
; cycloneiii_io_obuf    ; 1                           ;
; cycloneiii_lcell_comb ; 441                         ;
;     arith             ; 114                         ;
;         2 data inputs ; 55                          ;
;         3 data inputs ; 59                          ;
;     normal            ; 327                         ;
;         0 data inputs ; 19                          ;
;         1 data inputs ; 21                          ;
;         2 data inputs ; 118                         ;
;         3 data inputs ; 46                          ;
;         4 data inputs ; 123                         ;
;                       ;                             ;
; Max LUT depth         ; 14.60                       ;
; Average LUT depth     ; 6.82                        ;
+-----------------------+-----------------------------+


+-------------------------------+
; Elapsed Time Per Partition    ;
+----------------+--------------+
; Partition Name ; Elapsed Time ;
+----------------+--------------+
; Top            ; 00:00:01     ;
+----------------+--------------+


+-------------------------------+
; Analysis & Synthesis Messages ;
+-------------------------------+
Info: *******************************************************************
Info: Running Quartus Prime Analysis & Synthesis
    Info: Version 23.1std.1 Build 993 05/14/2024 SC Lite Edition
    Info: Processing started: Fri Oct 18 11:42:50 2024
Info: Command: quartus_map --read_settings_files=on --write_settings_files=off adc -c top
Warning (18236): Number of processors has not been specified which may cause overloading on shared machines.  Set the global assignment NUM_PARALLEL_PROCESSORS in your QSF to an appropriate value for best performance.
Info (20030): Parallel compilation is enabled and will use 4 of the 4 processors detected
Info (12021): Found 1 design units, including 1 entities, in source file top.v
    Info (12023): Found entity 1: top File: E:/Work/[023] LQ Contest/Contest Learning Kits/Documents/CT137A/Example/EX18_ADC/top.v Line: 1
Info (12021): Found 1 design units, including 1 entities, in source file seg.v
    Info (12023): Found entity 1: segdisplay File: E:/Work/[023] LQ Contest/Contest Learning Kits/Documents/CT137A/Example/EX18_ADC/seg.v Line: 1
Info (12021): Found 1 design units, including 1 entities, in source file i2c.v
    Info (12023): Found entity 1: i2c File: E:/Work/[023] LQ Contest/Contest Learning Kits/Documents/CT137A/Example/EX18_ADC/i2c.v Line: 1
Info (12021): Found 1 design units, including 1 entities, in source file adc.v
    Info (12023): Found entity 1: adc File: E:/Work/[023] LQ Contest/Contest Learning Kits/Documents/CT137A/Example/EX18_ADC/adc.v Line: 1
Info (12127): Elaborating entity "top" for the top level hierarchy
Warning (10230): Verilog HDL assignment warning at top.v(23): truncated value with size 32 to match size of target (4) File: E:/Work/[023] LQ Contest/Contest Learning Kits/Documents/CT137A/Example/EX18_ADC/top.v Line: 23
Warning (10230): Verilog HDL assignment warning at top.v(24): truncated value with size 32 to match size of target (4) File: E:/Work/[023] LQ Contest/Contest Learning Kits/Documents/CT137A/Example/EX18_ADC/top.v Line: 24
Warning (10230): Verilog HDL assignment warning at top.v(27): truncated value with size 32 to match size of target (4) File: E:/Work/[023] LQ Contest/Contest Learning Kits/Documents/CT137A/Example/EX18_ADC/top.v Line: 27
Warning (10230): Verilog HDL assignment warning at top.v(28): truncated value with size 32 to match size of target (4) File: E:/Work/[023] LQ Contest/Contest Learning Kits/Documents/CT137A/Example/EX18_ADC/top.v Line: 28
Warning (10230): Verilog HDL assignment warning at top.v(29): truncated value with size 32 to match size of target (4) File: E:/Work/[023] LQ Contest/Contest Learning Kits/Documents/CT137A/Example/EX18_ADC/top.v Line: 29
Info (12128): Elaborating entity "adc" for hierarchy "adc:adc_inst" File: E:/Work/[023] LQ Contest/Contest Learning Kits/Documents/CT137A/Example/EX18_ADC/top.v Line: 51
Info (10264): Verilog HDL Case Statement information at adc.v(215): all case item expressions in this case statement are onehot File: E:/Work/[023] LQ Contest/Contest Learning Kits/Documents/CT137A/Example/EX18_ADC/adc.v Line: 215
Warning (10034): Output port "ready" at adc.v(13) has no driver File: E:/Work/[023] LQ Contest/Contest Learning Kits/Documents/CT137A/Example/EX18_ADC/adc.v Line: 13
Info (12128): Elaborating entity "i2c" for hierarchy "adc:adc_inst|i2c:inst_i2c" File: E:/Work/[023] LQ Contest/Contest Learning Kits/Documents/CT137A/Example/EX18_ADC/adc.v Line: 265
Info (10264): Verilog HDL Case Statement information at i2c.v(261): all case item expressions in this case statement are onehot File: E:/Work/[023] LQ Contest/Contest Learning Kits/Documents/CT137A/Example/EX18_ADC/i2c.v Line: 261
Info (10264): Verilog HDL Case Statement information at i2c.v(306): all case item expressions in this case statement are onehot File: E:/Work/[023] LQ Contest/Contest Learning Kits/Documents/CT137A/Example/EX18_ADC/i2c.v Line: 306
Info (12128): Elaborating entity "segdisplay" for hierarchy "segdisplay:segdisplay_inst" File: E:/Work/[023] LQ Contest/Contest Learning Kits/Documents/CT137A/Example/EX18_ADC/top.v Line: 60
Info (278001): Inferred 5 megafunctions from design logic
    Info (278004): Inferred divider/modulo megafunction ("lpm_divide") from the following logic: "Mod1" File: E:/Work/[023] LQ Contest/Contest Learning Kits/Documents/CT137A/Example/EX18_ADC/top.v Line: 29
    Info (278004): Inferred divider/modulo megafunction ("lpm_divide") from the following logic: "Div0" File: E:/Work/[023] LQ Contest/Contest Learning Kits/Documents/CT137A/Example/EX18_ADC/top.v Line: 23
    Info (278004): Inferred divider/modulo megafunction ("lpm_divide") from the following logic: "Mod0" File: E:/Work/[023] LQ Contest/Contest Learning Kits/Documents/CT137A/Example/EX18_ADC/top.v Line: 28
    Info (278004): Inferred divider/modulo megafunction ("lpm_divide") from the following logic: "Div2" File: E:/Work/[023] LQ Contest/Contest Learning Kits/Documents/CT137A/Example/EX18_ADC/top.v Line: 28
    Info (278004): Inferred divider/modulo megafunction ("lpm_divide") from the following logic: "Div1" File: E:/Work/[023] LQ Contest/Contest Learning Kits/Documents/CT137A/Example/EX18_ADC/top.v Line: 27
Info (12130): Elaborated megafunction instantiation "lpm_divide:Mod1" File: E:/Work/[023] LQ Contest/Contest Learning Kits/Documents/CT137A/Example/EX18_ADC/top.v Line: 29
Info (12133): Instantiated megafunction "lpm_divide:Mod1" with the following parameter: File: E:/Work/[023] LQ Contest/Contest Learning Kits/Documents/CT137A/Example/EX18_ADC/top.v Line: 29
    Info (12134): Parameter "LPM_WIDTHN" = "8"
    Info (12134): Parameter "LPM_WIDTHD" = "4"
    Info (12134): Parameter "LPM_NREPRESENTATION" = "UNSIGNED"
    Info (12134): Parameter "LPM_DREPRESENTATION" = "UNSIGNED"
Info (12021): Found 1 design units, including 1 entities, in source file db/lpm_divide_m9m.tdf
    Info (12023): Found entity 1: lpm_divide_m9m File: E:/Work/[023] LQ Contest/Contest Learning Kits/Documents/CT137A/Example/EX18_ADC/db/lpm_divide_m9m.tdf Line: 25
Info (12021): Found 1 design units, including 1 entities, in source file db/sign_div_unsign_bkh.tdf
    Info (12023): Found entity 1: sign_div_unsign_bkh File: E:/Work/[023] LQ Contest/Contest Learning Kits/Documents/CT137A/Example/EX18_ADC/db/sign_div_unsign_bkh.tdf Line: 25
Info (12021): Found 1 design units, including 1 entities, in source file db/alt_u_div_a4f.tdf
    Info (12023): Found entity 1: alt_u_div_a4f File: E:/Work/[023] LQ Contest/Contest Learning Kits/Documents/CT137A/Example/EX18_ADC/db/alt_u_div_a4f.tdf Line: 27
Info (12021): Found 1 design units, including 1 entities, in source file db/add_sub_7pc.tdf
    Info (12023): Found entity 1: add_sub_7pc File: E:/Work/[023] LQ Contest/Contest Learning Kits/Documents/CT137A/Example/EX18_ADC/db/add_sub_7pc.tdf Line: 23
Info (12021): Found 1 design units, including 1 entities, in source file db/add_sub_8pc.tdf
    Info (12023): Found entity 1: add_sub_8pc File: E:/Work/[023] LQ Contest/Contest Learning Kits/Documents/CT137A/Example/EX18_ADC/db/add_sub_8pc.tdf Line: 23
Info (12130): Elaborated megafunction instantiation "lpm_divide:Div0" File: E:/Work/[023] LQ Contest/Contest Learning Kits/Documents/CT137A/Example/EX18_ADC/top.v Line: 23
Info (12133): Instantiated megafunction "lpm_divide:Div0" with the following parameter: File: E:/Work/[023] LQ Contest/Contest Learning Kits/Documents/CT137A/Example/EX18_ADC/top.v Line: 23
    Info (12134): Parameter "LPM_WIDTHN" = "8"
    Info (12134): Parameter "LPM_WIDTHD" = "4"
    Info (12134): Parameter "LPM_NREPRESENTATION" = "UNSIGNED"
    Info (12134): Parameter "LPM_DREPRESENTATION" = "UNSIGNED"
Info (12021): Found 1 design units, including 1 entities, in source file db/lpm_divide_jhm.tdf
    Info (12023): Found entity 1: lpm_divide_jhm File: E:/Work/[023] LQ Contest/Contest Learning Kits/Documents/CT137A/Example/EX18_ADC/db/lpm_divide_jhm.tdf Line: 25
Info (12130): Elaborated megafunction instantiation "lpm_divide:Mod0" File: E:/Work/[023] LQ Contest/Contest Learning Kits/Documents/CT137A/Example/EX18_ADC/top.v Line: 28
Info (12133): Instantiated megafunction "lpm_divide:Mod0" with the following parameter: File: E:/Work/[023] LQ Contest/Contest Learning Kits/Documents/CT137A/Example/EX18_ADC/top.v Line: 28
    Info (12134): Parameter "LPM_WIDTHN" = "8"
    Info (12134): Parameter "LPM_WIDTHD" = "7"
    Info (12134): Parameter "LPM_NREPRESENTATION" = "UNSIGNED"
    Info (12134): Parameter "LPM_DREPRESENTATION" = "UNSIGNED"
Info (12021): Found 1 design units, including 1 entities, in source file db/lpm_divide_p9m.tdf
    Info (12023): Found entity 1: lpm_divide_p9m File: E:/Work/[023] LQ Contest/Contest Learning Kits/Documents/CT137A/Example/EX18_ADC/db/lpm_divide_p9m.tdf Line: 25
Info (12021): Found 1 design units, including 1 entities, in source file db/sign_div_unsign_ekh.tdf
    Info (12023): Found entity 1: sign_div_unsign_ekh File: E:/Work/[023] LQ Contest/Contest Learning Kits/Documents/CT137A/Example/EX18_ADC/db/sign_div_unsign_ekh.tdf Line: 25
Info (12021): Found 1 design units, including 1 entities, in source file db/alt_u_div_g4f.tdf
    Info (12023): Found entity 1: alt_u_div_g4f File: E:/Work/[023] LQ Contest/Contest Learning Kits/Documents/CT137A/Example/EX18_ADC/db/alt_u_div_g4f.tdf Line: 27
Info (12130): Elaborated megafunction instantiation "lpm_divide:Div2" File: E:/Work/[023] LQ Contest/Contest Learning Kits/Documents/CT137A/Example/EX18_ADC/top.v Line: 28
Info (12133): Instantiated megafunction "lpm_divide:Div2" with the following parameter: File: E:/Work/[023] LQ Contest/Contest Learning Kits/Documents/CT137A/Example/EX18_ADC/top.v Line: 28
    Info (12134): Parameter "LPM_WIDTHN" = "7"
    Info (12134): Parameter "LPM_WIDTHD" = "4"
    Info (12134): Parameter "LPM_NREPRESENTATION" = "UNSIGNED"
    Info (12134): Parameter "LPM_DREPRESENTATION" = "UNSIGNED"
Info (12021): Found 1 design units, including 1 entities, in source file db/lpm_divide_ihm.tdf
    Info (12023): Found entity 1: lpm_divide_ihm File: E:/Work/[023] LQ Contest/Contest Learning Kits/Documents/CT137A/Example/EX18_ADC/db/lpm_divide_ihm.tdf Line: 25
Info (12021): Found 1 design units, including 1 entities, in source file db/sign_div_unsign_akh.tdf
    Info (12023): Found entity 1: sign_div_unsign_akh File: E:/Work/[023] LQ Contest/Contest Learning Kits/Documents/CT137A/Example/EX18_ADC/db/sign_div_unsign_akh.tdf Line: 25
Info (12021): Found 1 design units, including 1 entities, in source file db/alt_u_div_84f.tdf
    Info (12023): Found entity 1: alt_u_div_84f File: E:/Work/[023] LQ Contest/Contest Learning Kits/Documents/CT137A/Example/EX18_ADC/db/alt_u_div_84f.tdf Line: 27
Info (12130): Elaborated megafunction instantiation "lpm_divide:Div1" File: E:/Work/[023] LQ Contest/Contest Learning Kits/Documents/CT137A/Example/EX18_ADC/top.v Line: 27
Info (12133): Instantiated megafunction "lpm_divide:Div1" with the following parameter: File: E:/Work/[023] LQ Contest/Contest Learning Kits/Documents/CT137A/Example/EX18_ADC/top.v Line: 27
    Info (12134): Parameter "LPM_WIDTHN" = "8"
    Info (12134): Parameter "LPM_WIDTHD" = "7"
    Info (12134): Parameter "LPM_NREPRESENTATION" = "UNSIGNED"
    Info (12134): Parameter "LPM_DREPRESENTATION" = "UNSIGNED"
Info (12021): Found 1 design units, including 1 entities, in source file db/lpm_divide_mhm.tdf
    Info (12023): Found entity 1: lpm_divide_mhm File: E:/Work/[023] LQ Contest/Contest Learning Kits/Documents/CT137A/Example/EX18_ADC/db/lpm_divide_mhm.tdf Line: 25
Warning (12241): 1 hierarchies have connectivity warnings - see the Connectivity Checks report folder
Info (13000): Registers with preset signals will power-up high File: E:/Work/[023] LQ Contest/Contest Learning Kits/Documents/CT137A/Example/EX18_ADC/seg.v Line: 141
Info (13003): DEV_CLRn pin will set, and not reset, register with preset signal due to NOT Gate Push-Back
Warning (13024): Output pins are stuck at VCC or GND
    Warning (13410): Pin "seg_number[7]" is stuck at VCC File: E:/Work/[023] LQ Contest/Contest Learning Kits/Documents/CT137A/Example/EX18_ADC/top.v Line: 4
Info (286030): Timing-Driven Synthesis is running
Info (144001): Generated suppressed messages file E:/Work/[023] LQ Contest/Contest Learning Kits/Documents/CT137A/Example/EX18_ADC/output_files/top.map.smsg
Info (16010): Generating hard_block partition "hard_block:auto_generated_inst"
    Info (16011): Adding 0 node(s), including 0 DDIO, 0 PLL, 0 transceiver and 0 LCELL
Info (21057): Implemented 464 device resources after synthesis - the final resource count might be different
    Info (21058): Implemented 2 input pins
    Info (21059): Implemented 17 output pins
    Info (21060): Implemented 1 bidirectional pins
    Info (21061): Implemented 444 logic cells
Info: Quartus Prime Analysis & Synthesis was successful. 0 errors, 10 warnings
    Info: Peak virtual memory: 4776 megabytes
    Info: Processing ended: Fri Oct 18 11:43:03 2024
    Info: Elapsed time: 00:00:13
    Info: Total CPU time (on all processors): 00:00:23


+------------------------------------------+
; Analysis & Synthesis Suppressed Messages ;
+------------------------------------------+
The suppressed messages can be found in E:/Work/[023] LQ Contest/Contest Learning Kits/Documents/CT137A/Example/EX18_ADC/output_files/top.map.smsg.


