Analysis & Synthesis report for top
Fri Oct 18 11:36:02 2024
Quartus Prime Version 23.1std.1 Build 993 05/14/2024 SC Lite Edition


---------------------
; Table of Contents ;
---------------------
  1. Legal Notice
  2. Analysis & Synthesis Summary
  3. Analysis & Synthesis Settings
  4. Parallel Compilation
  5. Analysis & Synthesis Source Files Read
  6. Analysis & Synthesis Resource Usage Summary
  7. Analysis & Synthesis Resource Utilization by Entity
  8. State Machine - |top|flash_contorl:flash_contorl_hp|state_ts
  9. State Machine - |top|flash_contorl:flash_contorl_hp|state
 10. State Machine - |top|flash_contorl:flash_contorl_hp|spi_master:inst_spi_master|state
 11. Registers Removed During Synthesis
 12. Removed Registers Triggering Further Register Optimizations
 13. General Register Statistics
 14. Inverted Register Statistics
 15. Multiplexer Restructuring Statistics (Restructuring Performed)
 16. Port Connectivity Checks: "flash_contorl:flash_contorl_hp"
 17. Port Connectivity Checks: "segdisplay:segdisplay_inst"
 18. Post-Synthesis Netlist Statistics for Top Partition
 19. Elapsed Time Per Partition
 20. Analysis & Synthesis Messages
 21. Analysis & Synthesis Suppressed Messages



----------------
; Legal Notice ;
----------------
Copyright (C) 2024  Intel Corporation. All rights reserved.
Your use of Intel Corporation's design tools, logic functions 
and other software and tools, and any partner logic 
functions, and any output files from any of the foregoing 
(including device programming or simulation files), and any 
associated documentation or information are expressly subject 
to the terms and conditions of the Intel Program License 
Subscription Agreement, the Intel Quartus Prime License Agreement,
the Intel FPGA IP License Agreement, or other applicable license
agreement, including, without limitation, that your use is for
the sole purpose of programming logic devices manufactured by
Intel and sold by Intel or its authorized distributors.  Please
refer to the applicable agreement for further details, at
https://fpgasoftware.intel.com/eula.



+-------------------------------------------------------------------------------------+
; Analysis & Synthesis Summary                                                        ;
+------------------------------------+------------------------------------------------+
; Analysis & Synthesis Status        ; Successful - Fri Oct 18 11:36:02 2024          ;
; Quartus Prime Version              ; 23.1std.1 Build 993 05/14/2024 SC Lite Edition ;
; Revision Name                      ; top                                            ;
; Top-level Entity Name              ; top                                            ;
; Family                             ; Cyclone IV E                                   ;
; Total logic elements               ; 170                                            ;
;     Total combinational functions  ; 136                                            ;
;     Dedicated logic registers      ; 122                                            ;
; Total registers                    ; 122                                            ;
; Total pins                         ; 22                                             ;
; Total virtual pins                 ; 0                                              ;
; Total memory bits                  ; 0                                              ;
; Embedded Multiplier 9-bit elements ; 0                                              ;
; Total PLLs                         ; 0                                              ;
+------------------------------------+------------------------------------------------+


+------------------------------------------------------------------------------------------------------------+
; Analysis & Synthesis Settings                                                                              ;
+------------------------------------------------------------------+--------------------+--------------------+
; Option                                                           ; Setting            ; Default Value      ;
+------------------------------------------------------------------+--------------------+--------------------+
; Device                                                           ; EP4CE6E22C8        ;                    ;
; Top-level entity name                                            ; top                ; top                ;
; Family name                                                      ; Cyclone IV E       ; Cyclone V          ;
; Use smart compilation                                            ; Off                ; Off                ;
; Enable parallel Assembler and Timing Analyzer during compilation ; On                 ; On                 ;
; Enable compact report table                                      ; Off                ; Off                ;
; Restructure Multiplexers                                         ; Auto               ; Auto               ;
; Create Debugging Nodes for IP Cores                              ; Off                ; Off                ;
; Preserve fewer node names                                        ; On                 ; On                 ;
; Intel FPGA IP Evaluation Mode                                    ; Enable             ; Enable             ;
; Verilog Version                                                  ; Verilog_2001       ; Verilog_2001       ;
; VHDL Version                                                     ; VHDL_1993          ; VHDL_1993          ;
; State Machine Processing                                         ; Auto               ; Auto               ;
; Safe State Machine                                               ; Off                ; Off                ;
; Extract Verilog State Machines                                   ; On                 ; On                 ;
; Extract VHDL State Machines                                      ; On                 ; On                 ;
; Ignore Verilog initial constructs                                ; Off                ; Off                ;
; Iteration limit for constant Verilog loops                       ; 5000               ; 5000               ;
; Iteration limit for non-constant Verilog loops                   ; 250                ; 250                ;
; Add Pass-Through Logic to Inferred RAMs                          ; On                 ; On                 ;
; Infer RAMs from Raw Logic                                        ; On                 ; On                 ;
; Parallel Synthesis                                               ; On                 ; On                 ;
; DSP Block Balancing                                              ; Auto               ; Auto               ;
; NOT Gate Push-Back                                               ; On                 ; On                 ;
; Power-Up Don't Care                                              ; On                 ; On                 ;
; Remove Redundant Logic Cells                                     ; Off                ; Off                ;
; Remove Duplicate Registers                                       ; On                 ; On                 ;
; Ignore CARRY Buffers                                             ; Off                ; Off                ;
; Ignore CASCADE Buffers                                           ; Off                ; Off                ;
; Ignore GLOBAL Buffers                                            ; Off                ; Off                ;
; Ignore ROW GLOBAL Buffers                                        ; Off                ; Off                ;
; Ignore LCELL Buffers                                             ; Off                ; Off                ;
; Ignore SOFT Buffers                                              ; On                 ; On                 ;
; Limit AHDL Integers to 32 Bits                                   ; Off                ; Off                ;
; Optimization Technique                                           ; Balanced           ; Balanced           ;
; Carry Chain Length                                               ; 70                 ; 70                 ;
; Auto Carry Chains                                                ; On                 ; On                 ;
; Auto Open-Drain Pins                                             ; On                 ; On                 ;
; Perform WYSIWYG Primitive Resynthesis                            ; Off                ; Off                ;
; Auto ROM Replacement                                             ; On                 ; On                 ;
; Auto RAM Replacement                                             ; On                 ; On                 ;
; Auto DSP Block Replacement                                       ; On                 ; On                 ;
; Auto Shift Register Replacement                                  ; Auto               ; Auto               ;
; Allow Shift Register Merging across Hierarchies                  ; Auto               ; Auto               ;
; Auto Clock Enable Replacement                                    ; On                 ; On                 ;
; Strict RAM Replacement                                           ; Off                ; Off                ;
; Allow Synchronous Control Signals                                ; On                 ; On                 ;
; Force Use of Synchronous Clear Signals                           ; Off                ; Off                ;
; Auto RAM Block Balancing                                         ; On                 ; On                 ;
; Auto RAM to Logic Cell Conversion                                ; Off                ; Off                ;
; Auto Resource Sharing                                            ; Off                ; Off                ;
; Allow Any RAM Size For Recognition                               ; Off                ; Off                ;
; Allow Any ROM Size For Recognition                               ; Off                ; Off                ;
; Allow Any Shift Register Size For Recognition                    ; Off                ; Off                ;
; Use LogicLock Constraints during Resource Balancing              ; On                 ; On                 ;
; Ignore translate_off and synthesis_off directives                ; Off                ; Off                ;
; Timing-Driven Synthesis                                          ; On                 ; On                 ;
; Report Parameter Settings                                        ; On                 ; On                 ;
; Report Source Assignments                                        ; On                 ; On                 ;
; Report Connectivity Checks                                       ; On                 ; On                 ;
; Ignore Maximum Fan-Out Assignments                               ; Off                ; Off                ;
; Synchronization Register Chain Length                            ; 2                  ; 2                  ;
; Power Optimization During Synthesis                              ; Normal compilation ; Normal compilation ;
; HDL message level                                                ; Level2             ; Level2             ;
; Suppress Register Optimization Related Messages                  ; Off                ; Off                ;
; Number of Removed Registers Reported in Synthesis Report         ; 5000               ; 5000               ;
; Number of Swept Nodes Reported in Synthesis Report               ; 5000               ; 5000               ;
; Number of Inverted Registers Reported in Synthesis Report        ; 100                ; 100                ;
; Clock MUX Protection                                             ; On                 ; On                 ;
; Auto Gated Clock Conversion                                      ; Off                ; Off                ;
; Block Design Naming                                              ; Auto               ; Auto               ;
; SDC constraint protection                                        ; Off                ; Off                ;
; Synthesis Effort                                                 ; Auto               ; Auto               ;
; Shift Register Replacement - Allow Asynchronous Clear Signal     ; On                 ; On                 ;
; Pre-Mapping Resynthesis Optimization                             ; Off                ; Off                ;
; Analysis & Synthesis Message Level                               ; Medium             ; Medium             ;
; Disable Register Merging Across Hierarchies                      ; Auto               ; Auto               ;
; Resource Aware Inference For Block RAM                           ; On                 ; On                 ;
+------------------------------------------------------------------+--------------------+--------------------+


+------------------------------------------+
; Parallel Compilation                     ;
+----------------------------+-------------+
; Processors                 ; Number      ;
+----------------------------+-------------+
; Number detected on machine ; 4           ;
; Maximum allowed            ; 4           ;
;                            ;             ;
; Average used               ; 1.00        ;
; Maximum used               ; 4           ;
;                            ;             ;
; Usage by Processor         ; % Time Used ;
;     Processor 1            ; 100.0%      ;
;     Processors 2-4         ;   0.0%      ;
+----------------------------+-------------+


+---------------------------------------------------------------------------------------------------------------------------------------------------------------------------------------------+
; Analysis & Synthesis Source Files Read                                                                                                                                                      ;
+----------------------------------+-----------------+------------------------+-----------------------------------------------------------------------------------------------------+---------+
; File Name with User-Entered Path ; Used in Netlist ; File Type              ; File Name with Absolute Path                                                                        ; Library ;
+----------------------------------+-----------------+------------------------+-----------------------------------------------------------------------------------------------------+---------+
; top.v                            ; yes             ; User Verilog HDL File  ; E:/Work/[023] LQ Contest/Contest Learning Kits/Documents/CT137A/Example/EX16_Mem_Flash/top.v        ;         ;
; spi_master.v                     ; yes             ; User Verilog HDL File  ; E:/Work/[023] LQ Contest/Contest Learning Kits/Documents/CT137A/Example/EX16_Mem_Flash/spi_master.v ;         ;
; seg.v                            ; yes             ; User Verilog HDL File  ; E:/Work/[023] LQ Contest/Contest Learning Kits/Documents/CT137A/Example/EX16_Mem_Flash/seg.v        ;         ;
; flash.v                          ; yes             ; User Verilog HDL File  ; E:/Work/[023] LQ Contest/Contest Learning Kits/Documents/CT137A/Example/EX16_Mem_Flash/flash.v      ;         ;
+----------------------------------+-----------------+------------------------+-----------------------------------------------------------------------------------------------------+---------+


+-------------------------------------------------------------+
; Analysis & Synthesis Resource Usage Summary                 ;
+---------------------------------------------+---------------+
; Resource                                    ; Usage         ;
+---------------------------------------------+---------------+
; Estimated Total logic elements              ; 170           ;
;                                             ;               ;
; Total combinational functions               ; 136           ;
; Logic element usage by number of LUT inputs ;               ;
;     -- 4 input functions                    ; 51            ;
;     -- 3 input functions                    ; 24            ;
;     -- <=2 input functions                  ; 61            ;
;                                             ;               ;
; Logic elements by mode                      ;               ;
;     -- normal mode                          ; 96            ;
;     -- arithmetic mode                      ; 40            ;
;                                             ;               ;
; Total registers                             ; 122           ;
;     -- Dedicated logic registers            ; 122           ;
;     -- I/O registers                        ; 0             ;
;                                             ;               ;
; I/O pins                                    ; 22            ;
;                                             ;               ;
; Embedded Multiplier 9-bit elements          ; 0             ;
;                                             ;               ;
; Maximum fan-out node                        ; sys_clk~input ;
; Maximum fan-out                             ; 122           ;
; Total fan-out                               ; 876           ;
; Average fan-out                             ; 2.90          ;
+---------------------------------------------+---------------+


+----------------------------------------------------------------------------------------------------------------------------------------------------------------------------------------------------------------------------------------------------------------+
; Analysis & Synthesis Resource Utilization by Entity                                                                                                                                                                                                            ;
+-------------------------------------+---------------------+---------------------------+-------------+--------------+---------+-----------+------+--------------+----------------------------------------------------------------+---------------+--------------+
; Compilation Hierarchy Node          ; Combinational ALUTs ; Dedicated Logic Registers ; Memory Bits ; DSP Elements ; DSP 9x9 ; DSP 18x18 ; Pins ; Virtual Pins ; Full Hierarchy Name                                            ; Entity Name   ; Library Name ;
+-------------------------------------+---------------------+---------------------------+-------------+--------------+---------+-----------+------+--------------+----------------------------------------------------------------+---------------+--------------+
; |top                                ; 136 (0)             ; 122 (1)                   ; 0           ; 0            ; 0       ; 0         ; 22   ; 0            ; |top                                                           ; top           ; work         ;
;    |flash_contorl:flash_contorl_hp| ; 50 (27)             ; 66 (40)                   ; 0           ; 0            ; 0       ; 0         ; 0    ; 0            ; |top|flash_contorl:flash_contorl_hp                            ; flash_contorl ; work         ;
;       |spi_master:inst_spi_master|  ; 23 (23)             ; 26 (26)                   ; 0           ; 0            ; 0       ; 0         ; 0    ; 0            ; |top|flash_contorl:flash_contorl_hp|spi_master:inst_spi_master ; spi_master    ; work         ;
;    |segdisplay:segdisplay_inst|     ; 86 (86)             ; 55 (55)                   ; 0           ; 0            ; 0       ; 0         ; 0    ; 0            ; |top|segdisplay:segdisplay_inst                                ; segdisplay    ; work         ;
+-------------------------------------+---------------------+---------------------------+-------------+--------------+---------+-----------+------+--------------+----------------------------------------------------------------+---------------+--------------+
Note: For table entries with two numbers listed, the numbers in parentheses indicate the number of resources of the given type used by the specific entity alone. The numbers listed outside of parentheses indicate the total resources of the given type used by the specific entity and all of its sub-entities in the hierarchy.


Encoding Type:  One-Hot
+-------------------------------------------------------------------------------------------------------------------------------------------------------------------------------------------------------------+
; State Machine - |top|flash_contorl:flash_contorl_hp|state_ts                                                                                                                                                ;
+--------------------------------+---------------------------+-----------------------------+-----------------------------+--------------------------------+-----------------------------+---------------------+
; Name                           ; state_ts.Flash_Bulk_Erase ; state_ts.Flash_Sector_Erase ; state_ts.Flash_Page_Program ; state_ts.Flash_Read_Data_Bytes ; state_ts.Flash_Write_Enable ; state_ts.Flash_Idle ;
+--------------------------------+---------------------------+-----------------------------+-----------------------------+--------------------------------+-----------------------------+---------------------+
; state_ts.Flash_Idle            ; 0                         ; 0                           ; 0                           ; 0                              ; 0                           ; 0                   ;
; state_ts.Flash_Write_Enable    ; 0                         ; 0                           ; 0                           ; 0                              ; 1                           ; 1                   ;
; state_ts.Flash_Read_Data_Bytes ; 0                         ; 0                           ; 0                           ; 1                              ; 0                           ; 1                   ;
; state_ts.Flash_Page_Program    ; 0                         ; 0                           ; 1                           ; 0                              ; 0                           ; 1                   ;
; state_ts.Flash_Sector_Erase    ; 0                         ; 1                           ; 0                           ; 0                              ; 0                           ; 1                   ;
; state_ts.Flash_Bulk_Erase      ; 1                         ; 0                           ; 0                           ; 0                              ; 0                           ; 1                   ;
+--------------------------------+---------------------------+-----------------------------+-----------------------------+--------------------------------+-----------------------------+---------------------+


Encoding Type:  One-Hot
+-------------------------------------------------------------------------------------------------------------------------------------------------------------------------------------------------------------------------------------------------------------------+
; State Machine - |top|flash_contorl:flash_contorl_hp|state                                                                                                                                                                                                         ;
+---------------------------------+-----------------+------------------+------------------------+--------------------------+--------------------------+-----------------------------+---------------------------------+--------------------------+------------------+
; Name                            ; state.Flash_End ; state.Flash_Wait ; state.Flash_Bulk_Erase ; state.Flash_Sector_Erase ; state.Flash_Page_Program ; state.Flash_Read_Data_Bytes ; state.Flash_Read_Identification ; state.Flash_Write_Enable ; state.Flash_Idle ;
+---------------------------------+-----------------+------------------+------------------------+--------------------------+--------------------------+-----------------------------+---------------------------------+--------------------------+------------------+
; state.Flash_Idle                ; 0               ; 0                ; 0                      ; 0                        ; 0                        ; 0                           ; 0                               ; 0                        ; 0                ;
; state.Flash_Write_Enable        ; 0               ; 0                ; 0                      ; 0                        ; 0                        ; 0                           ; 0                               ; 1                        ; 1                ;
; state.Flash_Read_Identification ; 0               ; 0                ; 0                      ; 0                        ; 0                        ; 0                           ; 1                               ; 0                        ; 1                ;
; state.Flash_Read_Data_Bytes     ; 0               ; 0                ; 0                      ; 0                        ; 0                        ; 1                           ; 0                               ; 0                        ; 1                ;
; state.Flash_Page_Program        ; 0               ; 0                ; 0                      ; 0                        ; 1                        ; 0                           ; 0                               ; 0                        ; 1                ;
; state.Flash_Sector_Erase        ; 0               ; 0                ; 0                      ; 1                        ; 0                        ; 0                           ; 0                               ; 0                        ; 1                ;
; state.Flash_Bulk_Erase          ; 0               ; 0                ; 1                      ; 0                        ; 0                        ; 0                           ; 0                               ; 0                        ; 1                ;
; state.Flash_Wait                ; 0               ; 1                ; 0                      ; 0                        ; 0                        ; 0                           ; 0                               ; 0                        ; 1                ;
; state.Flash_End                 ; 1               ; 0                ; 0                      ; 0                        ; 0                        ; 0                           ; 0                               ; 0                        ; 1                ;
+---------------------------------+-----------------+------------------+------------------------+--------------------------+--------------------------+-----------------------------+---------------------------------+--------------------------+------------------+


Encoding Type:  One-Hot
+--------------------------------------------------------------------------------------+
; State Machine - |top|flash_contorl:flash_contorl_hp|spi_master:inst_spi_master|state ;
+----------------+----------------+---------------+----------------+-------------------+
; Name           ; state.SPI_END2 ; state.SPI_END ; state.SPI_DATA ; state.SPI_IDLE    ;
+----------------+----------------+---------------+----------------+-------------------+
; state.SPI_IDLE ; 0              ; 0             ; 0              ; 0                 ;
; state.SPI_DATA ; 0              ; 0             ; 1              ; 1                 ;
; state.SPI_END  ; 0              ; 1             ; 0              ; 1                 ;
; state.SPI_END2 ; 1              ; 0             ; 0              ; 1                 ;
+----------------+----------------+---------------+----------------+-------------------+


+-------------------------------------------------------------------------------------------------------------------------------------------------------------------+
; Registers Removed During Synthesis                                                                                                                                ;
+-------------------------------------------------------------------------------+-----------------------------------------------------------------------------------+
; Register name                                                                 ; Reason for Removal                                                                ;
+-------------------------------------------------------------------------------+-----------------------------------------------------------------------------------+
; segdisplay:segdisplay_inst|seg_data[7]                                        ; Stuck at VCC due to stuck port data_in                                            ;
; flash_contorl:flash_contorl_hp|spi_write_data[4]                              ; Merged with flash_contorl:flash_contorl_hp|spi_write_data[3]                      ;
; flash_contorl:flash_contorl_hp|state_ts~7                                     ; Lost fanout                                                                       ;
; flash_contorl:flash_contorl_hp|state_ts~8                                     ; Lost fanout                                                                       ;
; flash_contorl:flash_contorl_hp|state_ts~9                                     ; Lost fanout                                                                       ;
; flash_contorl:flash_contorl_hp|state_ts~10                                    ; Lost fanout                                                                       ;
; flash_contorl:flash_contorl_hp|state_ts~12                                    ; Lost fanout                                                                       ;
; flash_contorl:flash_contorl_hp|state_ts~16                                    ; Lost fanout                                                                       ;
; flash_contorl:flash_contorl_hp|state_ts~17                                    ; Lost fanout                                                                       ;
; flash_contorl:flash_contorl_hp|state~6                                        ; Lost fanout                                                                       ;
; flash_contorl:flash_contorl_hp|state~8                                        ; Lost fanout                                                                       ;
; flash_contorl:flash_contorl_hp|state~9                                        ; Lost fanout                                                                       ;
; flash_contorl:flash_contorl_hp|state~11                                       ; Lost fanout                                                                       ;
; flash_contorl:flash_contorl_hp|state_ts.Flash_Idle                            ; Lost fanout                                                                       ;
; flash_contorl:flash_contorl_hp|state.Flash_Read_Data_Bytes                    ; Merged with flash_contorl:flash_contorl_hp|state.Flash_Page_Program               ;
; flash_contorl:flash_contorl_hp|state_ts.Flash_Page_Program                    ; Merged with flash_contorl:flash_contorl_hp|state_ts.Flash_Bulk_Erase              ;
; flash_contorl:flash_contorl_hp|state_ts.Flash_Read_Data_Bytes                 ; Merged with flash_contorl:flash_contorl_hp|state_ts.Flash_Bulk_Erase              ;
; flash_contorl:flash_contorl_hp|state_ts.Flash_Sector_Erase                    ; Merged with flash_contorl:flash_contorl_hp|state_ts.Flash_Bulk_Erase              ;
; flash_contorl:flash_contorl_hp|state_ts.Flash_Write_Enable                    ; Merged with flash_contorl:flash_contorl_hp|state_ts.Flash_Bulk_Erase              ;
; flash_contorl:flash_contorl_hp|state.Flash_Sector_Erase                       ; Stuck at GND due to stuck port data_in                                            ;
; flash_contorl:flash_contorl_hp|state.Flash_Bulk_Erase                         ; Stuck at GND due to stuck port data_in                                            ;
; flash_contorl:flash_contorl_hp|state.Flash_Page_Program                       ; Stuck at GND due to stuck port data_in                                            ;
; flash_contorl:flash_contorl_hp|state.Flash_Write_Enable                       ; Stuck at GND due to stuck port data_in                                            ;
; flash_contorl:flash_contorl_hp|state_ts.Flash_Bulk_Erase                      ; Stuck at GND due to stuck port data_in                                            ;
; flash_contorl:flash_contorl_hp|spi_write_data[5,6]                            ; Stuck at GND due to stuck port data_in                                            ;
; flash_contorl:flash_contorl_hp|state.Flash_Wait                               ; Stuck at GND due to stuck port data_in                                            ;
; flash_contorl:flash_contorl_hp|pp_erase_wait_cnt[0..32]                       ; Stuck at GND due to stuck port data_in                                            ;
; flash_contorl:flash_contorl_hp|spi_write_data[0..3,7]                         ; Merged with flash_contorl:flash_contorl_hp|spi_write_req                          ;
; flash_contorl:flash_contorl_hp|spi_master:inst_spi_master|spi_clk_inverse_cnt ; Merged with flash_contorl:flash_contorl_hp|spi_master:inst_spi_master|spi_clk_reg ;
; Total Number of Removed Registers = 66                                        ;                                                                                   ;
+-------------------------------------------------------------------------------+-----------------------------------------------------------------------------------+


+---------------------------------------------------------------------------------------------------------------------------------------------+
; Removed Registers Triggering Further Register Optimizations                                                                                 ;
+---------------------------------------------------------+---------------------------+-------------------------------------------------------+
; Register name                                           ; Reason for Removal        ; Registers Removed due to This Register                ;
+---------------------------------------------------------+---------------------------+-------------------------------------------------------+
; flash_contorl:flash_contorl_hp|state.Flash_Wait         ; Stuck at GND              ; flash_contorl:flash_contorl_hp|pp_erase_wait_cnt[32], ;
;                                                         ; due to stuck port data_in ; flash_contorl:flash_contorl_hp|pp_erase_wait_cnt[31], ;
;                                                         ;                           ; flash_contorl:flash_contorl_hp|pp_erase_wait_cnt[30], ;
;                                                         ;                           ; flash_contorl:flash_contorl_hp|pp_erase_wait_cnt[29], ;
;                                                         ;                           ; flash_contorl:flash_contorl_hp|pp_erase_wait_cnt[28], ;
;                                                         ;                           ; flash_contorl:flash_contorl_hp|pp_erase_wait_cnt[27], ;
;                                                         ;                           ; flash_contorl:flash_contorl_hp|pp_erase_wait_cnt[26], ;
;                                                         ;                           ; flash_contorl:flash_contorl_hp|pp_erase_wait_cnt[25], ;
;                                                         ;                           ; flash_contorl:flash_contorl_hp|pp_erase_wait_cnt[24], ;
;                                                         ;                           ; flash_contorl:flash_contorl_hp|pp_erase_wait_cnt[23], ;
;                                                         ;                           ; flash_contorl:flash_contorl_hp|pp_erase_wait_cnt[22], ;
;                                                         ;                           ; flash_contorl:flash_contorl_hp|pp_erase_wait_cnt[21], ;
;                                                         ;                           ; flash_contorl:flash_contorl_hp|pp_erase_wait_cnt[20], ;
;                                                         ;                           ; flash_contorl:flash_contorl_hp|pp_erase_wait_cnt[19], ;
;                                                         ;                           ; flash_contorl:flash_contorl_hp|pp_erase_wait_cnt[18], ;
;                                                         ;                           ; flash_contorl:flash_contorl_hp|pp_erase_wait_cnt[17], ;
;                                                         ;                           ; flash_contorl:flash_contorl_hp|pp_erase_wait_cnt[16], ;
;                                                         ;                           ; flash_contorl:flash_contorl_hp|pp_erase_wait_cnt[15], ;
;                                                         ;                           ; flash_contorl:flash_contorl_hp|pp_erase_wait_cnt[14], ;
;                                                         ;                           ; flash_contorl:flash_contorl_hp|pp_erase_wait_cnt[13], ;
;                                                         ;                           ; flash_contorl:flash_contorl_hp|pp_erase_wait_cnt[12], ;
;                                                         ;                           ; flash_contorl:flash_contorl_hp|pp_erase_wait_cnt[11], ;
;                                                         ;                           ; flash_contorl:flash_contorl_hp|pp_erase_wait_cnt[10], ;
;                                                         ;                           ; flash_contorl:flash_contorl_hp|pp_erase_wait_cnt[9],  ;
;                                                         ;                           ; flash_contorl:flash_contorl_hp|pp_erase_wait_cnt[8],  ;
;                                                         ;                           ; flash_contorl:flash_contorl_hp|pp_erase_wait_cnt[7],  ;
;                                                         ;                           ; flash_contorl:flash_contorl_hp|pp_erase_wait_cnt[6],  ;
;                                                         ;                           ; flash_contorl:flash_contorl_hp|pp_erase_wait_cnt[5],  ;
;                                                         ;                           ; flash_contorl:flash_contorl_hp|pp_erase_wait_cnt[4],  ;
;                                                         ;                           ; flash_contorl:flash_contorl_hp|pp_erase_wait_cnt[3],  ;
;                                                         ;                           ; flash_contorl:flash_contorl_hp|pp_erase_wait_cnt[2],  ;
;                                                         ;                           ; flash_contorl:flash_contorl_hp|pp_erase_wait_cnt[1],  ;
;                                                         ;                           ; flash_contorl:flash_contorl_hp|pp_erase_wait_cnt[0]   ;
; flash_contorl:flash_contorl_hp|state.Flash_Sector_Erase ; Stuck at GND              ; flash_contorl:flash_contorl_hp|spi_write_data[6]      ;
;                                                         ; due to stuck port data_in ;                                                       ;
; flash_contorl:flash_contorl_hp|state.Flash_Page_Program ; Stuck at GND              ; flash_contorl:flash_contorl_hp|spi_write_data[5]      ;
;                                                         ; due to stuck port data_in ;                                                       ;
+---------------------------------------------------------+---------------------------+-------------------------------------------------------+


+------------------------------------------------------+
; General Register Statistics                          ;
+----------------------------------------------+-------+
; Statistic                                    ; Value ;
+----------------------------------------------+-------+
; Total registers                              ; 122   ;
; Number of registers using Synchronous Clear  ; 10    ;
; Number of registers using Synchronous Load   ; 0     ;
; Number of registers using Asynchronous Clear ; 121   ;
; Number of registers using Asynchronous Load  ; 0     ;
; Number of registers using Clock Enable       ; 68    ;
; Number of registers using Preset             ; 0     ;
+----------------------------------------------+-------+


+----------------------------------------------------------------------------------+
; Inverted Register Statistics                                                     ;
+------------------------------------------------------------------------+---------+
; Inverted Register                                                      ; Fan out ;
+------------------------------------------------------------------------+---------+
; flash_contorl:flash_contorl_hp|spi_master:inst_spi_master|spi_clk_reg  ; 10      ;
; flash_contorl:flash_contorl_hp|spi_master:inst_spi_master|spi_mosi_reg ; 1       ;
; flash_contorl:flash_contorl_hp|spi_csn_reg                             ; 1       ;
; segdisplay:segdisplay_inst|seg_data[0]                                 ; 1       ;
; segdisplay:segdisplay_inst|seg_data[1]                                 ; 1       ;
; segdisplay:segdisplay_inst|seg_data[2]                                 ; 1       ;
; segdisplay:segdisplay_inst|seg_data[3]                                 ; 1       ;
; segdisplay:segdisplay_inst|seg_data[4]                                 ; 1       ;
; segdisplay:segdisplay_inst|seg_data[5]                                 ; 1       ;
; segdisplay:segdisplay_inst|seg_data[6]                                 ; 1       ;
; segdisplay:segdisplay_inst|seg_a0[0]                                   ; 1       ;
; segdisplay:segdisplay_inst|seg_a0[1]                                   ; 1       ;
; segdisplay:segdisplay_inst|seg_a0[2]                                   ; 1       ;
; segdisplay:segdisplay_inst|seg_a0[3]                                   ; 1       ;
; segdisplay:segdisplay_inst|seg_a0[4]                                   ; 1       ;
; segdisplay:segdisplay_inst|seg_a0[5]                                   ; 1       ;
; segdisplay:segdisplay_inst|seg_a0[6]                                   ; 1       ;
; segdisplay:segdisplay_inst|seg_a0[7]                                   ; 1       ;
; read_id                                                                ; 5       ;
; Total number of inverted registers = 19                                ;         ;
+------------------------------------------------------------------------+---------+


+------------------------------------------------------------------------------------------------------------------------------------------------------------------------------------------------------+
; Multiplexer Restructuring Statistics (Restructuring Performed)                                                                                                                                       ;
+--------------------+-----------+---------------+----------------------+------------------------+------------+----------------------------------------------------------------------------------------+
; Multiplexer Inputs ; Bus Width ; Baseline Area ; Area if Restructured ; Saving if Restructured ; Registered ; Example Multiplexer Output                                                             ;
+--------------------+-----------+---------------+----------------------+------------------------+------------+----------------------------------------------------------------------------------------+
; 3:1                ; 4 bits    ; 8 LEs         ; 4 LEs                ; 4 LEs                  ; Yes        ; |top|flash_contorl:flash_contorl_hp|spi_master:inst_spi_master|spi_rev_send_bit_cnt[2] ;
; 3:1                ; 10 bits   ; 20 LEs        ; 10 LEs               ; 10 LEs                 ; Yes        ; |top|flash_contorl:flash_contorl_hp|spi_wr_byte_cnt[8]                                 ;
; 3:1                ; 8 bits    ; 16 LEs        ; 8 LEs                ; 8 LEs                  ; Yes        ; |top|flash_contorl:flash_contorl_hp|spi_master:inst_spi_master|write_data_reg[7]       ;
; 4:1                ; 2 bits    ; 4 LEs         ; 4 LEs                ; 0 LEs                  ; Yes        ; |top|flash_contorl:flash_contorl_hp|spi_write_data[6]                                  ;
; 4:1                ; 2 bits    ; 4 LEs         ; 4 LEs                ; 0 LEs                  ; Yes        ; |top|flash_contorl:flash_contorl_hp|spi_write_data[7]                                  ;
; 8:1                ; 4 bits    ; 20 LEs        ; 16 LEs               ; 4 LEs                  ; Yes        ; |top|segdisplay:segdisplay_inst|num[3]                                                 ;
+--------------------+-----------+---------------+----------------------+------------------------+------------+----------------------------------------------------------------------------------------+


+------------------------------------------------------------------------------------------------------------------------------------------------------------------------------------------------------------------------------------+
; Port Connectivity Checks: "flash_contorl:flash_contorl_hp"                                                                                                                                                                         ;
+--------------------------+--------+----------+-------------------------------------------------------------------------------------------------------------------------------------------------------------------------------------+
; Port                     ; Type   ; Severity ; Details                                                                                                                                                                             ;
+--------------------------+--------+----------+-------------------------------------------------------------------------------------------------------------------------------------------------------------------------------------+
; read_id_end              ; Output ; Info     ; Explicitly unconnected                                                                                                                                                              ;
; read_req                 ; Input  ; Info     ; Stuck at GND                                                                                                                                                                        ;
; read_addr                ; Input  ; Warning  ; Input port expression (32 bits) is wider than the input port (24 bits) it drives.  The 8 most-significant bit(s) in the expression will be dangling if they have no other fanouts.  ;
; read_addr[23..0]         ; Input  ; Info     ; Stuck at GND                                                                                                                                                                        ;
; read_size                ; Input  ; Warning  ; Input port expression (32 bits) is wider than the input port (10 bits) it drives.  The 22 most-significant bit(s) in the expression will be dangling if they have no other fanouts. ;
; read_size[7..0]          ; Input  ; Info     ; Stuck at GND                                                                                                                                                                        ;
; read_size[9]             ; Input  ; Info     ; Stuck at GND                                                                                                                                                                        ;
; read_size[8]             ; Input  ; Info     ; Stuck at VCC                                                                                                                                                                        ;
; read_data                ; Output ; Info     ; Explicitly unconnected                                                                                                                                                              ;
; read_ack                 ; Output ; Info     ; Explicitly unconnected                                                                                                                                                              ;
; read_end                 ; Output ; Info     ; Explicitly unconnected                                                                                                                                                              ;
; write_enable_req         ; Input  ; Info     ; Stuck at GND                                                                                                                                                                        ;
; write_enable_end         ; Output ; Info     ; Connected to dangling logic. Logic that only feeds a dangling port will be removed.                                                                                                 ;
; write_req                ; Input  ; Info     ; Stuck at GND                                                                                                                                                                        ;
; write_page               ; Input  ; Warning  ; Input port expression (32 bits) is wider than the input port (24 bits) it drives.  The 8 most-significant bit(s) in the expression will be dangling if they have no other fanouts.  ;
; write_page[23..0]        ; Input  ; Info     ; Stuck at GND                                                                                                                                                                        ;
; write_size               ; Input  ; Warning  ; Input port expression (32 bits) is wider than the input port (9 bits) it drives.  The 23 most-significant bit(s) in the expression will be dangling if they have no other fanouts.  ;
; write_size[7..0]         ; Input  ; Info     ; Stuck at GND                                                                                                                                                                        ;
; write_size[8]            ; Input  ; Info     ; Stuck at VCC                                                                                                                                                                        ;
; write_data[5..2]         ; Input  ; Info     ; Stuck at VCC                                                                                                                                                                        ;
; write_data[1..0]         ; Input  ; Info     ; Stuck at GND                                                                                                                                                                        ;
; write_data[7]            ; Input  ; Info     ; Stuck at VCC                                                                                                                                                                        ;
; write_data[6]            ; Input  ; Info     ; Stuck at GND                                                                                                                                                                        ;
; write_ack                ; Output ; Info     ; Connected to dangling logic. Logic that only feeds a dangling port will be removed.                                                                                                 ;
; write_end                ; Output ; Info     ; Connected to dangling logic. Logic that only feeds a dangling port will be removed.                                                                                                 ;
; erase_sector_req         ; Input  ; Info     ; Stuck at GND                                                                                                                                                                        ;
; erase_sector_addr        ; Input  ; Warning  ; Input port expression (32 bits) is wider than the input port (24 bits) it drives.  The 8 most-significant bit(s) in the expression will be dangling if they have no other fanouts.  ;
; erase_sector_addr[23..0] ; Input  ; Info     ; Stuck at GND                                                                                                                                                                        ;
; erase_sector_end         ; Output ; Info     ; Connected to dangling logic. Logic that only feeds a dangling port will be removed.                                                                                                 ;
; erase_bulk_req           ; Input  ; Info     ; Stuck at GND                                                                                                                                                                        ;
; erase_bulk_end           ; Output ; Info     ; Explicitly unconnected                                                                                                                                                              ;
+--------------------------+--------+----------+-------------------------------------------------------------------------------------------------------------------------------------------------------------------------------------+


+--------------------------------------------------------+
; Port Connectivity Checks: "segdisplay:segdisplay_inst" ;
+-------------------+-------+----------+-----------------+
; Port              ; Type  ; Severity ; Details         ;
+-------------------+-------+----------+-----------------+
; seg_number_in[31] ; Input ; Info     ; Stuck at VCC    ;
; seg_number_in[30] ; Input ; Info     ; Stuck at GND    ;
; seg_number_in[29] ; Input ; Info     ; Stuck at VCC    ;
; seg_number_in[28] ; Input ; Info     ; Stuck at GND    ;
; seg_number_in[27] ; Input ; Info     ; Stuck at VCC    ;
; seg_number_in[26] ; Input ; Info     ; Stuck at GND    ;
; seg_number_in[25] ; Input ; Info     ; Stuck at VCC    ;
; seg_number_in[24] ; Input ; Info     ; Stuck at GND    ;
+-------------------+-------+----------+-----------------+


+-----------------------------------------------------+
; Post-Synthesis Netlist Statistics for Top Partition ;
+-----------------------+-----------------------------+
; Type                  ; Count                       ;
+-----------------------+-----------------------------+
; boundary_port         ; 22                          ;
; cycloneiii_ff         ; 122                         ;
;     CLR               ; 54                          ;
;     ENA               ; 1                           ;
;     ENA CLR           ; 57                          ;
;     ENA CLR SCLR      ; 10                          ;
; cycloneiii_lcell_comb ; 155                         ;
;     arith             ; 40                          ;
;         2 data inputs ; 40                          ;
;     normal            ; 115                         ;
;         0 data inputs ; 1                           ;
;         1 data inputs ; 22                          ;
;         2 data inputs ; 17                          ;
;         3 data inputs ; 24                          ;
;         4 data inputs ; 51                          ;
;                       ;                             ;
; Max LUT depth         ; 4.10                        ;
; Average LUT depth     ; 2.35                        ;
+-----------------------+-----------------------------+


+-------------------------------+
; Elapsed Time Per Partition    ;
+----------------+--------------+
; Partition Name ; Elapsed Time ;
+----------------+--------------+
; Top            ; 00:00:00     ;
+----------------+--------------+


+-------------------------------+
; Analysis & Synthesis Messages ;
+-------------------------------+
Info: *******************************************************************
Info: Running Quartus Prime Analysis & Synthesis
    Info: Version 23.1std.1 Build 993 05/14/2024 SC Lite Edition
    Info: Processing started: Fri Oct 18 11:35:50 2024
Info: Command: quartus_map --read_settings_files=on --write_settings_files=off mem_flash -c top
Warning (18236): Number of processors has not been specified which may cause overloading on shared machines.  Set the global assignment NUM_PARALLEL_PROCESSORS in your QSF to an appropriate value for best performance.
Info (20030): Parallel compilation is enabled and will use 4 of the 4 processors detected
Info (12021): Found 1 design units, including 1 entities, in source file top.v
    Info (12023): Found entity 1: top File: E:/Work/[023] LQ Contest/Contest Learning Kits/Documents/CT137A/Example/EX16_Mem_Flash/top.v Line: 1
Info (12021): Found 1 design units, including 1 entities, in source file spi_master.v
    Info (12023): Found entity 1: spi_master File: E:/Work/[023] LQ Contest/Contest Learning Kits/Documents/CT137A/Example/EX16_Mem_Flash/spi_master.v Line: 1
Info (12021): Found 1 design units, including 1 entities, in source file seg.v
    Info (12023): Found entity 1: segdisplay File: E:/Work/[023] LQ Contest/Contest Learning Kits/Documents/CT137A/Example/EX16_Mem_Flash/seg.v Line: 1
Info (12021): Found 1 design units, including 1 entities, in source file flash.v
    Info (12023): Found entity 1: flash_contorl File: E:/Work/[023] LQ Contest/Contest Learning Kits/Documents/CT137A/Example/EX16_Mem_Flash/flash.v Line: 1
Warning (10236): Verilog HDL Implicit Net warning at spi_master.v(37): created implicit net for "spi_csn" File: E:/Work/[023] LQ Contest/Contest Learning Kits/Documents/CT137A/Example/EX16_Mem_Flash/spi_master.v Line: 37
Info (12127): Elaborating entity "top" for the top level hierarchy
Warning (10858): Verilog HDL warning at top.v(22): object state used but never assigned File: E:/Work/[023] LQ Contest/Contest Learning Kits/Documents/CT137A/Example/EX16_Mem_Flash/top.v Line: 22
Warning (10240): Verilog HDL Always Construct warning at top.v(45): inferring latch(es) for variable "data", which holds its previous value in one or more paths through the always construct File: E:/Work/[023] LQ Contest/Contest Learning Kits/Documents/CT137A/Example/EX16_Mem_Flash/top.v Line: 45
Warning (10030): Net "state.s_erase" at top.v(22) has no driver or initial value, using a default initial value '0' File: E:/Work/[023] LQ Contest/Contest Learning Kits/Documents/CT137A/Example/EX16_Mem_Flash/top.v Line: 22
Warning (10030): Net "state.s_wb" at top.v(22) has no driver or initial value, using a default initial value '0' File: E:/Work/[023] LQ Contest/Contest Learning Kits/Documents/CT137A/Example/EX16_Mem_Flash/top.v Line: 22
Warning (10030): Net "state.s_w" at top.v(22) has no driver or initial value, using a default initial value '0' File: E:/Work/[023] LQ Contest/Contest Learning Kits/Documents/CT137A/Example/EX16_Mem_Flash/top.v Line: 22
Warning (10030): Net "state.s_r" at top.v(22) has no driver or initial value, using a default initial value '0' File: E:/Work/[023] LQ Contest/Contest Learning Kits/Documents/CT137A/Example/EX16_Mem_Flash/top.v Line: 22
Warning (10030): Net "state.s_wb2" at top.v(22) has no driver or initial value, using a default initial value '0' File: E:/Work/[023] LQ Contest/Contest Learning Kits/Documents/CT137A/Example/EX16_Mem_Flash/top.v Line: 22
Info (10041): Inferred latch for "data[0]" at top.v(45) File: E:/Work/[023] LQ Contest/Contest Learning Kits/Documents/CT137A/Example/EX16_Mem_Flash/top.v Line: 45
Info (10041): Inferred latch for "data[1]" at top.v(45) File: E:/Work/[023] LQ Contest/Contest Learning Kits/Documents/CT137A/Example/EX16_Mem_Flash/top.v Line: 45
Info (10041): Inferred latch for "data[2]" at top.v(45) File: E:/Work/[023] LQ Contest/Contest Learning Kits/Documents/CT137A/Example/EX16_Mem_Flash/top.v Line: 45
Info (10041): Inferred latch for "data[3]" at top.v(45) File: E:/Work/[023] LQ Contest/Contest Learning Kits/Documents/CT137A/Example/EX16_Mem_Flash/top.v Line: 45
Info (10041): Inferred latch for "data[4]" at top.v(45) File: E:/Work/[023] LQ Contest/Contest Learning Kits/Documents/CT137A/Example/EX16_Mem_Flash/top.v Line: 45
Info (10041): Inferred latch for "data[5]" at top.v(45) File: E:/Work/[023] LQ Contest/Contest Learning Kits/Documents/CT137A/Example/EX16_Mem_Flash/top.v Line: 45
Info (10041): Inferred latch for "data[6]" at top.v(45) File: E:/Work/[023] LQ Contest/Contest Learning Kits/Documents/CT137A/Example/EX16_Mem_Flash/top.v Line: 45
Info (10041): Inferred latch for "data[7]" at top.v(45) File: E:/Work/[023] LQ Contest/Contest Learning Kits/Documents/CT137A/Example/EX16_Mem_Flash/top.v Line: 45
Info (12128): Elaborating entity "segdisplay" for hierarchy "segdisplay:segdisplay_inst" File: E:/Work/[023] LQ Contest/Contest Learning Kits/Documents/CT137A/Example/EX16_Mem_Flash/top.v Line: 61
Info (12128): Elaborating entity "flash_contorl" for hierarchy "flash_contorl:flash_contorl_hp" File: E:/Work/[023] LQ Contest/Contest Learning Kits/Documents/CT137A/Example/EX16_Mem_Flash/top.v Line: 99
Info (12128): Elaborating entity "spi_master" for hierarchy "flash_contorl:flash_contorl_hp|spi_master:inst_spi_master" File: E:/Work/[023] LQ Contest/Contest Learning Kits/Documents/CT137A/Example/EX16_Mem_Flash/flash.v Line: 350
Warning (10036): Verilog HDL or VHDL warning at spi_master.v(37): object "spi_csn" assigned a value but never read File: E:/Work/[023] LQ Contest/Contest Learning Kits/Documents/CT137A/Example/EX16_Mem_Flash/spi_master.v Line: 37
Warning (10858): Verilog HDL warning at spi_master.v(31): object spi_csn_reg used but never assigned File: E:/Work/[023] LQ Contest/Contest Learning Kits/Documents/CT137A/Example/EX16_Mem_Flash/spi_master.v Line: 31
Warning (12241): 1 hierarchies have connectivity warnings - see the Connectivity Checks report folder
Info (13000): Registers with preset signals will power-up high File: E:/Work/[023] LQ Contest/Contest Learning Kits/Documents/CT137A/Example/EX16_Mem_Flash/spi_master.v Line: 109
Info (13003): DEV_CLRn pin will set, and not reset, register with preset signal due to NOT Gate Push-Back
Warning (13024): Output pins are stuck at VCC or GND
    Warning (13410): Pin "seg_dig[7]" is stuck at VCC File: E:/Work/[023] LQ Contest/Contest Learning Kits/Documents/CT137A/Example/EX16_Mem_Flash/top.v Line: 9
Info (286030): Timing-Driven Synthesis is running
Info (17049): 12 registers lost all their fanouts during netlist optimizations.
Info (144001): Generated suppressed messages file E:/Work/[023] LQ Contest/Contest Learning Kits/Documents/CT137A/Example/EX16_Mem_Flash/output_files/top.map.smsg
Info (16010): Generating hard_block partition "hard_block:auto_generated_inst"
    Info (16011): Adding 0 node(s), including 0 DDIO, 0 PLL, 0 transceiver and 0 LCELL
Info (21057): Implemented 193 device resources after synthesis - the final resource count might be different
    Info (21058): Implemented 3 input pins
    Info (21059): Implemented 19 output pins
    Info (21061): Implemented 171 logic cells
Info: Quartus Prime Analysis & Synthesis was successful. 0 errors, 14 warnings
    Info: Peak virtual memory: 4756 megabytes
    Info: Processing ended: Fri Oct 18 11:36:02 2024
    Info: Elapsed time: 00:00:12
    Info: Total CPU time (on all processors): 00:00:23


+------------------------------------------+
; Analysis & Synthesis Suppressed Messages ;
+------------------------------------------+
The suppressed messages can be found in E:/Work/[023] LQ Contest/Contest Learning Kits/Documents/CT137A/Example/EX16_Mem_Flash/output_files/top.map.smsg.


